[Sat Jan 10 12:07:18 2026] ohci-pci 0000:00:06.0: irq 22, io mem 0xf0804000
[Sat Jan 10 12:07:18 2026] usb usb2: New USB device found, idVendor=1d6b, idProduct=0001, bcdDevice= 6.14
[Sat Jan 10 12:07:18 2026] usb usb2: New USB device strings: Mfr=3, Product=2, SerialNumber=1
[Sat Jan 10 12:07:18 2026] usb usb2: Product: OHCI PCI host controller
[Sat Jan 10 12:07:18 2026] usb usb2: Manufacturer: Linux 6.14.0-37-generic ohci_hcd
[Sat Jan 10 12:07:18 2026] usb usb2: SerialNumber: 0000:00:06.0
[Sat Jan 10 12:07:18 2026] hub 2-0:1.0: USB hub found
[Sat Jan 10 12:07:18 2026] hub 2-0:1.0: 12 ports detected
[Sat Jan 10 12:07:18 2026] i8042: PNP: PS/2 Controller [PNP0303:PS2K,PNP0f03:PS2M] at 0x60,0x64 irq 1,12
[Sat Jan 10 12:07:18 2026] serio: i8042 KBD port at 0x60,0x64 irq 1
[Sat Jan 10 12:07:18 2026] serio: i8042 AUX port at 0x60,0x64 irq 12
[Sat Jan 10 12:07:18 2026] mousedev: PS/2 mouse device common for all mice
[Sat Jan 10 12:07:18 2026] input: AT Translated Set 2 keyboard as /devices/platform/i8042/serio0/input/input2
[Sat Jan 10 12:07:18 2026] rtc_cmos rtc_cmos: registered as rtc0
[Sat Jan 10 12:07:18 2026] rtc_cmos rtc_cmos: setting system clock to 2026-01-10T12:07:17 UTC (1768046837)
[Sat Jan 10 12:07:18 2026] rtc_cmos rtc_cmos: alarms up to one day, 114 bytes nvram
[Sat Jan 10 12:07:18 2026] i2c_dev: i2c /dev entries driver
[Sat Jan 10 12:07:18 2026] device-mapper: core: CONFIG_IMA_DISABLE_HTABLE is disabled. Duplicate IMA measurements will not be recorded in the IMA log.
[Sat Jan 10 12:07:18 2026] device-mapper: uevent: version 1.0.3
[Sat Jan 10 12:07:18 2026] device-mapper: ioctl: 4.49.0-ioctl (2025-01-17) initialised: dm-devel@lists.linux.dev
[Sat Jan 10 12:07:18 2026] amd_pstate: The CPPC feature is supported but currently disabled by the BIOS.
                           Please enable it if your BIOS has the CPPC option.
[Sat Jan 10 12:07:18 2026] amd_pstate: the _CPC object is not present in SBIOS or ACPI disabled
[Sat Jan 10 12:07:18 2026] drop_monitor: Initializing network drop monitor service
[Sat Jan 10 12:07:18 2026] NET: Registered PF_INET6 protocol family
[Sat Jan 10 12:07:18 2026] Freeing initrd memory: 73604K
[Sat Jan 10 12:07:18 2026] Segment Routing with IPv6
[Sat Jan 10 12:07:18 2026] In-situ OAM (IOAM) with IPv6
[Sat Jan 10 12:07:18 2026] NET: Registered PF_PACKET protocol family
[Sat Jan 10 12:07:18 2026] Key type dns_resolver registered
[Sat Jan 10 12:07:18 2026] IPI shorthand broadcast: enabled
[Sat Jan 10 12:07:18 2026] sched_clock: Marking stable (446248171, 9232599)->(463486423, -8005653)
[Sat Jan 10 12:07:18 2026] registered taskstats version 1
[Sat Jan 10 12:07:18 2026] Loading compiled-in X.509 certificates
[Sat Jan 10 12:07:18 2026] Loaded X.509 cert 'Build time autogenerated kernel key: b878835a90265075bf75bb69cfcef4210fdf14ae'
[Sat Jan 10 12:07:18 2026] Loaded X.509 cert 'Canonical Ltd. Live Patch Signing 2025 Kmod: d541cef61dc7e793b7eb7e899970a2eef0b5dc8c'
[Sat Jan 10 12:07:18 2026] Loaded X.509 cert 'Canonical Ltd. Live Patch Signing: 14df34d1a87cf37625abec039ef2bf521249b969'
[Sat Jan 10 12:07:18 2026] Loaded X.509 cert 'Canonical Ltd. Kernel Module Signing: 88f752e560a1e0737e31163a466ad7b70a850c19'
[Sat Jan 10 12:07:18 2026] blacklist: Loading compiled-in revocation X.509 certificates
[Sat Jan 10 12:07:18 2026] Loaded X.509 cert 'Canonical Ltd. Secure Boot Signing: 61482aa2830d0ab2ad5af10b7250da9033ddcef0'
[Sat Jan 10 12:07:18 2026] Loaded X.509 cert 'Canonical Ltd. Secure Boot Signing (2017): 242ade75ac4a15e50d50c84b0d45ff3eae707a03'
[Sat Jan 10 12:07:18 2026] Loaded X.509 cert 'Canonical Ltd. Secure Boot Signing (ESM 2018): 365188c1d374d6b07c3c8f240f8ef722433d6a8b'
[Sat Jan 10 12:07:18 2026] Loaded X.509 cert 'Canonical Ltd. Secure Boot Signing (2019): c0746fd6c5da3ae827864651ad66ae47fe24b3e8'
[Sat Jan 10 12:07:18 2026] Loaded X.509 cert 'Canonical Ltd. Secure Boot Signing (2021 v1): a8d54bbb3825cfb94fa13c9f8a594a195c107b8d'
[Sat Jan 10 12:07:18 2026] Loaded X.509 cert 'Canonical Ltd. Secure Boot Signing (2021 v2): 4cf046892d6fd3c9a5b03f98d845f90851dc6a8c'
[Sat Jan 10 12:07:18 2026] Loaded X.509 cert 'Canonical Ltd. Secure Boot Signing (2021 v3): 100437bb6de6e469b581e61cd66bce3ef4ed53af'
[Sat Jan 10 12:07:18 2026] Loaded X.509 cert 'Canonical Ltd. Secure Boot Signing (Ubuntu Core 2019): c1d57b8f6b743f23ee41f4f7ee292f06eecadfb9'
[Sat Jan 10 12:07:18 2026] Demotion targets for Node 0: null
[Sat Jan 10 12:07:18 2026] Key type .fscrypt registered
[Sat Jan 10 12:07:18 2026] Key type fscrypt-provisioning registered
[Sat Jan 10 12:07:18 2026] Key type encrypted registered
[Sat Jan 10 12:07:18 2026] AppArmor: AppArmor sha256 policy hashing enabled
[Sat Jan 10 12:07:18 2026] ima: No TPM chip found, activating TPM-bypass!
[Sat Jan 10 12:07:18 2026] Loading compiled-in module X.509 certificates
[Sat Jan 10 12:07:18 2026] Loaded X.509 cert 'Build time autogenerated kernel key: b878835a90265075bf75bb69cfcef4210fdf14ae'
[Sat Jan 10 12:07:18 2026] ima: Allocated hash algorithm: sha256
[Sat Jan 10 12:07:18 2026] ima: No architecture policies found
[Sat Jan 10 12:07:18 2026] evm: Initialising EVM extended attributes:
[Sat Jan 10 12:07:18 2026] evm: security.selinux
[Sat Jan 10 12:07:18 2026] evm: security.SMACK64
[Sat Jan 10 12:07:18 2026] evm: security.SMACK64EXEC
[Sat Jan 10 12:07:18 2026] evm: security.SMACK64TRANSMUTE
[Sat Jan 10 12:07:18 2026] evm: security.SMACK64MMAP
[Sat Jan 10 12:07:18 2026] evm: security.apparmor
[Sat Jan 10 12:07:18 2026] evm: security.ima
[Sat Jan 10 12:07:18 2026] evm: security.capability
[Sat Jan 10 12:07:18 2026] evm: HMAC attrs: 0x1
[Sat Jan 10 12:07:18 2026] PM:   Magic number: 10:57:127
[Sat Jan 10 12:07:18 2026] acpi device:02: hash matches
[Sat Jan 10 12:07:18 2026] RAS: Correctable Errors collector initialized.
[Sat Jan 10 12:07:18 2026] clk: Disabling unused clocks
[Sat Jan 10 12:07:18 2026] PM: genpd: Disabling unused power domains
[Sat Jan 10 12:07:18 2026] ata1.00: ATAPI: VBOX CD-ROM, 1.0, max UDMA/133
[Sat Jan 10 12:07:18 2026] scsi 0:0:0:0: CD-ROM            VBOX     CD-ROM           1.0  PQ: 0 ANSI: 5
[Sat Jan 10 12:07:18 2026] sr 0:0:0:0: [sr0] scsi3-mmc drive: 32x/32x xa/form2 tray
[Sat Jan 10 12:07:18 2026] cdrom: Uniform CD-ROM driver Revision: 3.20
[Sat Jan 10 12:07:19 2026] sr 0:0:0:0: Attached scsi CD-ROM sr0
[Sat Jan 10 12:07:19 2026] sr 0:0:0:0: Attached scsi generic sg0 type 5
[Sat Jan 10 12:07:19 2026] Freeing unused decrypted memory: 2028K
[Sat Jan 10 12:07:19 2026] Freeing unused kernel image (initmem) memory: 5140K
[Sat Jan 10 12:07:19 2026] Write protecting the kernel read-only data: 38912k
[Sat Jan 10 12:07:19 2026] Freeing unused kernel image (text/rodata gap) memory: 1052K
[Sat Jan 10 12:07:19 2026] Freeing unused kernel image (rodata/data gap) memory: 1312K
[Sat Jan 10 12:07:19 2026] x86/mm: Checked W+X mappings: passed, no W+X pages found.
[Sat Jan 10 12:07:19 2026] Run /init as init process
[Sat Jan 10 12:07:19 2026]   with arguments:
[Sat Jan 10 12:07:19 2026]     /init
[Sat Jan 10 12:07:19 2026]     splash
[Sat Jan 10 12:07:19 2026]   with environment:
[Sat Jan 10 12:07:19 2026]     HOME=/
[Sat Jan 10 12:07:19 2026]     TERM=linux
[Sat Jan 10 12:07:19 2026]     BOOT_IMAGE=/boot/vmlinuz-6.14.0-37-generic
[Sat Jan 10 12:07:19 2026] usb 2-1: new full-speed USB device number 2 using ohci-pci
[Sat Jan 10 12:07:19 2026] ahci 0000:00:0d.0: version 3.0
[Sat Jan 10 12:07:19 2026] ahci 0000:00:0d.0: SSS flag set, parallel bus scan disabled
[Sat Jan 10 12:07:19 2026] ahci 0000:00:0d.0: AHCI vers 0001.0100, 32 command slots, 3 Gbps, SATA mode
[Sat Jan 10 12:07:19 2026] ahci 0000:00:0d.0: 1/1 ports implemented (port mask 0x1)
[Sat Jan 10 12:07:19 2026] ahci 0000:00:0d.0: flags: 64bit ncq stag only ccc 
[Sat Jan 10 12:07:19 2026] ACPI: video: Video Device [GFX0] (multi-head: yes  rom: no  post: no)
[Sat Jan 10 12:07:19 2026] input: Video Bus as /devices/LNXSYSTM:00/LNXSYBUS:00/PNP0A03:00/LNXVIDEO:00/input/input4
[Sat Jan 10 12:07:19 2026] scsi host2: ahci
[Sat Jan 10 12:07:19 2026] e1000: Intel(R) PRO/1000 Network Driver
[Sat Jan 10 12:07:19 2026] e1000: Copyright (c) 1999-2006 Intel Corporation.
[Sat Jan 10 12:07:19 2026] input: ImExPS/2 Generic Explorer Mouse as /devices/platform/i8042/serio1/input/input5
[Sat Jan 10 12:07:19 2026] ata3: SATA max UDMA/133 abar m8192@0xf0806000 port 0xf0806100 irq 21 lpm-pol 0
[Sat Jan 10 12:07:19 2026] usb 2-1: New USB device found, idVendor=80ee, idProduct=0021, bcdDevice= 1.00
[Sat Jan 10 12:07:19 2026] usb 2-1: New USB device strings: Mfr=1, Product=3, SerialNumber=0
[Sat Jan 10 12:07:19 2026] usb 2-1: Product: USB Tablet
[Sat Jan 10 12:07:19 2026] usb 2-1: Manufacturer: VirtualBox
[Sat Jan 10 12:07:19 2026] hid: raw HID events driver (C) Jiri Kosina
[Sat Jan 10 12:07:19 2026] e1000 0000:00:03.0 eth0: (PCI:33MHz:32-bit) 08:00:27:63:c0:d1
[Sat Jan 10 12:07:19 2026] e1000 0000:00:03.0 eth0: Intel(R) PRO/1000 Network Connection
[Sat Jan 10 12:07:19 2026] ata3: SATA link up 3.0 Gbps (SStatus 123 SControl 300)
[Sat Jan 10 12:07:19 2026] ata3.00: ATA-6: VBOX HARDDISK, 1.0, max UDMA/133
[Sat Jan 10 12:07:19 2026] ata3.00: 20998800 sectors, multi 128: LBA48 NCQ (depth 32)
[Sat Jan 10 12:07:19 2026] ata3.00: configured for UDMA/133
[Sat Jan 10 12:07:19 2026] scsi 2:0:0:0: Direct-Access     ATA      VBOX HARDDISK    1.0  PQ: 0 ANSI: 5
[Sat Jan 10 12:07:19 2026] sd 2:0:0:0: Attached scsi generic sg1 type 0
[Sat Jan 10 12:07:19 2026] sd 2:0:0:0: [sda] 20998800 512-byte logical blocks: (10.8 GB/10.0 GiB)
[Sat Jan 10 12:07:19 2026] sd 2:0:0:0: [sda] Write Protect is off
[Sat Jan 10 12:07:19 2026] sd 2:0:0:0: [sda] Mode Sense: 00 3a 00 00
[Sat Jan 10 12:07:19 2026] sd 2:0:0:0: [sda] Write cache: enabled, read cache: enabled, doesn't support DPO or FUA
[Sat Jan 10 12:07:19 2026] sd 2:0:0:0: [sda] Preferred minimum I/O size 512 bytes
[Sat Jan 10 12:07:19 2026]  sda: sda1 sda2
[Sat Jan 10 12:07:19 2026] sd 2:0:0:0: [sda] Attached SCSI disk
[Sat Jan 10 12:07:19 2026] e1000 0000:00:03.0 enp0s3: renamed from eth0
[Sat Jan 10 12:07:19 2026] usbcore: registered new interface driver usbhid
[Sat Jan 10 12:07:19 2026] usbhid: USB HID core driver
[Sat Jan 10 12:07:19 2026] input: VirtualBox USB Tablet as /devices/pci0000:00/0000:00:06.0/usb2/2-1/2-1:1.0/0003:80EE:0021.0001/input/input6
[Sat Jan 10 12:07:19 2026] hid-generic 0003:80EE:0021.0001: input,hidraw0: USB HID v1.10 Mouse [VirtualBox USB Tablet] on usb-0000:00:06.0-1/input0
[Sat Jan 10 12:07:20 2026] EXT4-fs (sda2): mounted filesystem 1cd421a2-61ca-42a4-ad0f-280b7d9c9ed1 ro with ordered data mode. Quota mode: none.
[Sat Jan 10 12:07:20 2026] systemd[1]: Inserted module 'autofs4'
[Sat Jan 10 12:07:20 2026] systemd[1]: systemd 255.4-1ubuntu8.12 running in system mode (+PAM +AUDIT +SELINUX +APPARMOR +IMA +SMACK +SECCOMP +GCRYPT -GNUTLS +OPENSSL +ACL +BLKID +CURL +ELFUTILS +FIDO2 +IDN2 -IDN +IPTC +KMOD +LIBCRYPTSETUP +LIBFDISK +PCRE2 -PWQUALITY +P11KIT +QRENCODE +TPM2 +BZIP2 +LZ4 +XZ +ZLIB +ZSTD -BPF_FRAMEWORK -XKBCOMMON +UTMP +SYSVINIT default-hierarchy=unified)
[Sat Jan 10 12:07:20 2026] systemd[1]: Detected virtualization oracle.
[Sat Jan 10 12:07:20 2026] systemd[1]: Detected architecture x86-64.
[Sat Jan 10 12:07:20 2026] systemd[1]: Hostname set to <client>.
[Sat Jan 10 12:07:21 2026] systemd[1]: Queued start job for default target graphical.target.
[Sat Jan 10 12:07:21 2026] systemd[1]: Created slice system-modprobe.slice - Slice /system/modprobe.
[Sat Jan 10 12:07:21 2026] systemd[1]: Created slice user.slice - User and Session Slice.
[Sat Jan 10 12:07:21 2026] systemd[1]: Started systemd-ask-password-wall.path - Forward Password Requests to Wall Directory Watch.
[Sat Jan 10 12:07:21 2026] systemd[1]: Set up automount proc-sys-fs-binfmt_misc.automount - Arbitrary Executable File Formats File System Automount Point.
[Sat Jan 10 12:07:21 2026] systemd[1]: Reached target integritysetup.target - Local Integrity Protected Volumes.
[Sat Jan 10 12:07:21 2026] systemd[1]: Reached target remote-fs.target - Remote File Systems.
[Sat Jan 10 12:07:21 2026] systemd[1]: Reached target slices.target - Slice Units.
[Sat Jan 10 12:07:21 2026] systemd[1]: Reached target snapd.mounts-pre.target - Mounting snaps.
[Sat Jan 10 12:07:21 2026] systemd[1]: Reached target swap.target - Swaps.
[Sat Jan 10 12:07:21 2026] systemd[1]: Reached target veritysetup.target - Local Verity Protected Volumes.
[Sat Jan 10 12:07:21 2026] systemd[1]: Listening on syslog.socket - Syslog Socket.
[Sat Jan 10 12:07:21 2026] systemd[1]: Listening on systemd-fsckd.socket - fsck to fsckd communication Socket.
[Sat Jan 10 12:07:21 2026] systemd[1]: Listening on systemd-initctl.socket - initctl Compatibility Named Pipe.
[Sat Jan 10 12:07:21 2026] systemd[1]: Listening on systemd-journald-dev-log.socket - Journal Socket (/dev/log).
[Sat Jan 10 12:07:21 2026] systemd[1]: Listening on systemd-journald.socket - Journal Socket.
[Sat Jan 10 12:07:21 2026] systemd[1]: Listening on systemd-oomd.socket - Userspace Out-Of-Memory (OOM) Killer Socket.
[Sat Jan 10 12:07:21 2026] systemd[1]: systemd-pcrextend.socket - TPM2 PCR Extension (Varlink) was skipped because of an unmet condition check (ConditionSecurity=measured-uki).
[Sat Jan 10 12:07:21 2026] systemd[1]: Listening on systemd-udevd-control.socket - udev Control Socket.
[Sat Jan 10 12:07:21 2026] systemd[1]: Listening on systemd-udevd-kernel.socket - udev Kernel Socket.
[Sat Jan 10 12:07:21 2026] systemd[1]: Mounting dev-hugepages.mount - Huge Pages File System...
[Sat Jan 10 12:07:21 2026] systemd[1]: Mounting dev-mqueue.mount - POSIX Message Queue File System...
[Sat Jan 10 12:07:21 2026] systemd[1]: Mounting sys-kernel-debug.mount - Kernel Debug File System...
[Sat Jan 10 12:07:21 2026] systemd[1]: Mounting sys-kernel-tracing.mount - Kernel Trace File System...
[Sat Jan 10 12:07:21 2026] systemd[1]: Starting systemd-journald.service - Journal Service...
[Sat Jan 10 12:07:21 2026] systemd[1]: Starting keyboard-setup.service - Set the console keyboard layout...
[Sat Jan 10 12:07:21 2026] systemd[1]: Starting kmod-static-nodes.service - Create List of Static Device Nodes...
[Sat Jan 10 12:07:21 2026] systemd[1]: Starting modprobe@configfs.service - Load Kernel Module configfs...
[Sat Jan 10 12:07:21 2026] systemd[1]: Starting modprobe@dm_mod.service - Load Kernel Module dm_mod...
[Sat Jan 10 12:07:21 2026] systemd[1]: Starting modprobe@drm.service - Load Kernel Module drm...
[Sat Jan 10 12:07:21 2026] systemd-journald[245]: Collecting audit messages is disabled.
[Sat Jan 10 12:07:21 2026] systemd[1]: Starting modprobe@efi_pstore.service - Load Kernel Module efi_pstore...
[Sat Jan 10 12:07:21 2026] systemd[1]: Starting modprobe@fuse.service - Load Kernel Module fuse...
[Sat Jan 10 12:07:21 2026] systemd[1]: Starting modprobe@loop.service - Load Kernel Module loop...
[Sat Jan 10 12:07:21 2026] systemd[1]: systemd-fsck-root.service - File System Check on Root Device was skipped because of an unmet condition check (ConditionPathExists=!/run/initramfs/fsck-root).
[Sat Jan 10 12:07:21 2026] systemd[1]: Starting systemd-modules-load.service - Load Kernel Modules...
[Sat Jan 10 12:07:21 2026] systemd[1]: systemd-pcrmachine.service - TPM2 PCR Machine ID Measurement was skipped because of an unmet condition check (ConditionSecurity=measured-uki).
[Sat Jan 10 12:07:21 2026] systemd[1]: Starting systemd-remount-fs.service - Remount Root and Kernel File Systems...
[Sat Jan 10 12:07:21 2026] systemd[1]: systemd-tpm2-setup-early.service - TPM2 SRK Setup (Early) was skipped because of an unmet condition check (ConditionSecurity=measured-uki).
[Sat Jan 10 12:07:21 2026] systemd[1]: Starting systemd-udev-trigger.service - Coldplug All udev Devices...
[Sat Jan 10 12:07:21 2026] systemd[1]: Started systemd-journald.service - Journal Service.
[Sat Jan 10 12:07:21 2026] EXT4-fs (sda2): re-mounted 1cd421a2-61ca-42a4-ad0f-280b7d9c9ed1 r/w.
[Sat Jan 10 12:07:21 2026] lp: driver loaded but no devices found
[Sat Jan 10 12:07:21 2026] ppdev: user-space parallel port driver
[Sat Jan 10 12:07:21 2026] systemd-journald[245]: Received client request to flush runtime journal.
[Sat Jan 10 12:07:21 2026] systemd-journald[245]: File /var/log/journal/1043f7e7c4424d5da4703094e791bfa8/system.journal corrupted or uncleanly shut down, renaming and replacing.
[Sat Jan 10 12:07:21 2026] loop0: detected capacity change from 0 to 8
[Sat Jan 10 12:07:21 2026] loop1: detected capacity change from 0 to 151376
[Sat Jan 10 12:07:21 2026] loop2: detected capacity change from 0 to 151456
[Sat Jan 10 12:07:22 2026] loop3: detected capacity change from 0 to 22800
[Sat Jan 10 12:07:22 2026] loop4: detected capacity change from 0 to 502024
[Sat Jan 10 12:07:22 2026] loop5: detected capacity change from 0 to 513656
[Sat Jan 10 12:07:22 2026] loop6: detected capacity change from 0 to 37864
[Sat Jan 10 12:07:22 2026] loop7: detected capacity change from 0 to 1056784
[Sat Jan 10 12:07:22 2026] loop8: detected capacity change from 0 to 1057184
[Sat Jan 10 12:07:22 2026] loop9: detected capacity change from 0 to 187776
[Sat Jan 10 12:07:22 2026] loop10: detected capacity change from 0 to 22176
[Sat Jan 10 12:07:22 2026] loop11: detected capacity change from 0 to 1152
[Sat Jan 10 12:07:22 2026] loop12: detected capacity change from 0 to 98480
[Sat Jan 10 12:07:22 2026] loop13: detected capacity change from 0 to 104296
[Sat Jan 10 12:07:22 2026] audit: type=1400 audit(1768046840.917:2): apparmor="STATUS" operation="profile_load" profile="unconfined" name="1password" pid=351 comm="apparmor_parser"
[Sat Jan 10 12:07:22 2026] audit: type=1400 audit(1768046840.918:3): apparmor="STATUS" operation="profile_load" profile="unconfined" name="Discord" pid=352 comm="apparmor_parser"
[Sat Jan 10 12:07:22 2026] audit: type=1400 audit(1768046840.921:4): apparmor="STATUS" operation="profile_load" profile="unconfined" name="QtWebEngineProcess" pid=362 comm="apparmor_parser"
[Sat Jan 10 12:07:22 2026] audit: type=1400 audit(1768046840.922:5): apparmor="STATUS" operation="profile_load" profile="unconfined" name=4D6F6E676F444220436F6D70617373 pid=358 comm="apparmor_parser"
[Sat Jan 10 12:07:22 2026] audit: type=1400 audit(1768046840.928:6): apparmor="STATUS" operation="profile_load" profile="unconfined" name="balena-etcher" pid=363 comm="apparmor_parser"
[Sat Jan 10 12:07:22 2026] audit: type=1400 audit(1768046840.934:7): apparmor="STATUS" operation="profile_load" profile="unconfined" name="brave" pid=368 comm="apparmor_parser"
[Sat Jan 10 12:07:22 2026] audit: type=1400 audit(1768046840.936:8): apparmor="STATUS" operation="profile_load" profile="unconfined" name="buildah" pid=369 comm="apparmor_parser"
[Sat Jan 10 12:07:22 2026] audit: type=1400 audit(1768046840.941:9): apparmor="STATUS" operation="profile_load" profile="unconfined" name="busybox" pid=376 comm="apparmor_parser"
[Sat Jan 10 12:07:22 2026] audit: type=1400 audit(1768046840.943:10): apparmor="STATUS" operation="profile_load" profile="unconfined" name="cam" pid=377 comm="apparmor_parser"
[Sat Jan 10 12:07:22 2026] piix4_smbus 0000:00:07.0: SMBus Host Controller at 0x4100, revision 0
[Sat Jan 10 12:07:22 2026] vboxguest: host-version: 7.2.4r170995 0x8000000f
[Sat Jan 10 12:07:22 2026] vbg_heartbeat_init: Setting up heartbeat to trigger every 2000 milliseconds
[Sat Jan 10 12:07:22 2026] input: VirtualBox mouse integration as /devices/pci0000:00/0000:00:04.0/input/input7
[Sat Jan 10 12:07:22 2026] cryptd: max_cpu_qlen set to 1000
[Sat Jan 10 12:07:22 2026] vmwgfx 0000:00:02.0: vgaarb: deactivate vga console
[Sat Jan 10 12:07:22 2026] Console: switching to colour dummy device 80x25
[Sat Jan 10 12:07:22 2026] vmwgfx 0000:00:02.0: [drm] FIFO at 0x00000000f0000000 size is 2048 KiB
[Sat Jan 10 12:07:22 2026] vmwgfx 0000:00:02.0: [drm] VRAM at 0x00000000e0000000 size is 16384 KiB
[Sat Jan 10 12:07:22 2026] vmwgfx 0000:00:02.0: [drm] Running on SVGA version 2.
[Sat Jan 10 12:07:22 2026] vmwgfx 0000:00:02.0: [drm] Capabilities: rect copy, cursor, cursor bypass, cursor bypass 2, alpha cursor, extended fifo, pitchlock, irq mask, gmr, traces, gmr2, screen object 2, command buffers, command buffers 2, gbobject, 
[Sat Jan 10 12:07:22 2026] vmwgfx 0000:00:02.0: [drm] *ERROR* vmwgfx seems to be running on an unsupported hypervisor.
[Sat Jan 10 12:07:22 2026] vmwgfx 0000:00:02.0: [drm] *ERROR* This configuration is likely broken.
[Sat Jan 10 12:07:22 2026] vmwgfx 0000:00:02.0: [drm] *ERROR* Please switch to a supported graphics device to avoid problems.
[Sat Jan 10 12:07:22 2026] vmwgfx 0000:00:02.0: [drm] DMA map mode: Caching DMA mappings.
[Sat Jan 10 12:07:22 2026] vmwgfx 0000:00:02.0: [drm] Legacy memory limits: VRAM = 16384 KiB, FIFO = 2048 KiB, surface = 507904 KiB
[Sat Jan 10 12:07:22 2026] vmwgfx 0000:00:02.0: [drm] MOB limits: max mob size = 131072 KiB, max mob pages = 4096
[Sat Jan 10 12:07:22 2026] vmwgfx 0000:00:02.0: [drm] Max GMR ids is 8192
[Sat Jan 10 12:07:22 2026] vmwgfx 0000:00:02.0: [drm] Max number of GMR pages is 1048576
[Sat Jan 10 12:07:22 2026] vmwgfx 0000:00:02.0: [drm] Maximum display memory size is 16384 KiB
[Sat Jan 10 12:07:22 2026] vmwgfx 0000:00:02.0: [drm] Screen Target display unit initialized
[Sat Jan 10 12:07:22 2026] vmwgfx 0000:00:02.0: [drm] Fifo max 0x00200000 min 0x00001000 cap 0x00000355
[Sat Jan 10 12:07:22 2026] vmwgfx 0000:00:02.0: [drm] Using command buffers with DMA pool.
[Sat Jan 10 12:07:22 2026] vmwgfx 0000:00:02.0: [drm] Available shader model: Legacy.
[Sat Jan 10 12:07:22 2026] AES CTR mode by8 optimization enabled
[Sat Jan 10 12:07:22 2026] [drm] Initialized vmwgfx 2.20.0 for 0000:00:02.0 on minor 0
[Sat Jan 10 12:07:22 2026] fbcon: vmwgfxdrmfb (fb0) is primary device
[Sat Jan 10 12:07:22 2026] Console: switching to colour frame buffer device 160x50
[Sat Jan 10 12:07:22 2026] vmwgfx 0000:00:02.0: [drm] fb0: vmwgfxdrmfb frame buffer device
[Sat Jan 10 12:07:22 2026] intel_rapl_common: Found RAPL domain package
[Sat Jan 10 12:07:22 2026] intel_rapl_common: Found RAPL domain core
[Sat Jan 10 12:07:23 2026] snd_intel8x0 0000:00:05.0: allow list rate for 1028:0177 is 48000
[Sat Jan 10 12:07:23 2026] kauditd_printk_skb: 145 callbacks suppressed
[Sat Jan 10 12:07:23 2026] audit: type=1400 audit(1768046842.351:156): apparmor="STATUS" operation="profile_replace" info="same as current profile, skipping" profile="unconfined" name="rsyslogd" pid=823 comm="apparmor_parser"
[Sat Jan 10 12:07:23 2026] loop14: detected capacity change from 0 to 8
[Sat Jan 10 12:07:24 2026] NET: Registered PF_QIPCRTR protocol family
[Sat Jan 10 12:07:24 2026] audit: type=1400 audit(1768046842.945:157): apparmor="STATUS" operation="profile_replace" profile="unconfined" name="/usr/lib/snapd/snap-confine" pid=1010 comm="apparmor_parser"
[Sat Jan 10 12:07:24 2026] audit: type=1400 audit(1768046842.951:158): apparmor="STATUS" operation="profile_replace" profile="unconfined" name="/usr/lib/snapd/snap-confine//mount-namespace-capture-helper" pid=1010 comm="apparmor_parser"
[Sat Jan 10 12:07:24 2026] e1000: enp0s3 NIC Link is Up 1000 Mbps Full Duplex, Flow Control: RX
[Sat Jan 10 12:07:24 2026] audit: type=1400 audit(1768046843.582:159): apparmor="DENIED" operation="capable" class="cap" profile="/usr/sbin/cupsd" pid=1088 comm="cupsd" capability=12  capname="net_admin"
[Sat Jan 10 12:07:27 2026] rfkill: input handler disabled
[Sat Jan 10 12:07:36 2026] systemd-journald[245]: File /var/log/journal/1043f7e7c4424d5da4703094e791bfa8/user-1000.journal corrupted or uncleanly shut down, renaming and replacing.
[Sat Jan 10 12:46:04 2026] vhci_hcd vhci_hcd.0: USB/IP Virtual Host Controller
[Sat Jan 10 12:46:04 2026] vhci_hcd vhci_hcd.0: new USB bus registered, assigned bus number 3
[Sat Jan 10 12:46:04 2026] vhci_hcd: created sysfs vhci_hcd.0
[Sat Jan 10 12:46:04 2026] usb usb3: New USB device found, idVendor=1d6b, idProduct=0002, bcdDevice= 6.14
[Sat Jan 10 12:46:04 2026] usb usb3: New USB device strings: Mfr=3, Product=2, SerialNumber=1
[Sat Jan 10 12:46:04 2026] usb usb3: Product: USB/IP Virtual Host Controller
[Sat Jan 10 12:46:04 2026] usb usb3: Manufacturer: Linux 6.14.0-37-generic vhci_hcd
[Sat Jan 10 12:46:04 2026] usb usb3: SerialNumber: vhci_hcd.0
[Sat Jan 10 12:46:04 2026] hub 3-0:1.0: USB hub found
[Sat Jan 10 12:46:04 2026] hub 3-0:1.0: 8 ports detected
[Sat Jan 10 12:46:04 2026] vhci_hcd vhci_hcd.0: USB/IP Virtual Host Controller
[Sat Jan 10 12:46:04 2026] vhci_hcd vhci_hcd.0: new USB bus registered, assigned bus number 4
[Sat Jan 10 12:46:04 2026] usb usb4: We don't know the algorithms for LPM for this host, disabling LPM.
[Sat Jan 10 12:46:04 2026] usb usb4: New USB device found, idVendor=1d6b, idProduct=0003, bcdDevice= 6.14
[Sat Jan 10 12:46:04 2026] usb usb4: New USB device strings: Mfr=3, Product=2, SerialNumber=1
[Sat Jan 10 12:46:04 2026] usb usb4: Product: USB/IP Virtual Host Controller
[Sat Jan 10 12:46:04 2026] usb usb4: Manufacturer: Linux 6.14.0-37-generic vhci_hcd
[Sat Jan 10 12:46:04 2026] usb usb4: SerialNumber: vhci_hcd.0
[Sat Jan 10 12:46:04 2026] hub 4-0:1.0: USB hub found
[Sat Jan 10 12:46:04 2026] hub 4-0:1.0: 8 ports detected
[Sat Jan 10 12:46:05 2026] vhci_hcd vhci_hcd.0: pdev(0) rhport(0) sockfd(3)
[Sat Jan 10 12:46:05 2026] vhci_hcd vhci_hcd.0: devid(196612) speed(3) speed_str(high-speed)
[Sat Jan 10 12:46:05 2026] vhci_hcd vhci_hcd.0: Device attached
[Sat Jan 10 12:46:06 2026] usb 3-1: new high-speed USB device number 2 using vhci_hcd
[Sat Jan 10 12:46:06 2026] usb 3-1: SetAddress Request (2) to port 0
[Sat Jan 10 12:46:06 2026] usb 3-1: New USB device found, idVendor=058f, idProduct=6387, bcdDevice= 1.00
[Sat Jan 10 12:46:06 2026] usb 3-1: New USB device strings: Mfr=1, Product=2, SerialNumber=3
[Sat Jan 10 12:46:06 2026] usb 3-1: Product: Mass Storage
[Sat Jan 10 12:46:06 2026] usb 3-1: Manufacturer: Generic
[Sat Jan 10 12:46:06 2026] usb 3-1: SerialNumber: FBE3BE29
[Sat Jan 10 12:46:06 2026] usb-storage 3-1:1.0: USB Mass Storage device detected
[Sat Jan 10 12:46:06 2026] scsi host3: usb-storage 3-1:1.0
[Sat Jan 10 12:46:06 2026] usbcore: registered new interface driver usb-storage
[Sat Jan 10 12:46:06 2026] usbcore: registered new interface driver uas
[Sat Jan 10 12:46:07 2026] scsi 3:0:0:0: Direct-Access     Generic  Flash Disk       8.07 PQ: 0 ANSI: 4
[Sat Jan 10 12:46:07 2026] sd 3:0:0:0: Attached scsi generic sg2 type 0
[Sat Jan 10 12:46:07 2026] sd 3:0:0:0: [sdb] 61440000 512-byte logical blocks: (31.5 GB/29.3 GiB)
[Sat Jan 10 12:46:07 2026] sd 3:0:0:0: [sdb] Write Protect is off
[Sat Jan 10 12:46:07 2026] sd 3:0:0:0: [sdb] Mode Sense: 23 00 00 00
[Sat Jan 10 12:46:07 2026] sd 3:0:0:0: [sdb] Write cache: disabled, read cache: enabled, doesn't support DPO or FUA
[Sat Jan 10 12:46:07 2026]  sdb: sdb1
[Sat Jan 10 12:46:07 2026] sd 3:0:0:0: [sdb] Attached SCSI removable disk
[Sat Jan 10 12:53:05 2026] FAT-fs (sdb1): Volume was not properly unmounted. Some data may be corrupt. Please run fsck.
[Sat Jan 10 12:55:54 2026] FAT-fs (sdb1): Volume was not properly unmounted. Some data may be corrupt. Please run fsck.
[Sat Jan 10 12:56:34 2026] e1000: enp0s3 NIC Link is Up 1000 Mbps Full Duplex, Flow Control: RX
[Sat Jan 10 13:04:52 2026] FAT-fs (sdb1): Volume was not properly unmounted. Some data may be corrupt. Please run fsck.
[Sat Jan 10 13:05:32 2026] e1000: enp0s3 NIC Link is Up 1000 Mbps Full Duplex, Flow Control: RX
[Sat Jan 10 13:23:21 2026] e1000: enp0s3 NIC Link is Down
[Sat Jan 10 13:23:27 2026] e1000: enp0s3 NIC Link is Up 1000 Mbps Full Duplex, Flow Control: RX
[Sat Jan 10 13:25:10 2026] FAT-fs (sdb1): Volume was not properly unmounted. Some data may be corrupt. Please run fsck.
[Sat Jan 10 13:25:50 2026] e1000: enp0s3 NIC Link is Up 1000 Mbps Full Duplex, Flow Control: RX
[Sat Jan 10 13:29:37 2026] FAT-fs (sdb1): Volume was not properly unmounted. Some data may be corrupt. Please run fsck.
[Sat Jan 10 13:30:17 2026] e1000: enp0s3 NIC Link is Up 1000 Mbps Full Duplex, Flow Control: RX
