2026-01-10T13:29:42+00:00 2: enp0s3: <BROADCAST,MULTICAST,UP,LOWER_UP> mtu 1500 qdisc fq_codel state UP mode DEFAULT group default qlen 1000
2026-01-10T13:29:42+00:00     link/ether 08:00:27:63:c0:d1 brd ff:ff:ff:ff:ff:ff
2026-01-10T13:29:42+00:00     RX:  bytes packets errors dropped  missed   mcast           
2026-01-10T13:29:42+00:00       44756022   73674      0       0       0    2874 
2026-01-10T13:29:42+00:00     TX:  bytes packets errors dropped carrier collsns           
2026-01-10T13:29:42+00:00      286290332  227662      0      13       0       0 
2026-01-10T13:29:43+00:00 2: enp0s3: <BROADCAST,MULTICAST,UP,LOWER_UP> mtu 1500 qdisc fq_codel state UP mode DEFAULT group default qlen 1000
2026-01-10T13:29:43+00:00     link/ether 08:00:27:63:c0:d1 brd ff:ff:ff:ff:ff:ff
2026-01-10T13:29:43+00:00     RX:  bytes packets errors dropped  missed   mcast           
2026-01-10T13:29:43+00:00       44865576   74056      0       0       0    2874 
2026-01-10T13:29:43+00:00     TX:  bytes packets errors dropped carrier collsns           
2026-01-10T13:29:43+00:00      286342041  228046      0      13       0       0 
2026-01-10T13:29:44+00:00 2: enp0s3: <BROADCAST,MULTICAST,UP,LOWER_UP> mtu 1500 qdisc fq_codel state UP mode DEFAULT group default qlen 1000
2026-01-10T13:29:44+00:00     link/ether 08:00:27:63:c0:d1 brd ff:ff:ff:ff:ff:ff
2026-01-10T13:29:44+00:00     RX:  bytes packets errors dropped  missed   mcast           
2026-01-10T13:29:44+00:00       44865576   74056      0       0       0    2874 
2026-01-10T13:29:44+00:00     TX:  bytes packets errors dropped carrier collsns           
2026-01-10T13:29:44+00:00      286342041  228046      0      13       0       0 
2026-01-10T13:29:45+00:00 2: enp0s3: <BROADCAST,MULTICAST,UP,LOWER_UP> mtu 1500 qdisc fq_codel state UP mode DEFAULT group default qlen 1000
2026-01-10T13:29:45+00:00     link/ether 08:00:27:63:c0:d1 brd ff:ff:ff:ff:ff:ff
2026-01-10T13:29:45+00:00     RX:  bytes packets errors dropped  missed   mcast           
2026-01-10T13:29:45+00:00       44865576   74056      0       0       0    2874 
2026-01-10T13:29:45+00:00     TX:  bytes packets errors dropped carrier collsns           
2026-01-10T13:29:45+00:00      286342041  228046      0      13       0       0 
2026-01-10T13:29:46+00:00 2: enp0s3: <BROADCAST,MULTICAST,UP,LOWER_UP> mtu 1500 qdisc fq_codel state UP mode DEFAULT group default qlen 1000
2026-01-10T13:29:46+00:00     link/ether 08:00:27:63:c0:d1 brd ff:ff:ff:ff:ff:ff
2026-01-10T13:29:46+00:00     RX:  bytes packets errors dropped  missed   mcast           
2026-01-10T13:29:46+00:00       44865576   74056      0       0       0    2874 
2026-01-10T13:29:46+00:00     TX:  bytes packets errors dropped carrier collsns           
2026-01-10T13:29:46+00:00      286342041  228046      0      13       0       0 
2026-01-10T13:29:47+00:00 2: enp0s3: <BROADCAST,MULTICAST,UP,LOWER_UP> mtu 1500 qdisc fq_codel state UP mode DEFAULT group default qlen 1000
2026-01-10T13:29:47+00:00     link/ether 08:00:27:63:c0:d1 brd ff:ff:ff:ff:ff:ff
2026-01-10T13:29:47+00:00     RX:  bytes packets errors dropped  missed   mcast           
2026-01-10T13:29:47+00:00       44866304   74063      0       0       0    2874 
2026-01-10T13:29:47+00:00     TX:  bytes packets errors dropped carrier collsns           
2026-01-10T13:29:47+00:00      286346901  228053      0      13       0       0 
2026-01-10T13:29:48+00:00 2: enp0s3: <BROADCAST,MULTICAST,UP,LOWER_UP> mtu 1500 qdisc fq_codel state UP mode DEFAULT group default qlen 1000
2026-01-10T13:29:48+00:00     link/ether 08:00:27:63:c0:d1 brd ff:ff:ff:ff:ff:ff
2026-01-10T13:29:48+00:00     RX:  bytes packets errors dropped  missed   mcast           
2026-01-10T13:29:48+00:00       44866304   74063      0       0       0    2874 
2026-01-10T13:29:48+00:00     TX:  bytes packets errors dropped carrier collsns           
2026-01-10T13:29:48+00:00      286346901  228053      0      13       0       0 
2026-01-10T13:29:49+00:00 2: enp0s3: <BROADCAST,MULTICAST,UP,LOWER_UP> mtu 1500 qdisc fq_codel state UP mode DEFAULT group default qlen 1000
2026-01-10T13:29:49+00:00     link/ether 08:00:27:63:c0:d1 brd ff:ff:ff:ff:ff:ff
2026-01-10T13:29:49+00:00     RX:  bytes packets errors dropped  missed   mcast           
2026-01-10T13:29:49+00:00       44866304   74063      0       0       0    2874 
2026-01-10T13:29:49+00:00     TX:  bytes packets errors dropped carrier collsns           
2026-01-10T13:29:49+00:00      286346901  228053      0      13       0       0 
2026-01-10T13:29:50+00:00 2: enp0s3: <BROADCAST,MULTICAST,UP,LOWER_UP> mtu 1500 qdisc fq_codel state UP mode DEFAULT group default qlen 1000
2026-01-10T13:29:50+00:00     link/ether 08:00:27:63:c0:d1 brd ff:ff:ff:ff:ff:ff
2026-01-10T13:29:50+00:00     RX:  bytes packets errors dropped  missed   mcast           
2026-01-10T13:29:50+00:00       44866304   74063      0       0       0    2874 
2026-01-10T13:29:50+00:00     TX:  bytes packets errors dropped carrier collsns           
2026-01-10T13:29:50+00:00      286346901  228053      0      13       0       0 
2026-01-10T13:29:51+00:00 2: enp0s3: <BROADCAST,MULTICAST,UP,LOWER_UP> mtu 1500 qdisc fq_codel state UP mode DEFAULT group default qlen 1000
2026-01-10T13:29:51+00:00     link/ether 08:00:27:63:c0:d1 brd ff:ff:ff:ff:ff:ff
2026-01-10T13:29:51+00:00     RX:  bytes packets errors dropped  missed   mcast           
2026-01-10T13:29:51+00:00       44867032   74070      0       0       0    2874 
2026-01-10T13:29:51+00:00     TX:  bytes packets errors dropped carrier collsns           
2026-01-10T13:29:51+00:00      286351761  228060      0      13       0       0 
2026-01-10T13:29:52+00:00 2: enp0s3: <BROADCAST,MULTICAST,UP,LOWER_UP> mtu 1500 qdisc fq_codel state UP mode DEFAULT group default qlen 1000
2026-01-10T13:29:52+00:00     link/ether 08:00:27:63:c0:d1 brd ff:ff:ff:ff:ff:ff
2026-01-10T13:29:52+00:00     RX:  bytes packets errors dropped  missed   mcast           
2026-01-10T13:29:52+00:00       44867032   74070      0       0       0    2874 
2026-01-10T13:29:52+00:00     TX:  bytes packets errors dropped carrier collsns           
2026-01-10T13:29:52+00:00      286351761  228060      0      13       0       0 
2026-01-10T13:29:53+00:00 2: enp0s3: <BROADCAST,MULTICAST,UP,LOWER_UP> mtu 1500 qdisc fq_codel state UP mode DEFAULT group default qlen 1000
2026-01-10T13:29:53+00:00     link/ether 08:00:27:63:c0:d1 brd ff:ff:ff:ff:ff:ff
2026-01-10T13:29:53+00:00     RX:  bytes packets errors dropped  missed   mcast           
2026-01-10T13:29:53+00:00       44867032   74070      0       0       0    2874 
2026-01-10T13:29:53+00:00     TX:  bytes packets errors dropped carrier collsns           
2026-01-10T13:29:53+00:00      286351761  228060      0      13       0       0 
2026-01-10T13:29:54+00:00 2: enp0s3: <BROADCAST,MULTICAST,UP,LOWER_UP> mtu 1500 qdisc fq_codel state UP mode DEFAULT group default qlen 1000
2026-01-10T13:29:54+00:00     link/ether 08:00:27:63:c0:d1 brd ff:ff:ff:ff:ff:ff
2026-01-10T13:29:54+00:00     RX:  bytes packets errors dropped  missed   mcast           
2026-01-10T13:29:54+00:00       44867032   74070      0       0       0    2874 
2026-01-10T13:29:54+00:00     TX:  bytes packets errors dropped carrier collsns           
2026-01-10T13:29:54+00:00      286351761  228060      0      13       0       0 
2026-01-10T13:29:55+00:00 2: enp0s3: <BROADCAST,MULTICAST,UP,LOWER_UP> mtu 1500 qdisc fq_codel state UP mode DEFAULT group default qlen 1000
2026-01-10T13:29:55+00:00     link/ether 08:00:27:63:c0:d1 brd ff:ff:ff:ff:ff:ff
2026-01-10T13:29:55+00:00     RX:  bytes packets errors dropped  missed   mcast           
2026-01-10T13:29:55+00:00       44867032   74070      0       0       0    2874 
2026-01-10T13:29:55+00:00     TX:  bytes packets errors dropped carrier collsns           
2026-01-10T13:29:55+00:00      286351761  228060      0      13       0       0 
2026-01-10T13:29:56+00:00 2: enp0s3: <BROADCAST,MULTICAST,UP,LOWER_UP> mtu 1500 qdisc fq_codel state UP mode DEFAULT group default qlen 1000
2026-01-10T13:29:56+00:00     link/ether 08:00:27:63:c0:d1 brd ff:ff:ff:ff:ff:ff
2026-01-10T13:29:56+00:00     RX:  bytes packets errors dropped  missed   mcast           
2026-01-10T13:29:56+00:00       44867760   74077      0       0       0    2874 
2026-01-10T13:29:56+00:00     TX:  bytes packets errors dropped carrier collsns           
2026-01-10T13:29:56+00:00      286356621  228067      0      13       0       0 
2026-01-10T13:29:57+00:00 2: enp0s3: <BROADCAST,MULTICAST,UP,LOWER_UP> mtu 1500 qdisc fq_codel state UP mode DEFAULT group default qlen 1000
2026-01-10T13:29:57+00:00     link/ether 08:00:27:63:c0:d1 brd ff:ff:ff:ff:ff:ff
2026-01-10T13:29:57+00:00     RX:  bytes packets errors dropped  missed   mcast           
2026-01-10T13:29:57+00:00       44867760   74077      0       0       0    2874 
2026-01-10T13:29:57+00:00     TX:  bytes packets errors dropped carrier collsns           
2026-01-10T13:29:57+00:00      286356621  228067      0      13       0       0 
2026-01-10T13:29:58+00:00 2: enp0s3: <BROADCAST,MULTICAST,UP,LOWER_UP> mtu 1500 qdisc fq_codel state UP mode DEFAULT group default qlen 1000
2026-01-10T13:29:58+00:00     link/ether 08:00:27:63:c0:d1 brd ff:ff:ff:ff:ff:ff
2026-01-10T13:29:58+00:00     RX:  bytes packets errors dropped  missed   mcast           
2026-01-10T13:29:58+00:00       44867760   74077      0       0       0    2874 
2026-01-10T13:29:58+00:00     TX:  bytes packets errors dropped carrier collsns           
2026-01-10T13:29:58+00:00      286356621  228067      0      13       0       0 
2026-01-10T13:29:59+00:00 2: enp0s3: <BROADCAST,MULTICAST,UP,LOWER_UP> mtu 1500 qdisc fq_codel state UP mode DEFAULT group default qlen 1000
2026-01-10T13:29:59+00:00     link/ether 08:00:27:63:c0:d1 brd ff:ff:ff:ff:ff:ff
2026-01-10T13:29:59+00:00     RX:  bytes packets errors dropped  missed   mcast           
2026-01-10T13:29:59+00:00       44867760   74077      0       0       0    2874 
2026-01-10T13:29:59+00:00     TX:  bytes packets errors dropped carrier collsns           
2026-01-10T13:29:59+00:00      286356621  228067      0      13       0       0 
2026-01-10T13:30:00+00:00 2: enp0s3: <BROADCAST,MULTICAST,UP,LOWER_UP> mtu 1500 qdisc fq_codel state UP mode DEFAULT group default qlen 1000
2026-01-10T13:30:00+00:00     link/ether 08:00:27:63:c0:d1 brd ff:ff:ff:ff:ff:ff
2026-01-10T13:30:00+00:00     RX:  bytes packets errors dropped  missed   mcast           
2026-01-10T13:30:00+00:00       44868488   74084      0       0       0    2874 
2026-01-10T13:30:00+00:00     TX:  bytes packets errors dropped carrier collsns           
2026-01-10T13:30:00+00:00      286361481  228074      0      13       0       0 
2026-01-10T13:30:01+00:00 2: enp0s3: <BROADCAST,MULTICAST,UP,LOWER_UP> mtu 1500 qdisc fq_codel state UP mode DEFAULT group default qlen 1000
2026-01-10T13:30:01+00:00     link/ether 08:00:27:63:c0:d1 brd ff:ff:ff:ff:ff:ff
2026-01-10T13:30:01+00:00     RX:  bytes packets errors dropped  missed   mcast           
2026-01-10T13:30:01+00:00       44868488   74084      0       0       0    2874 
2026-01-10T13:30:01+00:00     TX:  bytes packets errors dropped carrier collsns           
2026-01-10T13:30:01+00:00      286361481  228074      0      13       0       0 
2026-01-10T13:30:02+00:00 2: enp0s3: <BROADCAST,MULTICAST,UP,LOWER_UP> mtu 1500 qdisc fq_codel state UP mode DEFAULT group default qlen 1000
2026-01-10T13:30:02+00:00     link/ether 08:00:27:63:c0:d1 brd ff:ff:ff:ff:ff:ff
2026-01-10T13:30:02+00:00     RX:  bytes packets errors dropped  missed   mcast           
2026-01-10T13:30:02+00:00       44868488   74084      0       0       0    2874 
2026-01-10T13:30:02+00:00     TX:  bytes packets errors dropped carrier collsns           
2026-01-10T13:30:02+00:00      286361481  228074      0      13       0       0 
2026-01-10T13:30:03+00:00 2: enp0s3: <BROADCAST,MULTICAST,UP,LOWER_UP> mtu 1500 qdisc fq_codel state UP mode DEFAULT group default qlen 1000
2026-01-10T13:30:03+00:00     link/ether 08:00:27:63:c0:d1 brd ff:ff:ff:ff:ff:ff
2026-01-10T13:30:03+00:00     RX:  bytes packets errors dropped  missed   mcast           
2026-01-10T13:30:03+00:00       44868488   74084      0       0       0    2874 
2026-01-10T13:30:03+00:00     TX:  bytes packets errors dropped carrier collsns           
2026-01-10T13:30:03+00:00      286361481  228074      0      13       0       0 
2026-01-10T13:30:04+00:00 2: enp0s3: <BROADCAST,MULTICAST,UP,LOWER_UP> mtu 1500 qdisc fq_codel state UP mode DEFAULT group default qlen 1000
2026-01-10T13:30:04+00:00     link/ether 08:00:27:63:c0:d1 brd ff:ff:ff:ff:ff:ff
2026-01-10T13:30:04+00:00     RX:  bytes packets errors dropped  missed   mcast           
2026-01-10T13:30:04+00:00       44869282   74092      0       0       0    2874 
2026-01-10T13:30:04+00:00     TX:  bytes packets errors dropped carrier collsns           
2026-01-10T13:30:04+00:00      286366341  228081      0      13       0       0 
2026-01-10T13:30:05+00:00 2: enp0s3: <BROADCAST,MULTICAST,UP,LOWER_UP> mtu 1500 qdisc fq_codel state UP mode DEFAULT group default qlen 1000
2026-01-10T13:30:05+00:00     link/ether 08:00:27:63:c0:d1 brd ff:ff:ff:ff:ff:ff
2026-01-10T13:30:05+00:00     RX:  bytes packets errors dropped  missed   mcast           
2026-01-10T13:30:05+00:00       44869282   74092      0       0       0    2874 
2026-01-10T13:30:05+00:00     TX:  bytes packets errors dropped carrier collsns           
2026-01-10T13:30:05+00:00      286366428  228082      0      13       0       0 
2026-01-10T13:30:06+00:00 2: enp0s3: <BROADCAST,MULTICAST,UP,LOWER_UP> mtu 1500 qdisc fq_codel state UP mode DEFAULT group default qlen 1000
2026-01-10T13:30:06+00:00     link/ether 08:00:27:63:c0:d1 brd ff:ff:ff:ff:ff:ff
2026-01-10T13:30:06+00:00     RX:  bytes packets errors dropped  missed   mcast           
2026-01-10T13:30:06+00:00       44869385   74093      0       0       0    2875 
2026-01-10T13:30:06+00:00     TX:  bytes packets errors dropped carrier collsns           
2026-01-10T13:30:06+00:00      286366428  228082      0      13       0       0 
2026-01-10T13:30:07+00:00 2: enp0s3: <BROADCAST,MULTICAST,UP,LOWER_UP> mtu 1500 qdisc fq_codel state UP mode DEFAULT group default qlen 1000
2026-01-10T13:30:07+00:00     link/ether 08:00:27:63:c0:d1 brd ff:ff:ff:ff:ff:ff
2026-01-10T13:30:07+00:00     RX:  bytes packets errors dropped  missed   mcast           
2026-01-10T13:30:07+00:00       44869385   74093      0       0       0    2875 
2026-01-10T13:30:07+00:00     TX:  bytes packets errors dropped carrier collsns           
2026-01-10T13:30:07+00:00      286366428  228082      0      13       0       0 
2026-01-10T13:30:08+00:00 2: enp0s3: <BROADCAST,MULTICAST,UP,LOWER_UP> mtu 1500 qdisc fq_codel state UP mode DEFAULT group default qlen 1000
2026-01-10T13:30:08+00:00     link/ether 08:00:27:63:c0:d1 brd ff:ff:ff:ff:ff:ff
2026-01-10T13:30:08+00:00     RX:  bytes packets errors dropped  missed   mcast           
2026-01-10T13:30:08+00:00       44870179   74101      0       0       0    2875 
2026-01-10T13:30:08+00:00     TX:  bytes packets errors dropped carrier collsns           
2026-01-10T13:30:08+00:00      286371288  228089      0      13       0       0 
2026-01-10T13:30:09+00:00 2: enp0s3: <BROADCAST,MULTICAST,UP,LOWER_UP> mtu 1500 qdisc fq_codel state UP mode DEFAULT group default qlen 1000
2026-01-10T13:30:09+00:00     link/ether 08:00:27:63:c0:d1 brd ff:ff:ff:ff:ff:ff
2026-01-10T13:30:09+00:00     RX:  bytes packets errors dropped  missed   mcast           
2026-01-10T13:30:09+00:00       44870179   74101      0       0       0    2875 
2026-01-10T13:30:09+00:00     TX:  bytes packets errors dropped carrier collsns           
2026-01-10T13:30:09+00:00      286371288  228089      0      13       0       0 
2026-01-10T13:30:10+00:00 2: enp0s3: <BROADCAST,MULTICAST,UP,LOWER_UP> mtu 1500 qdisc fq_codel state UP mode DEFAULT group default qlen 1000
2026-01-10T13:30:10+00:00     link/ether 08:00:27:63:c0:d1 brd ff:ff:ff:ff:ff:ff
2026-01-10T13:30:10+00:00     RX:  bytes packets errors dropped  missed   mcast           
2026-01-10T13:30:10+00:00       44870179   74101      0       0       0    2875 
2026-01-10T13:30:10+00:00     TX:  bytes packets errors dropped carrier collsns           
2026-01-10T13:30:10+00:00      286371288  228089      0      13       0       0 
2026-01-10T13:30:11+00:00 2: enp0s3: <BROADCAST,MULTICAST,UP,LOWER_UP> mtu 1500 qdisc fq_codel state UP mode DEFAULT group default qlen 1000
2026-01-10T13:30:11+00:00     link/ether 08:00:27:63:c0:d1 brd ff:ff:ff:ff:ff:ff
2026-01-10T13:30:11+00:00     RX:  bytes packets errors dropped  missed   mcast           
2026-01-10T13:30:11+00:00       44870179   74101      0       0       0    2875 
2026-01-10T13:30:11+00:00     TX:  bytes packets errors dropped carrier collsns           
2026-01-10T13:30:11+00:00      286371288  228089      0      13       0       0 
2026-01-10T13:30:12+00:00 2: enp0s3: <BROADCAST,MULTICAST> mtu 1500 qdisc fq_codel state DOWN mode DEFAULT group default qlen 1000
2026-01-10T13:30:12+00:00     link/ether 08:00:27:63:c0:d1 brd ff:ff:ff:ff:ff:ff
2026-01-10T13:30:12+00:00     RX:  bytes packets errors dropped  missed   mcast           
2026-01-10T13:30:12+00:00       44871039   74110      0       0       0    2875 
2026-01-10T13:30:12+00:00     TX:  bytes packets errors dropped carrier collsns           
2026-01-10T13:30:12+00:00      286376306  228097      0      13       0       0 
2026-01-10T13:30:13+00:00 2: enp0s3: <BROADCAST,MULTICAST> mtu 1500 qdisc fq_codel state DOWN mode DEFAULT group default qlen 1000
2026-01-10T13:30:13+00:00     link/ether 08:00:27:63:c0:d1 brd ff:ff:ff:ff:ff:ff
2026-01-10T13:30:13+00:00     RX:  bytes packets errors dropped  missed   mcast           
2026-01-10T13:30:13+00:00       44871039   74110      0       0       0    2875 
2026-01-10T13:30:13+00:00     TX:  bytes packets errors dropped carrier collsns           
2026-01-10T13:30:13+00:00      286376306  228097      0      13       0       0 
2026-01-10T13:30:14+00:00 2: enp0s3: <BROADCAST,MULTICAST> mtu 1500 qdisc fq_codel state DOWN mode DEFAULT group default qlen 1000
2026-01-10T13:30:14+00:00     link/ether 08:00:27:63:c0:d1 brd ff:ff:ff:ff:ff:ff
2026-01-10T13:30:14+00:00     RX:  bytes packets errors dropped  missed   mcast           
2026-01-10T13:30:14+00:00       44871039   74110      0       0       0    2875 
2026-01-10T13:30:14+00:00     TX:  bytes packets errors dropped carrier collsns           
2026-01-10T13:30:14+00:00      286376306  228097      0      13       0       0 
2026-01-10T13:30:15+00:00 2: enp0s3: <BROADCAST,MULTICAST> mtu 1500 qdisc fq_codel state DOWN mode DEFAULT group default qlen 1000
2026-01-10T13:30:15+00:00     link/ether 08:00:27:63:c0:d1 brd ff:ff:ff:ff:ff:ff
2026-01-10T13:30:15+00:00     RX:  bytes packets errors dropped  missed   mcast           
2026-01-10T13:30:15+00:00       44871039   74110      0       0       0    2875 
2026-01-10T13:30:15+00:00     TX:  bytes packets errors dropped carrier collsns           
2026-01-10T13:30:15+00:00      286376306  228097      0      13       0       0 
2026-01-10T13:30:16+00:00 2: enp0s3: <BROADCAST,MULTICAST> mtu 1500 qdisc fq_codel state DOWN mode DEFAULT group default qlen 1000
2026-01-10T13:30:16+00:00     link/ether 08:00:27:63:c0:d1 brd ff:ff:ff:ff:ff:ff
2026-01-10T13:30:16+00:00     RX:  bytes packets errors dropped  missed   mcast           
2026-01-10T13:30:16+00:00       44871039   74110      0       0       0    2875 
2026-01-10T13:30:16+00:00     TX:  bytes packets errors dropped carrier collsns           
2026-01-10T13:30:16+00:00      286376306  228097      0      13       0       0 
2026-01-10T13:30:17+00:00 2: enp0s3: <BROADCAST,MULTICAST,UP,LOWER_UP> mtu 1500 qdisc fq_codel state UP mode DEFAULT group default qlen 1000
2026-01-10T13:30:17+00:00     link/ether 08:00:27:63:c0:d1 brd ff:ff:ff:ff:ff:ff
2026-01-10T13:30:17+00:00     RX:  bytes packets errors dropped  missed   mcast           
2026-01-10T13:30:17+00:00       44871495   74114      0       0       0    2875 
2026-01-10T13:30:17+00:00     TX:  bytes packets errors dropped carrier collsns           
2026-01-10T13:30:17+00:00      286376513  228100      0      14       0       0 
2026-01-10T13:30:18+00:00 2: enp0s3: <BROADCAST,MULTICAST,UP,LOWER_UP> mtu 1500 qdisc fq_codel state UP mode DEFAULT group default qlen 1000
2026-01-10T13:30:18+00:00     link/ether 08:00:27:63:c0:d1 brd ff:ff:ff:ff:ff:ff
2026-01-10T13:30:18+00:00     RX:  bytes packets errors dropped  missed   mcast           
2026-01-10T13:30:18+00:00       44873342   74133      0       0       0    2875 
2026-01-10T13:30:18+00:00     TX:  bytes packets errors dropped carrier collsns           
2026-01-10T13:30:18+00:00      286384104  228122      0      14       0       0 
2026-01-10T13:30:19+00:00 2: enp0s3: <BROADCAST,MULTICAST,UP,LOWER_UP> mtu 1500 qdisc fq_codel state UP mode DEFAULT group default qlen 1000
2026-01-10T13:30:19+00:00     link/ether 08:00:27:63:c0:d1 brd ff:ff:ff:ff:ff:ff
2026-01-10T13:30:19+00:00     RX:  bytes packets errors dropped  missed   mcast           
2026-01-10T13:30:19+00:00       44873342   74133      0       0       0    2877 
2026-01-10T13:30:19+00:00     TX:  bytes packets errors dropped carrier collsns           
2026-01-10T13:30:19+00:00      286384618  228125      0      14       0       0 
2026-01-10T13:30:20+00:00 2: enp0s3: <BROADCAST,MULTICAST,UP,LOWER_UP> mtu 1500 qdisc fq_codel state UP mode DEFAULT group default qlen 1000
2026-01-10T13:30:20+00:00     link/ether 08:00:27:63:c0:d1 brd ff:ff:ff:ff:ff:ff
2026-01-10T13:30:20+00:00     RX:  bytes packets errors dropped  missed   mcast           
2026-01-10T13:30:20+00:00       44873684   74134      0       0       0    2877 
2026-01-10T13:30:20+00:00     TX:  bytes packets errors dropped carrier collsns           
2026-01-10T13:30:20+00:00      286385043  228127      0      14       0       0 
2026-01-10T13:30:21+00:00 2: enp0s3: <BROADCAST,MULTICAST,UP,LOWER_UP> mtu 1500 qdisc fq_codel state UP mode DEFAULT group default qlen 1000
2026-01-10T13:30:21+00:00     link/ether 08:00:27:63:c0:d1 brd ff:ff:ff:ff:ff:ff
2026-01-10T13:30:21+00:00     RX:  bytes packets errors dropped  missed   mcast           
2026-01-10T13:30:21+00:00       44873684   74134      0       0       0    2877 
2026-01-10T13:30:21+00:00     TX:  bytes packets errors dropped carrier collsns           
2026-01-10T13:30:21+00:00      286385103  228128      0      14       0       0 
2026-01-10T13:30:22+00:00 2: enp0s3: <BROADCAST,MULTICAST,UP,LOWER_UP> mtu 1500 qdisc fq_codel state UP mode DEFAULT group default qlen 1000
2026-01-10T13:30:22+00:00     link/ether 08:00:27:63:c0:d1 brd ff:ff:ff:ff:ff:ff
2026-01-10T13:30:22+00:00     RX:  bytes packets errors dropped  missed   mcast           
2026-01-10T13:30:22+00:00       44875281   74149      0       0       0    2877 
2026-01-10T13:30:22+00:00     TX:  bytes packets errors dropped carrier collsns           
2026-01-10T13:30:22+00:00      286392193  228143      0      14       0       0 
2026-01-10T13:30:23+00:00 2: enp0s3: <BROADCAST,MULTICAST,UP,LOWER_UP> mtu 1500 qdisc fq_codel state UP mode DEFAULT group default qlen 1000
2026-01-10T13:30:23+00:00     link/ether 08:00:27:63:c0:d1 brd ff:ff:ff:ff:ff:ff
2026-01-10T13:30:23+00:00     RX:  bytes packets errors dropped  missed   mcast           
2026-01-10T13:30:23+00:00       44875281   74149      0       0       0    2878 
2026-01-10T13:30:23+00:00     TX:  bytes packets errors dropped carrier collsns           
2026-01-10T13:30:23+00:00      286392193  228143      0      14       0       0 
2026-01-10T13:30:24+00:00 2: enp0s3: <BROADCAST,MULTICAST,UP,LOWER_UP> mtu 1500 qdisc fq_codel state UP mode DEFAULT group default qlen 1000
2026-01-10T13:30:24+00:00     link/ether 08:00:27:63:c0:d1 brd ff:ff:ff:ff:ff:ff
2026-01-10T13:30:24+00:00     RX:  bytes packets errors dropped  missed   mcast           
2026-01-10T13:30:24+00:00       44875281   74149      0       0       0    2878 
2026-01-10T13:30:24+00:00     TX:  bytes packets errors dropped carrier collsns           
2026-01-10T13:30:24+00:00      286392280  228144      0      14       0       0 
2026-01-10T13:30:25+00:00 2: enp0s3: <BROADCAST,MULTICAST,UP,LOWER_UP> mtu 1500 qdisc fq_codel state UP mode DEFAULT group default qlen 1000
2026-01-10T13:30:25+00:00     link/ether 08:00:27:63:c0:d1 brd ff:ff:ff:ff:ff:ff
2026-01-10T13:30:25+00:00     RX:  bytes packets errors dropped  missed   mcast           
2026-01-10T13:30:25+00:00       44875281   74149      0       0       0    2878 
2026-01-10T13:30:25+00:00     TX:  bytes packets errors dropped carrier collsns           
2026-01-10T13:30:25+00:00      286392280  228144      0      14       0       0 
2026-01-10T13:30:26+00:00 2: enp0s3: <BROADCAST,MULTICAST,UP,LOWER_UP> mtu 1500 qdisc fq_codel state UP mode DEFAULT group default qlen 1000
2026-01-10T13:30:26+00:00     link/ether 08:00:27:63:c0:d1 brd ff:ff:ff:ff:ff:ff
2026-01-10T13:30:26+00:00     RX:  bytes packets errors dropped  missed   mcast           
2026-01-10T13:30:26+00:00       44876112   74157      0       0       0    2878 
2026-01-10T13:30:26+00:00     TX:  bytes packets errors dropped carrier collsns           
2026-01-10T13:30:26+00:00      286397140  228151      0      14       0       0 
2026-01-10T13:30:27+00:00 2: enp0s3: <BROADCAST,MULTICAST,UP,LOWER_UP> mtu 1500 qdisc fq_codel state UP mode DEFAULT group default qlen 1000
2026-01-10T13:30:27+00:00     link/ether 08:00:27:63:c0:d1 brd ff:ff:ff:ff:ff:ff
2026-01-10T13:30:27+00:00     RX:  bytes packets errors dropped  missed   mcast           
2026-01-10T13:30:27+00:00       44876459   74158      0       0       0    2879 
2026-01-10T13:30:27+00:00     TX:  bytes packets errors dropped carrier collsns           
2026-01-10T13:30:27+00:00      286397538  228153      0      14       0       0 
2026-01-10T13:30:28+00:00 2: enp0s3: <BROADCAST,MULTICAST,UP,LOWER_UP> mtu 1500 qdisc fq_codel state UP mode DEFAULT group default qlen 1000
2026-01-10T13:30:28+00:00     link/ether 08:00:27:63:c0:d1 brd ff:ff:ff:ff:ff:ff
2026-01-10T13:30:28+00:00     RX:  bytes packets errors dropped  missed   mcast           
2026-01-10T13:30:28+00:00       44876459   74158      0       0       0    2879 
2026-01-10T13:30:28+00:00     TX:  bytes packets errors dropped carrier collsns           
2026-01-10T13:30:28+00:00      286397538  228153      0      14       0       0 
2026-01-10T13:30:29+00:00 2: enp0s3: <BROADCAST,MULTICAST,UP,LOWER_UP> mtu 1500 qdisc fq_codel state UP mode DEFAULT group default qlen 1000
2026-01-10T13:30:29+00:00     link/ether 08:00:27:63:c0:d1 brd ff:ff:ff:ff:ff:ff
2026-01-10T13:30:29+00:00     RX:  bytes packets errors dropped  missed   mcast           
2026-01-10T13:30:29+00:00       44876459   74158      0       0       0    2879 
2026-01-10T13:30:29+00:00     TX:  bytes packets errors dropped carrier collsns           
2026-01-10T13:30:29+00:00      286397538  228153      0      14       0       0 
2026-01-10T13:30:30+00:00 2: enp0s3: <BROADCAST,MULTICAST,UP,LOWER_UP> mtu 1500 qdisc fq_codel state UP mode DEFAULT group default qlen 1000
2026-01-10T13:30:30+00:00     link/ether 08:00:27:63:c0:d1 brd ff:ff:ff:ff:ff:ff
2026-01-10T13:30:30+00:00     RX:  bytes packets errors dropped  missed   mcast           
2026-01-10T13:30:30+00:00       44877187   74165      0       0       0    2879 
2026-01-10T13:30:30+00:00     TX:  bytes packets errors dropped carrier collsns           
2026-01-10T13:30:30+00:00      286402398  228160      0      14       0       0 
2026-01-10T13:30:31+00:00 2: enp0s3: <BROADCAST,MULTICAST,UP,LOWER_UP> mtu 1500 qdisc fq_codel state UP mode DEFAULT group default qlen 1000
2026-01-10T13:30:31+00:00     link/ether 08:00:27:63:c0:d1 brd ff:ff:ff:ff:ff:ff
2026-01-10T13:30:31+00:00     RX:  bytes packets errors dropped  missed   mcast           
2026-01-10T13:30:31+00:00       44877187   74165      0       0       0    2879 
2026-01-10T13:30:31+00:00     TX:  bytes packets errors dropped carrier collsns           
2026-01-10T13:30:31+00:00      286402398  228160      0      14       0       0 
2026-01-10T13:30:32+00:00 2: enp0s3: <BROADCAST,MULTICAST,UP,LOWER_UP> mtu 1500 qdisc fq_codel state UP mode DEFAULT group default qlen 1000
2026-01-10T13:30:32+00:00     link/ether 08:00:27:63:c0:d1 brd ff:ff:ff:ff:ff:ff
2026-01-10T13:30:32+00:00     RX:  bytes packets errors dropped  missed   mcast           
2026-01-10T13:30:32+00:00       44877187   74165      0       0       0    2879 
2026-01-10T13:30:32+00:00     TX:  bytes packets errors dropped carrier collsns           
2026-01-10T13:30:32+00:00      286402485  228161      0      14       0       0 
2026-01-10T13:30:33+00:00 2: enp0s3: <BROADCAST,MULTICAST,UP,LOWER_UP> mtu 1500 qdisc fq_codel state UP mode DEFAULT group default qlen 1000
2026-01-10T13:30:33+00:00     link/ether 08:00:27:63:c0:d1 brd ff:ff:ff:ff:ff:ff
2026-01-10T13:30:33+00:00     RX:  bytes packets errors dropped  missed   mcast           
2026-01-10T13:30:33+00:00       44877187   74165      0       0       0    2879 
2026-01-10T13:30:33+00:00     TX:  bytes packets errors dropped carrier collsns           
2026-01-10T13:30:33+00:00      286402485  228161      0      14       0       0 
2026-01-10T13:30:34+00:00 2: enp0s3: <BROADCAST,MULTICAST,UP,LOWER_UP> mtu 1500 qdisc fq_codel state UP mode DEFAULT group default qlen 1000
2026-01-10T13:30:34+00:00     link/ether 08:00:27:63:c0:d1 brd ff:ff:ff:ff:ff:ff
2026-01-10T13:30:34+00:00     RX:  bytes packets errors dropped  missed   mcast           
2026-01-10T13:30:34+00:00       44877915   74172      0       0       0    2879 
2026-01-10T13:30:34+00:00     TX:  bytes packets errors dropped carrier collsns           
2026-01-10T13:30:34+00:00      286407345  228168      0      14       0       0 
2026-01-10T13:30:35+00:00 2: enp0s3: <BROADCAST,MULTICAST,UP,LOWER_UP> mtu 1500 qdisc fq_codel state UP mode DEFAULT group default qlen 1000
2026-01-10T13:30:35+00:00     link/ether 08:00:27:63:c0:d1 brd ff:ff:ff:ff:ff:ff
2026-01-10T13:30:35+00:00     RX:  bytes packets errors dropped  missed   mcast           
2026-01-10T13:30:35+00:00       44877915   74172      0       0       0    2879 
2026-01-10T13:30:35+00:00     TX:  bytes packets errors dropped carrier collsns           
2026-01-10T13:30:35+00:00      286407345  228168      0      14       0       0 
2026-01-10T13:30:36+00:00 2: enp0s3: <BROADCAST,MULTICAST,UP,LOWER_UP> mtu 1500 qdisc fq_codel state UP mode DEFAULT group default qlen 1000
2026-01-10T13:30:36+00:00     link/ether 08:00:27:63:c0:d1 brd ff:ff:ff:ff:ff:ff
2026-01-10T13:30:36+00:00     RX:  bytes packets errors dropped  missed   mcast           
2026-01-10T13:30:36+00:00       44877915   74172      0       0       0    2879 
2026-01-10T13:30:36+00:00     TX:  bytes packets errors dropped carrier collsns           
2026-01-10T13:30:36+00:00      286407345  228168      0      14       0       0 
2026-01-10T13:30:37+00:00 2: enp0s3: <BROADCAST,MULTICAST,UP,LOWER_UP> mtu 1500 qdisc fq_codel state UP mode DEFAULT group default qlen 1000
2026-01-10T13:30:37+00:00     link/ether 08:00:27:63:c0:d1 brd ff:ff:ff:ff:ff:ff
2026-01-10T13:30:37+00:00     RX:  bytes packets errors dropped  missed   mcast           
2026-01-10T13:30:37+00:00       44877915   74172      0       0       0    2879 
2026-01-10T13:30:37+00:00     TX:  bytes packets errors dropped carrier collsns           
2026-01-10T13:30:37+00:00      286407345  228168      0      14       0       0 
2026-01-10T13:30:38+00:00 2: enp0s3: <BROADCAST,MULTICAST,UP,LOWER_UP> mtu 1500 qdisc fq_codel state UP mode DEFAULT group default qlen 1000
2026-01-10T13:30:38+00:00     link/ether 08:00:27:63:c0:d1 brd ff:ff:ff:ff:ff:ff
2026-01-10T13:30:38+00:00     RX:  bytes packets errors dropped  missed   mcast           
2026-01-10T13:30:38+00:00       44878643   74179      0       0       0    2879 
2026-01-10T13:30:38+00:00     TX:  bytes packets errors dropped carrier collsns           
2026-01-10T13:30:38+00:00      286412205  228175      0      14       0       0 
2026-01-10T13:30:39+00:00 2: enp0s3: <BROADCAST,MULTICAST,UP,LOWER_UP> mtu 1500 qdisc fq_codel state UP mode DEFAULT group default qlen 1000
2026-01-10T13:30:39+00:00     link/ether 08:00:27:63:c0:d1 brd ff:ff:ff:ff:ff:ff
2026-01-10T13:30:39+00:00     RX:  bytes packets errors dropped  missed   mcast           
2026-01-10T13:30:39+00:00       44878643   74179      0       0       0    2879 
2026-01-10T13:30:39+00:00     TX:  bytes packets errors dropped carrier collsns           
2026-01-10T13:30:39+00:00      286412205  228175      0      14       0       0 
2026-01-10T13:30:40+00:00 2: enp0s3: <BROADCAST,MULTICAST,UP,LOWER_UP> mtu 1500 qdisc fq_codel state UP mode DEFAULT group default qlen 1000
2026-01-10T13:30:40+00:00     link/ether 08:00:27:63:c0:d1 brd ff:ff:ff:ff:ff:ff
2026-01-10T13:30:40+00:00     RX:  bytes packets errors dropped  missed   mcast           
2026-01-10T13:30:40+00:00       44878643   74179      0       0       0    2879 
2026-01-10T13:30:40+00:00     TX:  bytes packets errors dropped carrier collsns           
2026-01-10T13:30:40+00:00      286412205  228175      0      14       0       0 
2026-01-10T13:30:41+00:00 2: enp0s3: <BROADCAST,MULTICAST,UP,LOWER_UP> mtu 1500 qdisc fq_codel state UP mode DEFAULT group default qlen 1000
2026-01-10T13:30:41+00:00     link/ether 08:00:27:63:c0:d1 brd ff:ff:ff:ff:ff:ff
2026-01-10T13:30:41+00:00     RX:  bytes packets errors dropped  missed   mcast           
2026-01-10T13:30:41+00:00       44878643   74179      0       0       0    2879 
2026-01-10T13:30:41+00:00     TX:  bytes packets errors dropped carrier collsns           
2026-01-10T13:30:41+00:00      286412205  228175      0      14       0       0 
2026-01-10T13:30:42+00:00 2: enp0s3: <BROADCAST,MULTICAST,UP,LOWER_UP> mtu 1500 qdisc fq_codel state UP mode DEFAULT group default qlen 1000
2026-01-10T13:30:42+00:00     link/ether 08:00:27:63:c0:d1 brd ff:ff:ff:ff:ff:ff
2026-01-10T13:30:42+00:00     RX:  bytes packets errors dropped  missed   mcast           
2026-01-10T13:30:42+00:00       44879540   74188      0       0       0    2880 
2026-01-10T13:30:42+00:00     TX:  bytes packets errors dropped carrier collsns           
2026-01-10T13:30:42+00:00      286417065  228182      0      14       0       0 
2026-01-10T13:30:43+00:00 2: enp0s3: <BROADCAST,MULTICAST,UP,LOWER_UP> mtu 1500 qdisc fq_codel state UP mode DEFAULT group default qlen 1000
2026-01-10T13:30:43+00:00     link/ether 08:00:27:63:c0:d1 brd ff:ff:ff:ff:ff:ff
2026-01-10T13:30:43+00:00     RX:  bytes packets errors dropped  missed   mcast           
2026-01-10T13:30:43+00:00       44879540   74188      0       0       0    2880 
2026-01-10T13:30:43+00:00     TX:  bytes packets errors dropped carrier collsns           
2026-01-10T13:30:43+00:00      286417065  228182      0      14       0       0 
2026-01-10T13:30:44+00:00 2: enp0s3: <BROADCAST,MULTICAST,UP,LOWER_UP> mtu 1500 qdisc fq_codel state UP mode DEFAULT group default qlen 1000
2026-01-10T13:30:44+00:00     link/ether 08:00:27:63:c0:d1 brd ff:ff:ff:ff:ff:ff
2026-01-10T13:30:44+00:00     RX:  bytes packets errors dropped  missed   mcast           
2026-01-10T13:30:44+00:00       44879540   74188      0       0       0    2880 
2026-01-10T13:30:44+00:00     TX:  bytes packets errors dropped carrier collsns           
2026-01-10T13:30:44+00:00      286417065  228182      0      14       0       0 
2026-01-10T13:30:45+00:00 2: enp0s3: <BROADCAST,MULTICAST,UP,LOWER_UP> mtu 1500 qdisc fq_codel state UP mode DEFAULT group default qlen 1000
2026-01-10T13:30:45+00:00     link/ether 08:00:27:63:c0:d1 brd ff:ff:ff:ff:ff:ff
2026-01-10T13:30:45+00:00     RX:  bytes packets errors dropped  missed   mcast           
2026-01-10T13:30:45+00:00       44879540   74188      0       0       0    2880 
2026-01-10T13:30:45+00:00     TX:  bytes packets errors dropped carrier collsns           
2026-01-10T13:30:45+00:00      286417065  228182      0      14       0       0 
2026-01-10T13:30:46+00:00 2: enp0s3: <BROADCAST,MULTICAST,UP,LOWER_UP> mtu 1500 qdisc fq_codel state UP mode DEFAULT group default qlen 1000
2026-01-10T13:30:46+00:00     link/ether 08:00:27:63:c0:d1 brd ff:ff:ff:ff:ff:ff
2026-01-10T13:30:46+00:00     RX:  bytes packets errors dropped  missed   mcast           
2026-01-10T13:30:46+00:00       44880437   74197      0       0       0    2881 
2026-01-10T13:30:46+00:00     TX:  bytes packets errors dropped carrier collsns           
2026-01-10T13:30:46+00:00      286421925  228189      0      14       0       0 
2026-01-10T13:30:47+00:00 2: enp0s3: <BROADCAST,MULTICAST,UP,LOWER_UP> mtu 1500 qdisc fq_codel state UP mode DEFAULT group default qlen 1000
2026-01-10T13:30:47+00:00     link/ether 08:00:27:63:c0:d1 brd ff:ff:ff:ff:ff:ff
2026-01-10T13:30:47+00:00     RX:  bytes packets errors dropped  missed   mcast           
2026-01-10T13:30:47+00:00       44880437   74197      0       0       0    2881 
2026-01-10T13:30:47+00:00     TX:  bytes packets errors dropped carrier collsns           
2026-01-10T13:30:47+00:00      286421925  228189      0      14       0       0 
2026-01-10T13:30:48+00:00 2: enp0s3: <BROADCAST,MULTICAST,UP,LOWER_UP> mtu 1500 qdisc fq_codel state UP mode DEFAULT group default qlen 1000
2026-01-10T13:30:48+00:00     link/ether 08:00:27:63:c0:d1 brd ff:ff:ff:ff:ff:ff
2026-01-10T13:30:48+00:00     RX:  bytes packets errors dropped  missed   mcast           
2026-01-10T13:30:48+00:00       44880437   74197      0       0       0    2881 
2026-01-10T13:30:48+00:00     TX:  bytes packets errors dropped carrier collsns           
2026-01-10T13:30:48+00:00      286422012  228190      0      14       0       0 
2026-01-10T13:30:49+00:00 2: enp0s3: <BROADCAST,MULTICAST,UP,LOWER_UP> mtu 1500 qdisc fq_codel state UP mode DEFAULT group default qlen 1000
2026-01-10T13:30:49+00:00     link/ether 08:00:27:63:c0:d1 brd ff:ff:ff:ff:ff:ff
2026-01-10T13:30:49+00:00     RX:  bytes packets errors dropped  missed   mcast           
2026-01-10T13:30:49+00:00       44880437   74197      0       0       0    2881 
2026-01-10T13:30:49+00:00     TX:  bytes packets errors dropped carrier collsns           
2026-01-10T13:30:49+00:00      286422012  228190      0      14       0       0 
2026-01-10T13:30:50+00:00 2: enp0s3: <BROADCAST,MULTICAST,UP,LOWER_UP> mtu 1500 qdisc fq_codel state UP mode DEFAULT group default qlen 1000
2026-01-10T13:30:50+00:00     link/ether 08:00:27:63:c0:d1 brd ff:ff:ff:ff:ff:ff
2026-01-10T13:30:50+00:00     RX:  bytes packets errors dropped  missed   mcast           
2026-01-10T13:30:50+00:00       44881586   74208      0       0       0    2881 
2026-01-10T13:30:50+00:00     TX:  bytes packets errors dropped carrier collsns           
2026-01-10T13:30:50+00:00      286431473  228202      0      14       0       0 
2026-01-10T13:30:51+00:00 2: enp0s3: <BROADCAST,MULTICAST,UP,LOWER_UP> mtu 1500 qdisc fq_codel state UP mode DEFAULT group default qlen 1000
2026-01-10T13:30:51+00:00     link/ether 08:00:27:63:c0:d1 brd ff:ff:ff:ff:ff:ff
2026-01-10T13:30:51+00:00     RX:  bytes packets errors dropped  missed   mcast           
2026-01-10T13:30:51+00:00       44881586   74208      0       0       0    2881 
2026-01-10T13:30:51+00:00     TX:  bytes packets errors dropped carrier collsns           
2026-01-10T13:30:51+00:00      286431473  228202      0      14       0       0 
2026-01-10T13:30:52+00:00 2: enp0s3: <BROADCAST,MULTICAST,UP,LOWER_UP> mtu 1500 qdisc fq_codel state UP mode DEFAULT group default qlen 1000
2026-01-10T13:30:52+00:00     link/ether 08:00:27:63:c0:d1 brd ff:ff:ff:ff:ff:ff
2026-01-10T13:30:52+00:00     RX:  bytes packets errors dropped  missed   mcast           
2026-01-10T13:30:52+00:00       44881586   74208      0       0       0    2881 
2026-01-10T13:30:52+00:00     TX:  bytes packets errors dropped carrier collsns           
2026-01-10T13:30:52+00:00      286431473  228202      0      14       0       0 
2026-01-10T13:30:53+00:00 2: enp0s3: <BROADCAST,MULTICAST,UP,LOWER_UP> mtu 1500 qdisc fq_codel state UP mode DEFAULT group default qlen 1000
2026-01-10T13:30:53+00:00     link/ether 08:00:27:63:c0:d1 brd ff:ff:ff:ff:ff:ff
2026-01-10T13:30:53+00:00     RX:  bytes packets errors dropped  missed   mcast           
2026-01-10T13:30:53+00:00       44881586   74208      0       0       0    2881 
2026-01-10T13:30:53+00:00     TX:  bytes packets errors dropped carrier collsns           
2026-01-10T13:30:53+00:00      286431473  228202      0      14       0       0 
2026-01-10T13:30:54+00:00 2: enp0s3: <BROADCAST,MULTICAST,UP,LOWER_UP> mtu 1500 qdisc fq_codel state UP mode DEFAULT group default qlen 1000
2026-01-10T13:30:54+00:00     link/ether 08:00:27:63:c0:d1 brd ff:ff:ff:ff:ff:ff
2026-01-10T13:30:54+00:00     RX:  bytes packets errors dropped  missed   mcast           
2026-01-10T13:30:54+00:00       44881586   74208      0       0       0    2881 
2026-01-10T13:30:54+00:00     TX:  bytes packets errors dropped carrier collsns           
2026-01-10T13:30:54+00:00      286431473  228202      0      14       0       0 
2026-01-10T13:30:55+00:00 2: enp0s3: <BROADCAST,MULTICAST,UP,LOWER_UP> mtu 1500 qdisc fq_codel state UP mode DEFAULT group default qlen 1000
2026-01-10T13:30:55+00:00     link/ether 08:00:27:63:c0:d1 brd ff:ff:ff:ff:ff:ff
2026-01-10T13:30:55+00:00     RX:  bytes packets errors dropped  missed   mcast           
2026-01-10T13:30:55+00:00       44882314   74215      0       0       0    2881 
2026-01-10T13:30:55+00:00     TX:  bytes packets errors dropped carrier collsns           
2026-01-10T13:30:55+00:00      286436333  228209      0      14       0       0 
2026-01-10T13:30:56+00:00 2: enp0s3: <BROADCAST,MULTICAST,UP,LOWER_UP> mtu 1500 qdisc fq_codel state UP mode DEFAULT group default qlen 1000
2026-01-10T13:30:56+00:00     link/ether 08:00:27:63:c0:d1 brd ff:ff:ff:ff:ff:ff
2026-01-10T13:30:56+00:00     RX:  bytes packets errors dropped  missed   mcast           
2026-01-10T13:30:56+00:00       44882314   74215      0       0       0    2881 
2026-01-10T13:30:56+00:00     TX:  bytes packets errors dropped carrier collsns           
2026-01-10T13:30:56+00:00      286436333  228209      0      14       0       0 
2026-01-10T13:30:57+00:00 2: enp0s3: <BROADCAST,MULTICAST,UP,LOWER_UP> mtu 1500 qdisc fq_codel state UP mode DEFAULT group default qlen 1000
2026-01-10T13:30:57+00:00     link/ether 08:00:27:63:c0:d1 brd ff:ff:ff:ff:ff:ff
2026-01-10T13:30:57+00:00     RX:  bytes packets errors dropped  missed   mcast           
2026-01-10T13:30:57+00:00       44882314   74215      0       0       0    2881 
2026-01-10T13:30:57+00:00     TX:  bytes packets errors dropped carrier collsns           
2026-01-10T13:30:57+00:00      286436333  228209      0      14       0       0 
2026-01-10T13:30:58+00:00 2: enp0s3: <BROADCAST,MULTICAST,UP,LOWER_UP> mtu 1500 qdisc fq_codel state UP mode DEFAULT group default qlen 1000
2026-01-10T13:30:58+00:00     link/ether 08:00:27:63:c0:d1 brd ff:ff:ff:ff:ff:ff
2026-01-10T13:30:58+00:00     RX:  bytes packets errors dropped  missed   mcast           
2026-01-10T13:30:58+00:00       44882314   74215      0       0       0    2881 
2026-01-10T13:30:58+00:00     TX:  bytes packets errors dropped carrier collsns           
2026-01-10T13:30:58+00:00      286436333  228209      0      14       0       0 
2026-01-10T13:30:59+00:00 2: enp0s3: <BROADCAST,MULTICAST,UP,LOWER_UP> mtu 1500 qdisc fq_codel state UP mode DEFAULT group default qlen 1000
2026-01-10T13:30:59+00:00     link/ether 08:00:27:63:c0:d1 brd ff:ff:ff:ff:ff:ff
2026-01-10T13:30:59+00:00     RX:  bytes packets errors dropped  missed   mcast           
2026-01-10T13:30:59+00:00       44883042   74222      0       0       0    2881 
2026-01-10T13:30:59+00:00     TX:  bytes packets errors dropped carrier collsns           
2026-01-10T13:30:59+00:00      286441193  228216      0      14       0       0 
2026-01-10T13:31:00+00:00 2: enp0s3: <BROADCAST,MULTICAST,UP,LOWER_UP> mtu 1500 qdisc fq_codel state UP mode DEFAULT group default qlen 1000
2026-01-10T13:31:00+00:00     link/ether 08:00:27:63:c0:d1 brd ff:ff:ff:ff:ff:ff
2026-01-10T13:31:00+00:00     RX:  bytes packets errors dropped  missed   mcast           
2026-01-10T13:31:00+00:00       44883042   74222      0       0       0    2881 
2026-01-10T13:31:00+00:00     TX:  bytes packets errors dropped carrier collsns           
2026-01-10T13:31:00+00:00      286441193  228216      0      14       0       0 
2026-01-10T13:31:01+00:00 2: enp0s3: <BROADCAST,MULTICAST,UP,LOWER_UP> mtu 1500 qdisc fq_codel state UP mode DEFAULT group default qlen 1000
2026-01-10T13:31:01+00:00     link/ether 08:00:27:63:c0:d1 brd ff:ff:ff:ff:ff:ff
2026-01-10T13:31:01+00:00     RX:  bytes packets errors dropped  missed   mcast           
2026-01-10T13:31:01+00:00       44883042   74222      0       0       0    2881 
2026-01-10T13:31:01+00:00     TX:  bytes packets errors dropped carrier collsns           
2026-01-10T13:31:01+00:00      286441193  228216      0      14       0       0 
2026-01-10T13:31:02+00:00 2: enp0s3: <BROADCAST,MULTICAST,UP,LOWER_UP> mtu 1500 qdisc fq_codel state UP mode DEFAULT group default qlen 1000
2026-01-10T13:31:02+00:00     link/ether 08:00:27:63:c0:d1 brd ff:ff:ff:ff:ff:ff
2026-01-10T13:31:02+00:00     RX:  bytes packets errors dropped  missed   mcast           
2026-01-10T13:31:02+00:00       44883042   74222      0       0       0    2881 
2026-01-10T13:31:02+00:00     TX:  bytes packets errors dropped carrier collsns           
2026-01-10T13:31:02+00:00      286441193  228216      0      14       0       0 
2026-01-10T13:31:03+00:00 2: enp0s3: <BROADCAST,MULTICAST,UP,LOWER_UP> mtu 1500 qdisc fq_codel state UP mode DEFAULT group default qlen 1000
2026-01-10T13:31:03+00:00     link/ether 08:00:27:63:c0:d1 brd ff:ff:ff:ff:ff:ff
2026-01-10T13:31:03+00:00     RX:  bytes packets errors dropped  missed   mcast           
2026-01-10T13:31:03+00:00       44883770   74229      0       0       0    2881 
2026-01-10T13:31:03+00:00     TX:  bytes packets errors dropped carrier collsns           
2026-01-10T13:31:03+00:00      286446053  228223      0      14       0       0 
2026-01-10T13:31:04+00:00 2: enp0s3: <BROADCAST,MULTICAST,UP,LOWER_UP> mtu 1500 qdisc fq_codel state UP mode DEFAULT group default qlen 1000
2026-01-10T13:31:04+00:00     link/ether 08:00:27:63:c0:d1 brd ff:ff:ff:ff:ff:ff
2026-01-10T13:31:04+00:00     RX:  bytes packets errors dropped  missed   mcast           
2026-01-10T13:31:04+00:00       44883770   74229      0       0       0    2881 
2026-01-10T13:31:04+00:00     TX:  bytes packets errors dropped carrier collsns           
2026-01-10T13:31:04+00:00      286446053  228223      0      14       0       0 
2026-01-10T13:31:05+00:00 2: enp0s3: <BROADCAST,MULTICAST,UP,LOWER_UP> mtu 1500 qdisc fq_codel state UP mode DEFAULT group default qlen 1000
2026-01-10T13:31:05+00:00     link/ether 08:00:27:63:c0:d1 brd ff:ff:ff:ff:ff:ff
2026-01-10T13:31:05+00:00     RX:  bytes packets errors dropped  missed   mcast           
2026-01-10T13:31:05+00:00       44883770   74229      0       0       0    2881 
2026-01-10T13:31:05+00:00     TX:  bytes packets errors dropped carrier collsns           
2026-01-10T13:31:05+00:00      286446053  228223      0      14       0       0 
2026-01-10T13:31:06+00:00 2: enp0s3: <BROADCAST,MULTICAST,UP,LOWER_UP> mtu 1500 qdisc fq_codel state UP mode DEFAULT group default qlen 1000
2026-01-10T13:31:06+00:00     link/ether 08:00:27:63:c0:d1 brd ff:ff:ff:ff:ff:ff
2026-01-10T13:31:06+00:00     RX:  bytes packets errors dropped  missed   mcast           
2026-01-10T13:31:06+00:00       44883873   74230      0       0       0    2882 
2026-01-10T13:31:06+00:00     TX:  bytes packets errors dropped carrier collsns           
2026-01-10T13:31:06+00:00      286446053  228223      0      14       0       0 
2026-01-10T13:31:07+00:00 2: enp0s3: <BROADCAST,MULTICAST,UP,LOWER_UP> mtu 1500 qdisc fq_codel state UP mode DEFAULT group default qlen 1000
2026-01-10T13:31:07+00:00     link/ether 08:00:27:63:c0:d1 brd ff:ff:ff:ff:ff:ff
2026-01-10T13:31:07+00:00     RX:  bytes packets errors dropped  missed   mcast           
2026-01-10T13:31:07+00:00       44884667   74238      0       0       0    2882 
2026-01-10T13:31:07+00:00     TX:  bytes packets errors dropped carrier collsns           
2026-01-10T13:31:07+00:00      286450913  228230      0      14       0       0 
2026-01-10T13:31:08+00:00 2: enp0s3: <BROADCAST,MULTICAST,UP,LOWER_UP> mtu 1500 qdisc fq_codel state UP mode DEFAULT group default qlen 1000
2026-01-10T13:31:08+00:00     link/ether 08:00:27:63:c0:d1 brd ff:ff:ff:ff:ff:ff
2026-01-10T13:31:08+00:00     RX:  bytes packets errors dropped  missed   mcast           
2026-01-10T13:31:08+00:00       44884667   74238      0       0       0    2882 
2026-01-10T13:31:08+00:00     TX:  bytes packets errors dropped carrier collsns           
2026-01-10T13:31:08+00:00      286450913  228230      0      14       0       0 
2026-01-10T13:31:10+00:00 2: enp0s3: <BROADCAST,MULTICAST,UP,LOWER_UP> mtu 1500 qdisc fq_codel state UP mode DEFAULT group default qlen 1000
2026-01-10T13:31:10+00:00     link/ether 08:00:27:63:c0:d1 brd ff:ff:ff:ff:ff:ff
2026-01-10T13:31:10+00:00     RX:  bytes packets errors dropped  missed   mcast           
2026-01-10T13:31:10+00:00       44884667   74238      0       0       0    2882 
2026-01-10T13:31:10+00:00     TX:  bytes packets errors dropped carrier collsns           
2026-01-10T13:31:10+00:00      286450913  228230      0      14       0       0 
2026-01-10T13:31:11+00:00 2: enp0s3: <BROADCAST,MULTICAST,UP,LOWER_UP> mtu 1500 qdisc fq_codel state UP mode DEFAULT group default qlen 1000
2026-01-10T13:31:11+00:00     link/ether 08:00:27:63:c0:d1 brd ff:ff:ff:ff:ff:ff
2026-01-10T13:31:11+00:00     RX:  bytes packets errors dropped  missed   mcast           
2026-01-10T13:31:11+00:00       44884667   74238      0       0       0    2882 
2026-01-10T13:31:11+00:00     TX:  bytes packets errors dropped carrier collsns           
2026-01-10T13:31:11+00:00      286450913  228230      0      14       0       0 
2026-01-10T13:31:12+00:00 2: enp0s3: <BROADCAST,MULTICAST,UP,LOWER_UP> mtu 1500 qdisc fq_codel state UP mode DEFAULT group default qlen 1000
2026-01-10T13:31:12+00:00     link/ether 08:00:27:63:c0:d1 brd ff:ff:ff:ff:ff:ff
2026-01-10T13:31:12+00:00     RX:  bytes packets errors dropped  missed   mcast           
2026-01-10T13:31:12+00:00       44885461   74246      0       0       0    2882 
2026-01-10T13:31:12+00:00     TX:  bytes packets errors dropped carrier collsns           
2026-01-10T13:31:12+00:00      286455773  228237      0      14       0       0 
2026-01-10T13:31:13+00:00 2: enp0s3: <BROADCAST,MULTICAST,UP,LOWER_UP> mtu 1500 qdisc fq_codel state UP mode DEFAULT group default qlen 1000
2026-01-10T13:31:13+00:00     link/ether 08:00:27:63:c0:d1 brd ff:ff:ff:ff:ff:ff
2026-01-10T13:31:13+00:00     RX:  bytes packets errors dropped  missed   mcast           
2026-01-10T13:31:13+00:00       44885461   74246      0       0       0    2882 
2026-01-10T13:31:13+00:00     TX:  bytes packets errors dropped carrier collsns           
2026-01-10T13:31:13+00:00      286455773  228237      0      14       0       0 
2026-01-10T13:31:14+00:00 2: enp0s3: <BROADCAST,MULTICAST,UP,LOWER_UP> mtu 1500 qdisc fq_codel state UP mode DEFAULT group default qlen 1000
2026-01-10T13:31:14+00:00     link/ether 08:00:27:63:c0:d1 brd ff:ff:ff:ff:ff:ff
2026-01-10T13:31:14+00:00     RX:  bytes packets errors dropped  missed   mcast           
2026-01-10T13:31:14+00:00       44885461   74246      0       0       0    2882 
2026-01-10T13:31:14+00:00     TX:  bytes packets errors dropped carrier collsns           
2026-01-10T13:31:14+00:00      286455773  228237      0      14       0       0 
2026-01-10T13:31:15+00:00 2: enp0s3: <BROADCAST,MULTICAST,UP,LOWER_UP> mtu 1500 qdisc fq_codel state UP mode DEFAULT group default qlen 1000
2026-01-10T13:31:15+00:00     link/ether 08:00:27:63:c0:d1 brd ff:ff:ff:ff:ff:ff
2026-01-10T13:31:15+00:00     RX:  bytes packets errors dropped  missed   mcast           
2026-01-10T13:31:15+00:00       44885461   74246      0       0       0    2882 
2026-01-10T13:31:15+00:00     TX:  bytes packets errors dropped carrier collsns           
2026-01-10T13:31:15+00:00      286455773  228237      0      14       0       0 
2026-01-10T13:31:16+00:00 2: enp0s3: <BROADCAST,MULTICAST,UP,LOWER_UP> mtu 1500 qdisc fq_codel state UP mode DEFAULT group default qlen 1000
2026-01-10T13:31:16+00:00     link/ether 08:00:27:63:c0:d1 brd ff:ff:ff:ff:ff:ff
2026-01-10T13:31:16+00:00     RX:  bytes packets errors dropped  missed   mcast           
2026-01-10T13:31:16+00:00       44886255   74254      0       0       0    2882 
2026-01-10T13:31:16+00:00     TX:  bytes packets errors dropped carrier collsns           
2026-01-10T13:31:16+00:00      286460633  228244      0      14       0       0 
2026-01-10T13:31:17+00:00 2: enp0s3: <BROADCAST,MULTICAST,UP,LOWER_UP> mtu 1500 qdisc fq_codel state UP mode DEFAULT group default qlen 1000
2026-01-10T13:31:17+00:00     link/ether 08:00:27:63:c0:d1 brd ff:ff:ff:ff:ff:ff
2026-01-10T13:31:17+00:00     RX:  bytes packets errors dropped  missed   mcast           
2026-01-10T13:31:17+00:00       44886255   74254      0       0       0    2882 
2026-01-10T13:31:17+00:00     TX:  bytes packets errors dropped carrier collsns           
2026-01-10T13:31:17+00:00      286460633  228244      0      14       0       0 
2026-01-10T13:31:18+00:00 2: enp0s3: <BROADCAST,MULTICAST,UP,LOWER_UP> mtu 1500 qdisc fq_codel state UP mode DEFAULT group default qlen 1000
2026-01-10T13:31:18+00:00     link/ether 08:00:27:63:c0:d1 brd ff:ff:ff:ff:ff:ff
2026-01-10T13:31:18+00:00     RX:  bytes packets errors dropped  missed   mcast           
2026-01-10T13:31:18+00:00       44886255   74254      0       0       0    2882 
2026-01-10T13:31:18+00:00     TX:  bytes packets errors dropped carrier collsns           
2026-01-10T13:31:18+00:00      286460633  228244      0      14       0       0 
2026-01-10T13:31:19+00:00 2: enp0s3: <BROADCAST,MULTICAST,UP,LOWER_UP> mtu 1500 qdisc fq_codel state UP mode DEFAULT group default qlen 1000
2026-01-10T13:31:19+00:00     link/ether 08:00:27:63:c0:d1 brd ff:ff:ff:ff:ff:ff
2026-01-10T13:31:19+00:00     RX:  bytes packets errors dropped  missed   mcast           
2026-01-10T13:31:19+00:00       44886334   74255      0       0       0    2883 
2026-01-10T13:31:19+00:00     TX:  bytes packets errors dropped carrier collsns           
2026-01-10T13:31:19+00:00      286460633  228244      0      14       0       0 
2026-01-10T13:31:20+00:00 2: enp0s3: <BROADCAST,MULTICAST,UP,LOWER_UP> mtu 1500 qdisc fq_codel state UP mode DEFAULT group default qlen 1000
2026-01-10T13:31:20+00:00     link/ether 08:00:27:63:c0:d1 brd ff:ff:ff:ff:ff:ff
2026-01-10T13:31:20+00:00     RX:  bytes packets errors dropped  missed   mcast           
2026-01-10T13:31:20+00:00       44887417   74265      0       0       0    2883 
2026-01-10T13:31:20+00:00     TX:  bytes packets errors dropped carrier collsns           
2026-01-10T13:31:20+00:00      286466378  228254      0      14       0       0 
2026-01-10T13:31:21+00:00 2: enp0s3: <BROADCAST,MULTICAST,UP,LOWER_UP> mtu 1500 qdisc fq_codel state UP mode DEFAULT group default qlen 1000
2026-01-10T13:31:21+00:00     link/ether 08:00:27:63:c0:d1 brd ff:ff:ff:ff:ff:ff
2026-01-10T13:31:21+00:00     RX:  bytes packets errors dropped  missed   mcast           
2026-01-10T13:31:21+00:00       44887417   74265      0       0       0    2883 
2026-01-10T13:31:21+00:00     TX:  bytes packets errors dropped carrier collsns           
2026-01-10T13:31:21+00:00      286466465  228255      0      14       0       0 
2026-01-10T13:31:22+00:00 2: enp0s3: <BROADCAST,MULTICAST,UP,LOWER_UP> mtu 1500 qdisc fq_codel state UP mode DEFAULT group default qlen 1000
2026-01-10T13:31:22+00:00     link/ether 08:00:27:63:c0:d1 brd ff:ff:ff:ff:ff:ff
2026-01-10T13:31:22+00:00     RX:  bytes packets errors dropped  missed   mcast           
2026-01-10T13:31:22+00:00       44887417   74265      0       0       0    2883 
2026-01-10T13:31:22+00:00     TX:  bytes packets errors dropped carrier collsns           
2026-01-10T13:31:22+00:00      286466465  228255      0      14       0       0 
2026-01-10T13:31:23+00:00 2: enp0s3: <BROADCAST,MULTICAST,UP,LOWER_UP> mtu 1500 qdisc fq_codel state UP mode DEFAULT group default qlen 1000
2026-01-10T13:31:23+00:00     link/ether 08:00:27:63:c0:d1 brd ff:ff:ff:ff:ff:ff
2026-01-10T13:31:23+00:00     RX:  bytes packets errors dropped  missed   mcast           
2026-01-10T13:31:23+00:00       44887417   74265      0       0       0    2883 
2026-01-10T13:31:23+00:00     TX:  bytes packets errors dropped carrier collsns           
2026-01-10T13:31:23+00:00      286466465  228255      0      14       0       0 
2026-01-10T13:31:24+00:00 2: enp0s3: <BROADCAST,MULTICAST,UP,LOWER_UP> mtu 1500 qdisc fq_codel state UP mode DEFAULT group default qlen 1000
2026-01-10T13:31:24+00:00     link/ether 08:00:27:63:c0:d1 brd ff:ff:ff:ff:ff:ff
2026-01-10T13:31:24+00:00     RX:  bytes packets errors dropped  missed   mcast           
2026-01-10T13:31:24+00:00       44888145   74272      0       0       0    2883 
2026-01-10T13:31:24+00:00     TX:  bytes packets errors dropped carrier collsns           
2026-01-10T13:31:24+00:00      286471325  228262      0      14       0       0 
2026-01-10T13:31:25+00:00 2: enp0s3: <BROADCAST,MULTICAST,UP,LOWER_UP> mtu 1500 qdisc fq_codel state UP mode DEFAULT group default qlen 1000
2026-01-10T13:31:25+00:00     link/ether 08:00:27:63:c0:d1 brd ff:ff:ff:ff:ff:ff
2026-01-10T13:31:25+00:00     RX:  bytes packets errors dropped  missed   mcast           
2026-01-10T13:31:25+00:00       44888145   74272      0       0       0    2883 
2026-01-10T13:31:25+00:00     TX:  bytes packets errors dropped carrier collsns           
2026-01-10T13:31:25+00:00      286471325  228262      0      14       0       0 
2026-01-10T13:31:26+00:00 2: enp0s3: <BROADCAST,MULTICAST,UP,LOWER_UP> mtu 1500 qdisc fq_codel state UP mode DEFAULT group default qlen 1000
2026-01-10T13:31:26+00:00     link/ether 08:00:27:63:c0:d1 brd ff:ff:ff:ff:ff:ff
2026-01-10T13:31:26+00:00     RX:  bytes packets errors dropped  missed   mcast           
2026-01-10T13:31:26+00:00       44888248   74273      0       0       0    2883 
2026-01-10T13:31:26+00:00     TX:  bytes packets errors dropped carrier collsns           
2026-01-10T13:31:26+00:00      286471325  228262      0      14       0       0 
2026-01-10T13:31:27+00:00 2: enp0s3: <BROADCAST,MULTICAST,UP,LOWER_UP> mtu 1500 qdisc fq_codel state UP mode DEFAULT group default qlen 1000
2026-01-10T13:31:27+00:00     link/ether 08:00:27:63:c0:d1 brd ff:ff:ff:ff:ff:ff
2026-01-10T13:31:27+00:00     RX:  bytes packets errors dropped  missed   mcast           
2026-01-10T13:31:27+00:00       44888248   74273      0       0       0    2884 
2026-01-10T13:31:27+00:00     TX:  bytes packets errors dropped carrier collsns           
2026-01-10T13:31:27+00:00      286471325  228262      0      14       0       0 
2026-01-10T13:31:28+00:00 2: enp0s3: <BROADCAST,MULTICAST,UP,LOWER_UP> mtu 1500 qdisc fq_codel state UP mode DEFAULT group default qlen 1000
2026-01-10T13:31:28+00:00     link/ether 08:00:27:63:c0:d1 brd ff:ff:ff:ff:ff:ff
2026-01-10T13:31:28+00:00     RX:  bytes packets errors dropped  missed   mcast           
2026-01-10T13:31:28+00:00       44889042   74281      0       0       0    2884 
2026-01-10T13:31:28+00:00     TX:  bytes packets errors dropped carrier collsns           
2026-01-10T13:31:28+00:00      286476185  228269      0      14       0       0 
2026-01-10T13:31:29+00:00 2: enp0s3: <BROADCAST,MULTICAST,UP,LOWER_UP> mtu 1500 qdisc fq_codel state UP mode DEFAULT group default qlen 1000
2026-01-10T13:31:29+00:00     link/ether 08:00:27:63:c0:d1 brd ff:ff:ff:ff:ff:ff
2026-01-10T13:31:29+00:00     RX:  bytes packets errors dropped  missed   mcast           
2026-01-10T13:31:29+00:00       44889042   74281      0       0       0    2884 
2026-01-10T13:31:29+00:00     TX:  bytes packets errors dropped carrier collsns           
2026-01-10T13:31:29+00:00      286476185  228269      0      14       0       0 
2026-01-10T13:31:30+00:00 2: enp0s3: <BROADCAST,MULTICAST,UP,LOWER_UP> mtu 1500 qdisc fq_codel state UP mode DEFAULT group default qlen 1000
2026-01-10T13:31:30+00:00     link/ether 08:00:27:63:c0:d1 brd ff:ff:ff:ff:ff:ff
2026-01-10T13:31:30+00:00     RX:  bytes packets errors dropped  missed   mcast           
2026-01-10T13:31:30+00:00       44889042   74281      0       0       0    2884 
2026-01-10T13:31:30+00:00     TX:  bytes packets errors dropped carrier collsns           
2026-01-10T13:31:30+00:00      286476185  228269      0      14       0       0 
2026-01-10T13:31:31+00:00 2: enp0s3: <BROADCAST,MULTICAST,UP,LOWER_UP> mtu 1500 qdisc fq_codel state UP mode DEFAULT group default qlen 1000
2026-01-10T13:31:31+00:00     link/ether 08:00:27:63:c0:d1 brd ff:ff:ff:ff:ff:ff
2026-01-10T13:31:31+00:00     RX:  bytes packets errors dropped  missed   mcast           
2026-01-10T13:31:31+00:00       44889042   74281      0       0       0    2884 
2026-01-10T13:31:31+00:00     TX:  bytes packets errors dropped carrier collsns           
2026-01-10T13:31:31+00:00      286476185  228269      0      14       0       0 
2026-01-10T13:31:32+00:00 2: enp0s3: <BROADCAST,MULTICAST,UP,LOWER_UP> mtu 1500 qdisc fq_codel state UP mode DEFAULT group default qlen 1000
2026-01-10T13:31:32+00:00     link/ether 08:00:27:63:c0:d1 brd ff:ff:ff:ff:ff:ff
2026-01-10T13:31:32+00:00     RX:  bytes packets errors dropped  missed   mcast           
2026-01-10T13:31:32+00:00       44889836   74289      0       0       0    2884 
2026-01-10T13:31:32+00:00     TX:  bytes packets errors dropped carrier collsns           
2026-01-10T13:31:32+00:00      286481045  228276      0      14       0       0 
2026-01-10T13:31:33+00:00 2: enp0s3: <BROADCAST,MULTICAST,UP,LOWER_UP> mtu 1500 qdisc fq_codel state UP mode DEFAULT group default qlen 1000
2026-01-10T13:31:33+00:00     link/ether 08:00:27:63:c0:d1 brd ff:ff:ff:ff:ff:ff
2026-01-10T13:31:33+00:00     RX:  bytes packets errors dropped  missed   mcast           
2026-01-10T13:31:33+00:00       44889836   74289      0       0       0    2884 
2026-01-10T13:31:33+00:00     TX:  bytes packets errors dropped carrier collsns           
2026-01-10T13:31:33+00:00      286481045  228276      0      14       0       0 
2026-01-10T13:31:34+00:00 2: enp0s3: <BROADCAST,MULTICAST,UP,LOWER_UP> mtu 1500 qdisc fq_codel state UP mode DEFAULT group default qlen 1000
2026-01-10T13:31:34+00:00     link/ether 08:00:27:63:c0:d1 brd ff:ff:ff:ff:ff:ff
2026-01-10T13:31:34+00:00     RX:  bytes packets errors dropped  missed   mcast           
2026-01-10T13:31:34+00:00       44889836   74289      0       0       0    2884 
2026-01-10T13:31:34+00:00     TX:  bytes packets errors dropped carrier collsns           
2026-01-10T13:31:34+00:00      286481045  228276      0      14       0       0 
2026-01-10T13:31:35+00:00 2: enp0s3: <BROADCAST,MULTICAST,UP,LOWER_UP> mtu 1500 qdisc fq_codel state UP mode DEFAULT group default qlen 1000
2026-01-10T13:31:35+00:00     link/ether 08:00:27:63:c0:d1 brd ff:ff:ff:ff:ff:ff
2026-01-10T13:31:35+00:00     RX:  bytes packets errors dropped  missed   mcast           
2026-01-10T13:31:35+00:00       44889836   74289      0       0       0    2884 
2026-01-10T13:31:35+00:00     TX:  bytes packets errors dropped carrier collsns           
2026-01-10T13:31:35+00:00      286481045  228276      0      14       0       0 
2026-01-10T13:31:36+00:00 2: enp0s3: <BROADCAST,MULTICAST,UP,LOWER_UP> mtu 1500 qdisc fq_codel state UP mode DEFAULT group default qlen 1000
2026-01-10T13:31:36+00:00     link/ether 08:00:27:63:c0:d1 brd ff:ff:ff:ff:ff:ff
2026-01-10T13:31:36+00:00     RX:  bytes packets errors dropped  missed   mcast           
2026-01-10T13:31:36+00:00       44890690   74298      0       0       0    2884 
2026-01-10T13:31:36+00:00     TX:  bytes packets errors dropped carrier collsns           
2026-01-10T13:31:36+00:00      286485905  228283      0      14       0       0 
2026-01-10T13:31:37+00:00 2: enp0s3: <BROADCAST,MULTICAST,UP,LOWER_UP> mtu 1500 qdisc fq_codel state UP mode DEFAULT group default qlen 1000
2026-01-10T13:31:37+00:00     link/ether 08:00:27:63:c0:d1 brd ff:ff:ff:ff:ff:ff
2026-01-10T13:31:37+00:00     RX:  bytes packets errors dropped  missed   mcast           
2026-01-10T13:31:37+00:00       44890690   74298      0       0       0    2884 
2026-01-10T13:31:37+00:00     TX:  bytes packets errors dropped carrier collsns           
2026-01-10T13:31:37+00:00      286485905  228283      0      14       0       0 
2026-01-10T13:31:38+00:00 2: enp0s3: <BROADCAST,MULTICAST,UP,LOWER_UP> mtu 1500 qdisc fq_codel state UP mode DEFAULT group default qlen 1000
2026-01-10T13:31:38+00:00     link/ether 08:00:27:63:c0:d1 brd ff:ff:ff:ff:ff:ff
2026-01-10T13:31:38+00:00     RX:  bytes packets errors dropped  missed   mcast           
2026-01-10T13:31:38+00:00       44890690   74298      0       0       0    2884 
2026-01-10T13:31:38+00:00     TX:  bytes packets errors dropped carrier collsns           
2026-01-10T13:31:38+00:00      286485905  228283      0      14       0       0 
2026-01-10T13:31:39+00:00 2: enp0s3: <BROADCAST,MULTICAST,UP,LOWER_UP> mtu 1500 qdisc fq_codel state UP mode DEFAULT group default qlen 1000
2026-01-10T13:31:39+00:00     link/ether 08:00:27:63:c0:d1 brd ff:ff:ff:ff:ff:ff
2026-01-10T13:31:39+00:00     RX:  bytes packets errors dropped  missed   mcast           
2026-01-10T13:31:39+00:00       44890690   74298      0       0       0    2884 
2026-01-10T13:31:39+00:00     TX:  bytes packets errors dropped carrier collsns           
2026-01-10T13:31:39+00:00      286485905  228283      0      14       0       0 
2026-01-10T13:31:40+00:00 2: enp0s3: <BROADCAST,MULTICAST,UP,LOWER_UP> mtu 1500 qdisc fq_codel state UP mode DEFAULT group default qlen 1000
2026-01-10T13:31:40+00:00     link/ether 08:00:27:63:c0:d1 brd ff:ff:ff:ff:ff:ff
2026-01-10T13:31:40+00:00     RX:  bytes packets errors dropped  missed   mcast           
2026-01-10T13:31:40+00:00       44891484   74306      0       0       0    2884 
2026-01-10T13:31:40+00:00     TX:  bytes packets errors dropped carrier collsns           
2026-01-10T13:31:40+00:00      286490765  228290      0      14       0       0 
2026-01-10T13:31:41+00:00 2: enp0s3: <BROADCAST,MULTICAST,UP,LOWER_UP> mtu 1500 qdisc fq_codel state UP mode DEFAULT group default qlen 1000
2026-01-10T13:31:41+00:00     link/ether 08:00:27:63:c0:d1 brd ff:ff:ff:ff:ff:ff
2026-01-10T13:31:41+00:00     RX:  bytes packets errors dropped  missed   mcast           
2026-01-10T13:31:41+00:00       44891484   74306      0       0       0    2884 
2026-01-10T13:31:41+00:00     TX:  bytes packets errors dropped carrier collsns           
2026-01-10T13:31:41+00:00      286490765  228290      0      14       0       0 
2026-01-10T13:31:42+00:00 2: enp0s3: <BROADCAST,MULTICAST,UP,LOWER_UP> mtu 1500 qdisc fq_codel state UP mode DEFAULT group default qlen 1000
2026-01-10T13:31:42+00:00     link/ether 08:00:27:63:c0:d1 brd ff:ff:ff:ff:ff:ff
2026-01-10T13:31:42+00:00     RX:  bytes packets errors dropped  missed   mcast           
2026-01-10T13:31:42+00:00       44891587   74307      0       0       0    2884 
2026-01-10T13:31:42+00:00     TX:  bytes packets errors dropped carrier collsns           
2026-01-10T13:31:42+00:00      286490765  228290      0      14       0       0 
2026-01-10T13:31:43+00:00 2: enp0s3: <BROADCAST,MULTICAST,UP,LOWER_UP> mtu 1500 qdisc fq_codel state UP mode DEFAULT group default qlen 1000
2026-01-10T13:31:43+00:00     link/ether 08:00:27:63:c0:d1 brd ff:ff:ff:ff:ff:ff
2026-01-10T13:31:43+00:00     RX:  bytes packets errors dropped  missed   mcast           
2026-01-10T13:31:43+00:00       44891767   74310      0       0       0    2884 
2026-01-10T13:31:43+00:00     TX:  bytes packets errors dropped carrier collsns           
2026-01-10T13:31:43+00:00      286490765  228290      0      14       0       0 
2026-01-10T13:31:44+00:00 2: enp0s3: <BROADCAST,MULTICAST,UP,LOWER_UP> mtu 1500 qdisc fq_codel state UP mode DEFAULT group default qlen 1000
2026-01-10T13:31:44+00:00     link/ether 08:00:27:63:c0:d1 brd ff:ff:ff:ff:ff:ff
2026-01-10T13:31:44+00:00     RX:  bytes packets errors dropped  missed   mcast           
2026-01-10T13:31:44+00:00       44891767   74310      0       0       0    2888 
2026-01-10T13:31:44+00:00     TX:  bytes packets errors dropped carrier collsns           
2026-01-10T13:31:44+00:00      286490765  228290      0      14       0       0 
