2026-01-14T21:20:16+00:00 2: enp0s3: <BROADCAST,MULTICAST,UP,LOWER_UP> mtu 1500 qdisc fq_codel state UP mode DEFAULT group default qlen 1000
2026-01-14T21:20:16+00:00     link/ether 08:00:27:63:c0:d1 brd ff:ff:ff:ff:ff:ff
2026-01-14T21:20:16+00:00     RX:  bytes packets errors dropped  missed   mcast           
2026-01-14T21:20:16+00:00        3851496    7239      0       0       0      60 
2026-01-14T21:20:16+00:00     TX:  bytes packets errors dropped carrier collsns           
2026-01-14T21:20:16+00:00         631155    5660      0       0       0       0 
2026-01-14T21:20:17+00:00 2: enp0s3: <BROADCAST,MULTICAST,UP,LOWER_UP> mtu 1500 qdisc fq_codel state UP mode DEFAULT group default qlen 1000
2026-01-14T21:20:17+00:00     link/ether 08:00:27:63:c0:d1 brd ff:ff:ff:ff:ff:ff
2026-01-14T21:20:17+00:00     RX:  bytes packets errors dropped  missed   mcast           
2026-01-14T21:20:17+00:00        3965982    7669      0       0       0      60 
2026-01-14T21:20:17+00:00     TX:  bytes packets errors dropped carrier collsns           
2026-01-14T21:20:17+00:00         687862    6093      0       0       0       0 
2026-01-14T21:20:18+00:00 2: enp0s3: <BROADCAST,MULTICAST,UP,LOWER_UP> mtu 1500 qdisc fq_codel state UP mode DEFAULT group default qlen 1000
2026-01-14T21:20:18+00:00     link/ether 08:00:27:63:c0:d1 brd ff:ff:ff:ff:ff:ff
2026-01-14T21:20:18+00:00     RX:  bytes packets errors dropped  missed   mcast           
2026-01-14T21:20:18+00:00        3970980    7718      0       0       0      60 
2026-01-14T21:20:18+00:00     TX:  bytes packets errors dropped carrier collsns           
2026-01-14T21:20:18+00:00         692860    6142      0       0       0       0 
2026-01-14T21:20:19+00:00 2: enp0s3: <BROADCAST,MULTICAST,UP,LOWER_UP> mtu 1500 qdisc fq_codel state UP mode DEFAULT group default qlen 1000
2026-01-14T21:20:19+00:00     link/ether 08:00:27:63:c0:d1 brd ff:ff:ff:ff:ff:ff
2026-01-14T21:20:19+00:00     RX:  bytes packets errors dropped  missed   mcast           
2026-01-14T21:20:19+00:00        3971760    7726      0       0       0      60 
2026-01-14T21:20:19+00:00     TX:  bytes packets errors dropped carrier collsns           
2026-01-14T21:20:19+00:00         693574    6149      0       0       0       0 
2026-01-14T21:20:20+00:00 2: enp0s3: <BROADCAST,MULTICAST,UP,LOWER_UP> mtu 1500 qdisc fq_codel state UP mode DEFAULT group default qlen 1000
2026-01-14T21:20:20+00:00     link/ether 08:00:27:63:c0:d1 brd ff:ff:ff:ff:ff:ff
2026-01-14T21:20:20+00:00     RX:  bytes packets errors dropped  missed   mcast           
2026-01-14T21:20:20+00:00        3971760    7726      0       0       0      60 
2026-01-14T21:20:20+00:00     TX:  bytes packets errors dropped carrier collsns           
2026-01-14T21:20:20+00:00         693574    6149      0       0       0       0 
2026-01-14T21:20:21+00:00 2: enp0s3: <BROADCAST,MULTICAST,UP,LOWER_UP> mtu 1500 qdisc fq_codel state UP mode DEFAULT group default qlen 1000
2026-01-14T21:20:21+00:00     link/ether 08:00:27:63:c0:d1 brd ff:ff:ff:ff:ff:ff
2026-01-14T21:20:21+00:00     RX:  bytes packets errors dropped  missed   mcast           
2026-01-14T21:20:21+00:00        3972422    7732      0       0       0      60 
2026-01-14T21:20:21+00:00     TX:  bytes packets errors dropped carrier collsns           
2026-01-14T21:20:21+00:00         698434    6156      0       0       0       0 
2026-01-14T21:20:22+00:00 2: enp0s3: <BROADCAST,MULTICAST,UP,LOWER_UP> mtu 1500 qdisc fq_codel state UP mode DEFAULT group default qlen 1000
2026-01-14T21:20:22+00:00     link/ether 08:00:27:63:c0:d1 brd ff:ff:ff:ff:ff:ff
2026-01-14T21:20:22+00:00     RX:  bytes packets errors dropped  missed   mcast           
2026-01-14T21:20:22+00:00        3972422    7732      0       0       0      60 
2026-01-14T21:20:22+00:00     TX:  bytes packets errors dropped carrier collsns           
2026-01-14T21:20:22+00:00         698434    6156      0       0       0       0 
2026-01-14T21:20:23+00:00 2: enp0s3: <BROADCAST,MULTICAST,UP,LOWER_UP> mtu 1500 qdisc fq_codel state UP mode DEFAULT group default qlen 1000
2026-01-14T21:20:23+00:00     link/ether 08:00:27:63:c0:d1 brd ff:ff:ff:ff:ff:ff
2026-01-14T21:20:23+00:00     RX:  bytes packets errors dropped  missed   mcast           
2026-01-14T21:20:23+00:00        3972422    7732      0       0       0      60 
2026-01-14T21:20:23+00:00     TX:  bytes packets errors dropped carrier collsns           
2026-01-14T21:20:23+00:00         698434    6156      0       0       0       0 
2026-01-14T21:20:24+00:00 2: enp0s3: <BROADCAST,MULTICAST,UP,LOWER_UP> mtu 1500 qdisc fq_codel state UP mode DEFAULT group default qlen 1000
2026-01-14T21:20:24+00:00     link/ether 08:00:27:63:c0:d1 brd ff:ff:ff:ff:ff:ff
2026-01-14T21:20:24+00:00     RX:  bytes packets errors dropped  missed   mcast           
2026-01-14T21:20:24+00:00        3972422    7732      0       0       0      60 
2026-01-14T21:20:24+00:00     TX:  bytes packets errors dropped carrier collsns           
2026-01-14T21:20:24+00:00         698434    6156      0       0       0       0 
2026-01-14T21:20:25+00:00 2: enp0s3: <BROADCAST,MULTICAST,UP,LOWER_UP> mtu 1500 qdisc fq_codel state UP mode DEFAULT group default qlen 1000
2026-01-14T21:20:25+00:00     link/ether 08:00:27:63:c0:d1 brd ff:ff:ff:ff:ff:ff
2026-01-14T21:20:25+00:00     RX:  bytes packets errors dropped  missed   mcast           
2026-01-14T21:20:25+00:00        3972798    7736      0       0       0      60 
2026-01-14T21:20:25+00:00     TX:  bytes packets errors dropped carrier collsns           
2026-01-14T21:20:25+00:00         698434    6156      0       0       0       0 
2026-01-14T21:20:26+00:00 2: enp0s3: <BROADCAST,MULTICAST,UP,LOWER_UP> mtu 1500 qdisc fq_codel state UP mode DEFAULT group default qlen 1000
2026-01-14T21:20:26+00:00     link/ether 08:00:27:63:c0:d1 brd ff:ff:ff:ff:ff:ff
2026-01-14T21:20:26+00:00     RX:  bytes packets errors dropped  missed   mcast           
2026-01-14T21:20:26+00:00        3973460    7742      0       0       0      60 
2026-01-14T21:20:26+00:00     TX:  bytes packets errors dropped carrier collsns           
2026-01-14T21:20:26+00:00         703294    6163      0       0       0       0 
2026-01-14T21:20:27+00:00 2: enp0s3: <BROADCAST,MULTICAST,UP,LOWER_UP> mtu 1500 qdisc fq_codel state UP mode DEFAULT group default qlen 1000
2026-01-14T21:20:27+00:00     link/ether 08:00:27:63:c0:d1 brd ff:ff:ff:ff:ff:ff
2026-01-14T21:20:27+00:00     RX:  bytes packets errors dropped  missed   mcast           
2026-01-14T21:20:27+00:00        3973460    7742      0       0       0      64 
2026-01-14T21:20:27+00:00     TX:  bytes packets errors dropped carrier collsns           
2026-01-14T21:20:27+00:00         703294    6163      0       0       0       0 
2026-01-14T21:20:28+00:00 2: enp0s3: <BROADCAST,MULTICAST,UP,LOWER_UP> mtu 1500 qdisc fq_codel state UP mode DEFAULT group default qlen 1000
2026-01-14T21:20:28+00:00     link/ether 08:00:27:63:c0:d1 brd ff:ff:ff:ff:ff:ff
2026-01-14T21:20:28+00:00     RX:  bytes packets errors dropped  missed   mcast           
2026-01-14T21:20:28+00:00        3973460    7742      0       0       0      64 
2026-01-14T21:20:28+00:00     TX:  bytes packets errors dropped carrier collsns           
2026-01-14T21:20:28+00:00         703294    6163      0       0       0       0 
2026-01-14T21:20:29+00:00 2: enp0s3: <BROADCAST,MULTICAST,UP,LOWER_UP> mtu 1500 qdisc fq_codel state UP mode DEFAULT group default qlen 1000
2026-01-14T21:20:29+00:00     link/ether 08:00:27:63:c0:d1 brd ff:ff:ff:ff:ff:ff
2026-01-14T21:20:29+00:00     RX:  bytes packets errors dropped  missed   mcast           
2026-01-14T21:20:29+00:00        3973460    7742      0       0       0      64 
2026-01-14T21:20:29+00:00     TX:  bytes packets errors dropped carrier collsns           
2026-01-14T21:20:29+00:00         703294    6163      0       0       0       0 
2026-01-14T21:20:30+00:00 2: enp0s3: <BROADCAST,MULTICAST,UP,LOWER_UP> mtu 1500 qdisc fq_codel state UP mode DEFAULT group default qlen 1000
2026-01-14T21:20:30+00:00     link/ether 08:00:27:63:c0:d1 brd ff:ff:ff:ff:ff:ff
2026-01-14T21:20:30+00:00     RX:  bytes packets errors dropped  missed   mcast           
2026-01-14T21:20:30+00:00        3974122    7748      0       0       0      64 
2026-01-14T21:20:30+00:00     TX:  bytes packets errors dropped carrier collsns           
2026-01-14T21:20:30+00:00         708154    6170      0       0       0       0 
2026-01-14T21:20:31+00:00 2: enp0s3: <BROADCAST,MULTICAST,UP,LOWER_UP> mtu 1500 qdisc fq_codel state UP mode DEFAULT group default qlen 1000
2026-01-14T21:20:31+00:00     link/ether 08:00:27:63:c0:d1 brd ff:ff:ff:ff:ff:ff
2026-01-14T21:20:31+00:00     RX:  bytes packets errors dropped  missed   mcast           
2026-01-14T21:20:31+00:00        3974122    7748      0       0       0      64 
2026-01-14T21:20:31+00:00     TX:  bytes packets errors dropped carrier collsns           
2026-01-14T21:20:31+00:00         708154    6170      0       0       0       0 
2026-01-14T21:20:32+00:00 2: enp0s3: <BROADCAST,MULTICAST,UP,LOWER_UP> mtu 1500 qdisc fq_codel state UP mode DEFAULT group default qlen 1000
2026-01-14T21:20:32+00:00     link/ether 08:00:27:63:c0:d1 brd ff:ff:ff:ff:ff:ff
2026-01-14T21:20:32+00:00     RX:  bytes packets errors dropped  missed   mcast           
2026-01-14T21:20:32+00:00        3974122    7748      0       0       0      64 
2026-01-14T21:20:32+00:00     TX:  bytes packets errors dropped carrier collsns           
2026-01-14T21:20:32+00:00         708154    6170      0       0       0       0 
2026-01-14T21:20:33+00:00 2: enp0s3: <BROADCAST,MULTICAST,UP,LOWER_UP> mtu 1500 qdisc fq_codel state UP mode DEFAULT group default qlen 1000
2026-01-14T21:20:33+00:00     link/ether 08:00:27:63:c0:d1 brd ff:ff:ff:ff:ff:ff
2026-01-14T21:20:33+00:00     RX:  bytes packets errors dropped  missed   mcast           
2026-01-14T21:20:33+00:00        3974122    7748      0       0       0      64 
2026-01-14T21:20:33+00:00     TX:  bytes packets errors dropped carrier collsns           
2026-01-14T21:20:33+00:00         708154    6170      0       0       0       0 
2026-01-14T21:20:34+00:00 2: enp0s3: <BROADCAST,MULTICAST,UP,LOWER_UP> mtu 1500 qdisc fq_codel state UP mode DEFAULT group default qlen 1000
2026-01-14T21:20:34+00:00     link/ether 08:00:27:63:c0:d1 brd ff:ff:ff:ff:ff:ff
2026-01-14T21:20:34+00:00     RX:  bytes packets errors dropped  missed   mcast           
2026-01-14T21:20:34+00:00        3974784    7754      0       0       0      64 
2026-01-14T21:20:34+00:00     TX:  bytes packets errors dropped carrier collsns           
2026-01-14T21:20:34+00:00         713014    6177      0       0       0       0 
2026-01-14T21:20:35+00:00 2: enp0s3: <BROADCAST,MULTICAST,UP,LOWER_UP> mtu 1500 qdisc fq_codel state UP mode DEFAULT group default qlen 1000
2026-01-14T21:20:35+00:00     link/ether 08:00:27:63:c0:d1 brd ff:ff:ff:ff:ff:ff
2026-01-14T21:20:35+00:00     RX:  bytes packets errors dropped  missed   mcast           
2026-01-14T21:20:35+00:00        3974784    7754      0       0       0      64 
2026-01-14T21:20:35+00:00     TX:  bytes packets errors dropped carrier collsns           
2026-01-14T21:20:35+00:00         713014    6177      0       0       0       0 
2026-01-14T21:20:36+00:00 2: enp0s3: <BROADCAST,MULTICAST,UP,LOWER_UP> mtu 1500 qdisc fq_codel state UP mode DEFAULT group default qlen 1000
2026-01-14T21:20:36+00:00     link/ether 08:00:27:63:c0:d1 brd ff:ff:ff:ff:ff:ff
2026-01-14T21:20:36+00:00     RX:  bytes packets errors dropped  missed   mcast           
2026-01-14T21:20:36+00:00        3974784    7754      0       0       0      64 
2026-01-14T21:20:36+00:00     TX:  bytes packets errors dropped carrier collsns           
2026-01-14T21:20:36+00:00         713014    6177      0       0       0       0 
2026-01-14T21:20:37+00:00 2: enp0s3: <BROADCAST,MULTICAST,UP,LOWER_UP> mtu 1500 qdisc fq_codel state UP mode DEFAULT group default qlen 1000
2026-01-14T21:20:37+00:00     link/ether 08:00:27:63:c0:d1 brd ff:ff:ff:ff:ff:ff
2026-01-14T21:20:37+00:00     RX:  bytes packets errors dropped  missed   mcast           
2026-01-14T21:20:37+00:00        3974784    7754      0       0       0      64 
2026-01-14T21:20:37+00:00     TX:  bytes packets errors dropped carrier collsns           
2026-01-14T21:20:37+00:00         713014    6177      0       0       0       0 
2026-01-14T21:20:38+00:00 2: enp0s3: <BROADCAST,MULTICAST,UP,LOWER_UP> mtu 1500 qdisc fq_codel state UP mode DEFAULT group default qlen 1000
2026-01-14T21:20:38+00:00     link/ether 08:00:27:63:c0:d1 brd ff:ff:ff:ff:ff:ff
2026-01-14T21:20:38+00:00     RX:  bytes packets errors dropped  missed   mcast           
2026-01-14T21:20:38+00:00        3974784    7754      0       0       0      64 
2026-01-14T21:20:38+00:00     TX:  bytes packets errors dropped carrier collsns           
2026-01-14T21:20:38+00:00         713014    6177      0       0       0       0 
2026-01-14T21:20:39+00:00 2: enp0s3: <BROADCAST,MULTICAST,UP,LOWER_UP> mtu 1500 qdisc fq_codel state UP mode DEFAULT group default qlen 1000
2026-01-14T21:20:39+00:00     link/ether 08:00:27:63:c0:d1 brd ff:ff:ff:ff:ff:ff
2026-01-14T21:20:39+00:00     RX:  bytes packets errors dropped  missed   mcast           
2026-01-14T21:20:39+00:00        3975446    7760      0       0       0      64 
2026-01-14T21:20:39+00:00     TX:  bytes packets errors dropped carrier collsns           
2026-01-14T21:20:39+00:00         717874    6184      0       0       0       0 
2026-01-14T21:20:40+00:00 2: enp0s3: <BROADCAST,MULTICAST,UP,LOWER_UP> mtu 1500 qdisc fq_codel state UP mode DEFAULT group default qlen 1000
2026-01-14T21:20:40+00:00     link/ether 08:00:27:63:c0:d1 brd ff:ff:ff:ff:ff:ff
2026-01-14T21:20:40+00:00     RX:  bytes packets errors dropped  missed   mcast           
2026-01-14T21:20:40+00:00        3975446    7760      0       0       0      64 
2026-01-14T21:20:40+00:00     TX:  bytes packets errors dropped carrier collsns           
2026-01-14T21:20:40+00:00         717874    6184      0       0       0       0 
2026-01-14T21:20:41+00:00 2: enp0s3: <BROADCAST,MULTICAST,UP,LOWER_UP> mtu 1500 qdisc fq_codel state UP mode DEFAULT group default qlen 1000
2026-01-14T21:20:41+00:00     link/ether 08:00:27:63:c0:d1 brd ff:ff:ff:ff:ff:ff
2026-01-14T21:20:41+00:00     RX:  bytes packets errors dropped  missed   mcast           
2026-01-14T21:20:41+00:00        3975446    7760      0       0       0      64 
2026-01-14T21:20:41+00:00     TX:  bytes packets errors dropped carrier collsns           
2026-01-14T21:20:41+00:00         717874    6184      0       0       0       0 
2026-01-14T21:20:42+00:00 2: enp0s3: <BROADCAST,MULTICAST,UP,LOWER_UP> mtu 1500 qdisc fq_codel state UP mode DEFAULT group default qlen 1000
2026-01-14T21:20:42+00:00     link/ether 08:00:27:63:c0:d1 brd ff:ff:ff:ff:ff:ff
2026-01-14T21:20:42+00:00     RX:  bytes packets errors dropped  missed   mcast           
2026-01-14T21:20:42+00:00        3975446    7760      0       0       0      64 
2026-01-14T21:20:42+00:00     TX:  bytes packets errors dropped carrier collsns           
2026-01-14T21:20:42+00:00         717874    6184      0       0       0       0 
2026-01-14T21:20:43+00:00 2: enp0s3: <BROADCAST,MULTICAST,UP,LOWER_UP> mtu 1500 qdisc fq_codel state UP mode DEFAULT group default qlen 1000
2026-01-14T21:20:43+00:00     link/ether 08:00:27:63:c0:d1 brd ff:ff:ff:ff:ff:ff
2026-01-14T21:20:43+00:00     RX:  bytes packets errors dropped  missed   mcast           
2026-01-14T21:20:43+00:00        3976108    7766      0       0       0      64 
2026-01-14T21:20:43+00:00     TX:  bytes packets errors dropped carrier collsns           
2026-01-14T21:20:43+00:00         722734    6191      0       0       0       0 
2026-01-14T21:20:44+00:00 2: enp0s3: <BROADCAST,MULTICAST,UP,LOWER_UP> mtu 1500 qdisc fq_codel state UP mode DEFAULT group default qlen 1000
2026-01-14T21:20:44+00:00     link/ether 08:00:27:63:c0:d1 brd ff:ff:ff:ff:ff:ff
2026-01-14T21:20:44+00:00     RX:  bytes packets errors dropped  missed   mcast           
2026-01-14T21:20:44+00:00        3976108    7766      0       0       0      64 
2026-01-14T21:20:44+00:00     TX:  bytes packets errors dropped carrier collsns           
2026-01-14T21:20:44+00:00         722734    6191      0       0       0       0 
2026-01-14T21:20:45+00:00 2: enp0s3: <BROADCAST,MULTICAST,UP,LOWER_UP> mtu 1500 qdisc fq_codel state UP mode DEFAULT group default qlen 1000
2026-01-14T21:20:45+00:00     link/ether 08:00:27:63:c0:d1 brd ff:ff:ff:ff:ff:ff
2026-01-14T21:20:45+00:00     RX:  bytes packets errors dropped  missed   mcast           
2026-01-14T21:20:45+00:00        3976108    7766      0       0       0      64 
2026-01-14T21:20:45+00:00     TX:  bytes packets errors dropped carrier collsns           
2026-01-14T21:20:45+00:00         722734    6191      0       0       0       0 
2026-01-14T21:20:46+00:00 2: enp0s3: <BROADCAST,MULTICAST> mtu 1500 qdisc fq_codel state DOWN mode DEFAULT group default qlen 1000
2026-01-14T21:20:46+00:00     link/ether 08:00:27:63:c0:d1 brd ff:ff:ff:ff:ff:ff
2026-01-14T21:20:46+00:00     RX:  bytes packets errors dropped  missed   mcast           
2026-01-14T21:20:46+00:00        3976174    7767      0       0       0      64 
2026-01-14T21:20:46+00:00     TX:  bytes packets errors dropped carrier collsns           
2026-01-14T21:20:46+00:00         722892    6192      0       1       0       0 
2026-01-14T21:20:47+00:00 2: enp0s3: <BROADCAST,MULTICAST> mtu 1500 qdisc fq_codel state DOWN mode DEFAULT group default qlen 1000
2026-01-14T21:20:47+00:00     link/ether 08:00:27:63:c0:d1 brd ff:ff:ff:ff:ff:ff
2026-01-14T21:20:47+00:00     RX:  bytes packets errors dropped  missed   mcast           
2026-01-14T21:20:47+00:00        3976174    7767      0       0       0      64 
2026-01-14T21:20:47+00:00     TX:  bytes packets errors dropped carrier collsns           
2026-01-14T21:20:47+00:00         722892    6192      0       2       0       0 
2026-01-14T21:20:48+00:00 2: enp0s3: <BROADCAST,MULTICAST> mtu 1500 qdisc fq_codel state DOWN mode DEFAULT group default qlen 1000
2026-01-14T21:20:48+00:00     link/ether 08:00:27:63:c0:d1 brd ff:ff:ff:ff:ff:ff
2026-01-14T21:20:48+00:00     RX:  bytes packets errors dropped  missed   mcast           
2026-01-14T21:20:48+00:00        3976174    7767      0       0       0      64 
2026-01-14T21:20:48+00:00     TX:  bytes packets errors dropped carrier collsns           
2026-01-14T21:20:48+00:00         722892    6192      0       2       0       0 
2026-01-14T21:20:49+00:00 2: enp0s3: <BROADCAST,MULTICAST> mtu 1500 qdisc fq_codel state DOWN mode DEFAULT group default qlen 1000
2026-01-14T21:20:49+00:00     link/ether 08:00:27:63:c0:d1 brd ff:ff:ff:ff:ff:ff
2026-01-14T21:20:49+00:00     RX:  bytes packets errors dropped  missed   mcast           
2026-01-14T21:20:49+00:00        3976174    7767      0       0       0      64 
2026-01-14T21:20:49+00:00     TX:  bytes packets errors dropped carrier collsns           
2026-01-14T21:20:49+00:00         722892    6192      0       2       0       0 
2026-01-14T21:20:50+00:00 2: enp0s3: <BROADCAST,MULTICAST> mtu 1500 qdisc fq_codel state DOWN mode DEFAULT group default qlen 1000
2026-01-14T21:20:50+00:00     link/ether 08:00:27:63:c0:d1 brd ff:ff:ff:ff:ff:ff
2026-01-14T21:20:50+00:00     RX:  bytes packets errors dropped  missed   mcast           
2026-01-14T21:20:50+00:00        3976174    7767      0       0       0      64 
2026-01-14T21:20:50+00:00     TX:  bytes packets errors dropped carrier collsns           
2026-01-14T21:20:50+00:00         722892    6192      0       2       0       0 
2026-01-14T21:20:51+00:00 2: enp0s3: <BROADCAST,MULTICAST,UP,LOWER_UP> mtu 1500 qdisc fq_codel state UP mode DEFAULT group default qlen 1000
2026-01-14T21:20:51+00:00     link/ether 08:00:27:63:c0:d1 brd ff:ff:ff:ff:ff:ff
2026-01-14T21:20:51+00:00     RX:  bytes packets errors dropped  missed   mcast           
2026-01-14T21:20:51+00:00        3976858    7773      0       0       0      64 
2026-01-14T21:20:51+00:00     TX:  bytes packets errors dropped carrier collsns           
2026-01-14T21:20:51+00:00         723353    6197      0       3       0       0 
2026-01-14T21:20:52+00:00 2: enp0s3: <BROADCAST,MULTICAST,UP,LOWER_UP> mtu 1500 qdisc fq_codel state UP mode DEFAULT group default qlen 1000
2026-01-14T21:20:52+00:00     link/ether 08:00:27:63:c0:d1 brd ff:ff:ff:ff:ff:ff
2026-01-14T21:20:52+00:00     RX:  bytes packets errors dropped  missed   mcast           
2026-01-14T21:20:52+00:00        3977050    7776      0       0       0      64 
2026-01-14T21:20:52+00:00     TX:  bytes packets errors dropped carrier collsns           
2026-01-14T21:20:52+00:00         724200    6205      0       3       0       0 
2026-01-14T21:20:53+00:00 2: enp0s3: <BROADCAST,MULTICAST,UP,LOWER_UP> mtu 1500 qdisc fq_codel state UP mode DEFAULT group default qlen 1000
2026-01-14T21:20:53+00:00     link/ether 08:00:27:63:c0:d1 brd ff:ff:ff:ff:ff:ff
2026-01-14T21:20:53+00:00     RX:  bytes packets errors dropped  missed   mcast           
2026-01-14T21:20:53+00:00        3978643    7788      0       0       0      64 
2026-01-14T21:20:53+00:00     TX:  bytes packets errors dropped carrier collsns           
2026-01-14T21:20:53+00:00         731764    6227      0       3       0       0 
2026-01-14T21:20:54+00:00 2: enp0s3: <BROADCAST,MULTICAST,UP,LOWER_UP> mtu 1500 qdisc fq_codel state UP mode DEFAULT group default qlen 1000
2026-01-14T21:20:54+00:00     link/ether 08:00:27:63:c0:d1 brd ff:ff:ff:ff:ff:ff
2026-01-14T21:20:54+00:00     RX:  bytes packets errors dropped  missed   mcast           
2026-01-14T21:20:54+00:00        3979194    7792      0       0       0      64 
2026-01-14T21:20:54+00:00     TX:  bytes packets errors dropped carrier collsns           
2026-01-14T21:20:54+00:00         733778    6242      0       3       0       0 
2026-01-14T21:20:55+00:00 2: enp0s3: <BROADCAST,MULTICAST,UP,LOWER_UP> mtu 1500 qdisc fq_codel state UP mode DEFAULT group default qlen 1000
2026-01-14T21:20:55+00:00     link/ether 08:00:27:63:c0:d1 brd ff:ff:ff:ff:ff:ff
2026-01-14T21:20:55+00:00     RX:  bytes packets errors dropped  missed   mcast           
2026-01-14T21:20:55+00:00        3979194    7792      0       0       0      66 
2026-01-14T21:20:55+00:00     TX:  bytes packets errors dropped carrier collsns           
2026-01-14T21:20:55+00:00         735244    6251      0       3       0       0 
2026-01-14T21:20:56+00:00 2: enp0s3: <BROADCAST,MULTICAST,UP,LOWER_UP> mtu 1500 qdisc fq_codel state UP mode DEFAULT group default qlen 1000
2026-01-14T21:20:56+00:00     link/ether 08:00:27:63:c0:d1 brd ff:ff:ff:ff:ff:ff
2026-01-14T21:20:56+00:00     RX:  bytes packets errors dropped  missed   mcast           
2026-01-14T21:20:56+00:00        3979194    7792      0       0       0      66 
2026-01-14T21:20:56+00:00     TX:  bytes packets errors dropped carrier collsns           
2026-01-14T21:20:56+00:00         737959    6267      0       3       0       0 
2026-01-14T21:20:57+00:00 2: enp0s3: <BROADCAST,MULTICAST,UP,LOWER_UP> mtu 1500 qdisc fq_codel state UP mode DEFAULT group default qlen 1000
2026-01-14T21:20:57+00:00     link/ether 08:00:27:63:c0:d1 brd ff:ff:ff:ff:ff:ff
2026-01-14T21:20:57+00:00     RX:  bytes packets errors dropped  missed   mcast           
2026-01-14T21:20:57+00:00        3979194    7792      0       0       0      66 
2026-01-14T21:20:57+00:00     TX:  bytes packets errors dropped carrier collsns           
2026-01-14T21:20:57+00:00         738719    6271      0       3       0       0 
2026-01-14T21:20:58+00:00 2: enp0s3: <BROADCAST,MULTICAST,UP,LOWER_UP> mtu 1500 qdisc fq_codel state UP mode DEFAULT group default qlen 1000
2026-01-14T21:20:58+00:00     link/ether 08:00:27:63:c0:d1 brd ff:ff:ff:ff:ff:ff
2026-01-14T21:20:58+00:00     RX:  bytes packets errors dropped  missed   mcast           
2026-01-14T21:20:58+00:00        3980652    7805      0       0       0      66 
2026-01-14T21:20:58+00:00     TX:  bytes packets errors dropped carrier collsns           
2026-01-14T21:20:58+00:00         745514    6286      0       3       0       0 
2026-01-14T21:20:59+00:00 2: enp0s3: <BROADCAST,MULTICAST,UP,LOWER_UP> mtu 1500 qdisc fq_codel state UP mode DEFAULT group default qlen 1000
2026-01-14T21:20:59+00:00     link/ether 08:00:27:63:c0:d1 brd ff:ff:ff:ff:ff:ff
2026-01-14T21:20:59+00:00     RX:  bytes packets errors dropped  missed   mcast           
2026-01-14T21:20:59+00:00        3980652    7805      0       0       0      66 
2026-01-14T21:20:59+00:00     TX:  bytes packets errors dropped carrier collsns           
2026-01-14T21:20:59+00:00         746274    6290      0       3       0       0 
2026-01-14T21:21:00+00:00 2: enp0s3: <BROADCAST,MULTICAST,UP,LOWER_UP> mtu 1500 qdisc fq_codel state UP mode DEFAULT group default qlen 1000
2026-01-14T21:21:00+00:00     link/ether 08:00:27:63:c0:d1 brd ff:ff:ff:ff:ff:ff
2026-01-14T21:21:00+00:00     RX:  bytes packets errors dropped  missed   mcast           
2026-01-14T21:21:00+00:00        3980652    7805      0       0       0      66 
2026-01-14T21:21:00+00:00     TX:  bytes packets errors dropped carrier collsns           
2026-01-14T21:21:00+00:00         746381    6291      0       3       0       0 
2026-01-14T21:21:01+00:00 2: enp0s3: <BROADCAST,MULTICAST,UP,LOWER_UP> mtu 1500 qdisc fq_codel state UP mode DEFAULT group default qlen 1000
2026-01-14T21:21:01+00:00     link/ether 08:00:27:63:c0:d1 brd ff:ff:ff:ff:ff:ff
2026-01-14T21:21:01+00:00     RX:  bytes packets errors dropped  missed   mcast           
2026-01-14T21:21:01+00:00        3980652    7805      0       0       0      66 
2026-01-14T21:21:01+00:00     TX:  bytes packets errors dropped carrier collsns           
2026-01-14T21:21:01+00:00         746381    6291      0       3       0       0 
2026-01-14T21:21:02+00:00 2: enp0s3: <BROADCAST,MULTICAST,UP,LOWER_UP> mtu 1500 qdisc fq_codel state UP mode DEFAULT group default qlen 1000
2026-01-14T21:21:02+00:00     link/ether 08:00:27:63:c0:d1 brd ff:ff:ff:ff:ff:ff
2026-01-14T21:21:02+00:00     RX:  bytes packets errors dropped  missed   mcast           
2026-01-14T21:21:02+00:00        3981669    7814      0       0       0      66 
2026-01-14T21:21:02+00:00     TX:  bytes packets errors dropped carrier collsns           
2026-01-14T21:21:02+00:00         752126    6301      0       3       0       0 
2026-01-14T21:21:03+00:00 2: enp0s3: <BROADCAST,MULTICAST,UP,LOWER_UP> mtu 1500 qdisc fq_codel state UP mode DEFAULT group default qlen 1000
2026-01-14T21:21:03+00:00     link/ether 08:00:27:63:c0:d1 brd ff:ff:ff:ff:ff:ff
2026-01-14T21:21:03+00:00     RX:  bytes packets errors dropped  missed   mcast           
2026-01-14T21:21:03+00:00        3981669    7814      0       0       0      66 
2026-01-14T21:21:03+00:00     TX:  bytes packets errors dropped carrier collsns           
2026-01-14T21:21:03+00:00         752126    6301      0       3       0       0 
2026-01-14T21:21:04+00:00 2: enp0s3: <BROADCAST,MULTICAST,UP,LOWER_UP> mtu 1500 qdisc fq_codel state UP mode DEFAULT group default qlen 1000
2026-01-14T21:21:04+00:00     link/ether 08:00:27:63:c0:d1 brd ff:ff:ff:ff:ff:ff
2026-01-14T21:21:04+00:00     RX:  bytes packets errors dropped  missed   mcast           
2026-01-14T21:21:04+00:00        3981747    7815      0       0       0      66 
2026-01-14T21:21:04+00:00     TX:  bytes packets errors dropped carrier collsns           
2026-01-14T21:21:04+00:00         752212    6302      0       3       0       0 
2026-01-14T21:21:05+00:00 2: enp0s3: <BROADCAST,MULTICAST,UP,LOWER_UP> mtu 1500 qdisc fq_codel state UP mode DEFAULT group default qlen 1000
2026-01-14T21:21:05+00:00     link/ether 08:00:27:63:c0:d1 brd ff:ff:ff:ff:ff:ff
2026-01-14T21:21:05+00:00     RX:  bytes packets errors dropped  missed   mcast           
2026-01-14T21:21:05+00:00        3981747    7815      0       0       0      66 
2026-01-14T21:21:05+00:00     TX:  bytes packets errors dropped carrier collsns           
2026-01-14T21:21:05+00:00         752212    6302      0       3       0       0 
2026-01-14T21:21:06+00:00 2: enp0s3: <BROADCAST,MULTICAST,UP,LOWER_UP> mtu 1500 qdisc fq_codel state UP mode DEFAULT group default qlen 1000
2026-01-14T21:21:06+00:00     link/ether 08:00:27:63:c0:d1 brd ff:ff:ff:ff:ff:ff
2026-01-14T21:21:06+00:00     RX:  bytes packets errors dropped  missed   mcast           
2026-01-14T21:21:06+00:00        3982409    7821      0       0       0      66 
2026-01-14T21:21:06+00:00     TX:  bytes packets errors dropped carrier collsns           
2026-01-14T21:21:06+00:00         757159    6310      0       3       0       0 
2026-01-14T21:21:07+00:00 2: enp0s3: <BROADCAST,MULTICAST,UP,LOWER_UP> mtu 1500 qdisc fq_codel state UP mode DEFAULT group default qlen 1000
2026-01-14T21:21:07+00:00     link/ether 08:00:27:63:c0:d1 brd ff:ff:ff:ff:ff:ff
2026-01-14T21:21:07+00:00     RX:  bytes packets errors dropped  missed   mcast           
2026-01-14T21:21:07+00:00        3982409    7821      0       0       0      66 
2026-01-14T21:21:07+00:00     TX:  bytes packets errors dropped carrier collsns           
2026-01-14T21:21:07+00:00         757159    6310      0       3       0       0 
2026-01-14T21:21:08+00:00 2: enp0s3: <BROADCAST,MULTICAST,UP,LOWER_UP> mtu 1500 qdisc fq_codel state UP mode DEFAULT group default qlen 1000
2026-01-14T21:21:08+00:00     link/ether 08:00:27:63:c0:d1 brd ff:ff:ff:ff:ff:ff
2026-01-14T21:21:08+00:00     RX:  bytes packets errors dropped  missed   mcast           
2026-01-14T21:21:08+00:00        3982499    7822      0       0       0      66 
2026-01-14T21:21:08+00:00     TX:  bytes packets errors dropped carrier collsns           
2026-01-14T21:21:08+00:00         757356    6312      0       3       0       0 
2026-01-14T21:21:09+00:00 2: enp0s3: <BROADCAST,MULTICAST,UP,LOWER_UP> mtu 1500 qdisc fq_codel state UP mode DEFAULT group default qlen 1000
2026-01-14T21:21:09+00:00     link/ether 08:00:27:63:c0:d1 brd ff:ff:ff:ff:ff:ff
2026-01-14T21:21:09+00:00     RX:  bytes packets errors dropped  missed   mcast           
2026-01-14T21:21:09+00:00        3982499    7822      0       0       0      66 
2026-01-14T21:21:09+00:00     TX:  bytes packets errors dropped carrier collsns           
2026-01-14T21:21:09+00:00         757356    6312      0       3       0       0 
2026-01-14T21:21:10+00:00 2: enp0s3: <BROADCAST,MULTICAST,UP,LOWER_UP> mtu 1500 qdisc fq_codel state UP mode DEFAULT group default qlen 1000
2026-01-14T21:21:10+00:00     link/ether 08:00:27:63:c0:d1 brd ff:ff:ff:ff:ff:ff
2026-01-14T21:21:10+00:00     RX:  bytes packets errors dropped  missed   mcast           
2026-01-14T21:21:10+00:00        3983161    7828      0       0       0      66 
2026-01-14T21:21:10+00:00     TX:  bytes packets errors dropped carrier collsns           
2026-01-14T21:21:10+00:00         762216    6319      0       3       0       0 
2026-01-14T21:21:11+00:00 2: enp0s3: <BROADCAST,MULTICAST,UP,LOWER_UP> mtu 1500 qdisc fq_codel state UP mode DEFAULT group default qlen 1000
2026-01-14T21:21:11+00:00     link/ether 08:00:27:63:c0:d1 brd ff:ff:ff:ff:ff:ff
2026-01-14T21:21:11+00:00     RX:  bytes packets errors dropped  missed   mcast           
2026-01-14T21:21:11+00:00        3983161    7828      0       0       0      66 
2026-01-14T21:21:11+00:00     TX:  bytes packets errors dropped carrier collsns           
2026-01-14T21:21:11+00:00         762216    6319      0       3       0       0 
2026-01-14T21:21:12+00:00 2: enp0s3: <BROADCAST,MULTICAST,UP,LOWER_UP> mtu 1500 qdisc fq_codel state UP mode DEFAULT group default qlen 1000
2026-01-14T21:21:12+00:00     link/ether 08:00:27:63:c0:d1 brd ff:ff:ff:ff:ff:ff
2026-01-14T21:21:12+00:00     RX:  bytes packets errors dropped  missed   mcast           
2026-01-14T21:21:12+00:00        3983161    7828      0       0       0      66 
2026-01-14T21:21:12+00:00     TX:  bytes packets errors dropped carrier collsns           
2026-01-14T21:21:12+00:00         762216    6319      0       3       0       0 
2026-01-14T21:21:13+00:00 2: enp0s3: <BROADCAST,MULTICAST,UP,LOWER_UP> mtu 1500 qdisc fq_codel state UP mode DEFAULT group default qlen 1000
2026-01-14T21:21:13+00:00     link/ether 08:00:27:63:c0:d1 brd ff:ff:ff:ff:ff:ff
2026-01-14T21:21:13+00:00     RX:  bytes packets errors dropped  missed   mcast           
2026-01-14T21:21:13+00:00        3983221    7829      0       0       0      66 
2026-01-14T21:21:13+00:00     TX:  bytes packets errors dropped carrier collsns           
2026-01-14T21:21:13+00:00         762276    6320      0       3       0       0 
2026-01-14T21:21:14+00:00 2: enp0s3: <BROADCAST,MULTICAST,UP,LOWER_UP> mtu 1500 qdisc fq_codel state UP mode DEFAULT group default qlen 1000
2026-01-14T21:21:14+00:00     link/ether 08:00:27:63:c0:d1 brd ff:ff:ff:ff:ff:ff
2026-01-14T21:21:14+00:00     RX:  bytes packets errors dropped  missed   mcast           
2026-01-14T21:21:14+00:00        3983221    7829      0       0       0      66 
2026-01-14T21:21:14+00:00     TX:  bytes packets errors dropped carrier collsns           
2026-01-14T21:21:14+00:00         762276    6320      0       3       0       0 
2026-01-14T21:21:15+00:00 2: enp0s3: <BROADCAST,MULTICAST,UP,LOWER_UP> mtu 1500 qdisc fq_codel state UP mode DEFAULT group default qlen 1000
2026-01-14T21:21:15+00:00     link/ether 08:00:27:63:c0:d1 brd ff:ff:ff:ff:ff:ff
2026-01-14T21:21:15+00:00     RX:  bytes packets errors dropped  missed   mcast           
2026-01-14T21:21:15+00:00        3983883    7835      0       0       0      66 
2026-01-14T21:21:15+00:00     TX:  bytes packets errors dropped carrier collsns           
2026-01-14T21:21:15+00:00         767136    6327      0       3       0       0 
2026-01-14T21:21:16+00:00 2: enp0s3: <BROADCAST,MULTICAST,UP,LOWER_UP> mtu 1500 qdisc fq_codel state UP mode DEFAULT group default qlen 1000
2026-01-14T21:21:16+00:00     link/ether 08:00:27:63:c0:d1 brd ff:ff:ff:ff:ff:ff
2026-01-14T21:21:16+00:00     RX:  bytes packets errors dropped  missed   mcast           
2026-01-14T21:21:16+00:00        3983883    7835      0       0       0      66 
2026-01-14T21:21:16+00:00     TX:  bytes packets errors dropped carrier collsns           
2026-01-14T21:21:16+00:00         767136    6327      0       3       0       0 
2026-01-14T21:21:17+00:00 2: enp0s3: <BROADCAST,MULTICAST,UP,LOWER_UP> mtu 1500 qdisc fq_codel state UP mode DEFAULT group default qlen 1000
2026-01-14T21:21:17+00:00     link/ether 08:00:27:63:c0:d1 brd ff:ff:ff:ff:ff:ff
2026-01-14T21:21:17+00:00     RX:  bytes packets errors dropped  missed   mcast           
2026-01-14T21:21:17+00:00        3983883    7835      0       0       0      66 
2026-01-14T21:21:17+00:00     TX:  bytes packets errors dropped carrier collsns           
2026-01-14T21:21:17+00:00         767136    6327      0       3       0       0 
2026-01-14T21:21:18+00:00 2: enp0s3: <BROADCAST,MULTICAST,UP,LOWER_UP> mtu 1500 qdisc fq_codel state UP mode DEFAULT group default qlen 1000
2026-01-14T21:21:18+00:00     link/ether 08:00:27:63:c0:d1 brd ff:ff:ff:ff:ff:ff
2026-01-14T21:21:18+00:00     RX:  bytes packets errors dropped  missed   mcast           
2026-01-14T21:21:18+00:00        3983883    7835      0       0       0      66 
2026-01-14T21:21:18+00:00     TX:  bytes packets errors dropped carrier collsns           
2026-01-14T21:21:18+00:00         767136    6327      0       3       0       0 
2026-01-14T21:21:19+00:00 2: enp0s3: <BROADCAST,MULTICAST,UP,LOWER_UP> mtu 1500 qdisc fq_codel state UP mode DEFAULT group default qlen 1000
2026-01-14T21:21:19+00:00     link/ether 08:00:27:63:c0:d1 brd ff:ff:ff:ff:ff:ff
2026-01-14T21:21:19+00:00     RX:  bytes packets errors dropped  missed   mcast           
2026-01-14T21:21:19+00:00        3984545    7841      0       0       0      66 
2026-01-14T21:21:19+00:00     TX:  bytes packets errors dropped carrier collsns           
2026-01-14T21:21:19+00:00         771996    6334      0       3       0       0 
2026-01-14T21:21:20+00:00 2: enp0s3: <BROADCAST,MULTICAST,UP,LOWER_UP> mtu 1500 qdisc fq_codel state UP mode DEFAULT group default qlen 1000
2026-01-14T21:21:20+00:00     link/ether 08:00:27:63:c0:d1 brd ff:ff:ff:ff:ff:ff
2026-01-14T21:21:20+00:00     RX:  bytes packets errors dropped  missed   mcast           
2026-01-14T21:21:20+00:00        3984545    7841      0       0       0      66 
2026-01-14T21:21:20+00:00     TX:  bytes packets errors dropped carrier collsns           
2026-01-14T21:21:20+00:00         771996    6334      0       3       0       0 
2026-01-14T21:21:21+00:00 2: enp0s3: <BROADCAST,MULTICAST,UP,LOWER_UP> mtu 1500 qdisc fq_codel state UP mode DEFAULT group default qlen 1000
2026-01-14T21:21:21+00:00     link/ether 08:00:27:63:c0:d1 brd ff:ff:ff:ff:ff:ff
2026-01-14T21:21:21+00:00     RX:  bytes packets errors dropped  missed   mcast           
2026-01-14T21:21:21+00:00        3984545    7841      0       0       0      66 
2026-01-14T21:21:21+00:00     TX:  bytes packets errors dropped carrier collsns           
2026-01-14T21:21:21+00:00         771996    6334      0       3       0       0 
2026-01-14T21:21:22+00:00 2: enp0s3: <BROADCAST,MULTICAST,UP,LOWER_UP> mtu 1500 qdisc fq_codel state UP mode DEFAULT group default qlen 1000
2026-01-14T21:21:22+00:00     link/ether 08:00:27:63:c0:d1 brd ff:ff:ff:ff:ff:ff
2026-01-14T21:21:22+00:00     RX:  bytes packets errors dropped  missed   mcast           
2026-01-14T21:21:22+00:00        3984545    7841      0       0       0      66 
2026-01-14T21:21:22+00:00     TX:  bytes packets errors dropped carrier collsns           
2026-01-14T21:21:22+00:00         772083    6335      0       3       0       0 
2026-01-14T21:21:23+00:00 2: enp0s3: <BROADCAST,MULTICAST,UP,LOWER_UP> mtu 1500 qdisc fq_codel state UP mode DEFAULT group default qlen 1000
2026-01-14T21:21:23+00:00     link/ether 08:00:27:63:c0:d1 brd ff:ff:ff:ff:ff:ff
2026-01-14T21:21:23+00:00     RX:  bytes packets errors dropped  missed   mcast           
2026-01-14T21:21:23+00:00        3985207    7847      0       0       0      66 
2026-01-14T21:21:23+00:00     TX:  bytes packets errors dropped carrier collsns           
2026-01-14T21:21:23+00:00         776943    6342      0       3       0       0 
2026-01-14T21:21:24+00:00 2: enp0s3: <BROADCAST,MULTICAST,UP,LOWER_UP> mtu 1500 qdisc fq_codel state UP mode DEFAULT group default qlen 1000
2026-01-14T21:21:24+00:00     link/ether 08:00:27:63:c0:d1 brd ff:ff:ff:ff:ff:ff
2026-01-14T21:21:24+00:00     RX:  bytes packets errors dropped  missed   mcast           
2026-01-14T21:21:24+00:00        3985583    7851      0       0       0      66 
2026-01-14T21:21:24+00:00     TX:  bytes packets errors dropped carrier collsns           
2026-01-14T21:21:24+00:00         777050    6343      0       3       0       0 
2026-01-14T21:21:25+00:00 2: enp0s3: <BROADCAST,MULTICAST,UP,LOWER_UP> mtu 1500 qdisc fq_codel state UP mode DEFAULT group default qlen 1000
2026-01-14T21:21:25+00:00     link/ether 08:00:27:63:c0:d1 brd ff:ff:ff:ff:ff:ff
2026-01-14T21:21:25+00:00     RX:  bytes packets errors dropped  missed   mcast           
2026-01-14T21:21:25+00:00        3985583    7851      0       0       0      66 
2026-01-14T21:21:25+00:00     TX:  bytes packets errors dropped carrier collsns           
2026-01-14T21:21:25+00:00         777050    6343      0       3       0       0 
2026-01-14T21:21:26+00:00 2: enp0s3: <BROADCAST,MULTICAST,UP,LOWER_UP> mtu 1500 qdisc fq_codel state UP mode DEFAULT group default qlen 1000
2026-01-14T21:21:26+00:00     link/ether 08:00:27:63:c0:d1 brd ff:ff:ff:ff:ff:ff
2026-01-14T21:21:26+00:00     RX:  bytes packets errors dropped  missed   mcast           
2026-01-14T21:21:26+00:00        3985583    7851      0       0       0      70 
2026-01-14T21:21:26+00:00     TX:  bytes packets errors dropped carrier collsns           
2026-01-14T21:21:26+00:00         777050    6343      0       3       0       0 
2026-01-14T21:21:27+00:00 2: enp0s3: <BROADCAST,MULTICAST,UP,LOWER_UP> mtu 1500 qdisc fq_codel state UP mode DEFAULT group default qlen 1000
2026-01-14T21:21:27+00:00     link/ether 08:00:27:63:c0:d1 brd ff:ff:ff:ff:ff:ff
2026-01-14T21:21:27+00:00     RX:  bytes packets errors dropped  missed   mcast           
2026-01-14T21:21:27+00:00        3986245    7857      0       0       0      70 
2026-01-14T21:21:27+00:00     TX:  bytes packets errors dropped carrier collsns           
2026-01-14T21:21:27+00:00         781910    6350      0       3       0       0 
2026-01-14T21:21:28+00:00 2: enp0s3: <BROADCAST,MULTICAST,UP,LOWER_UP> mtu 1500 qdisc fq_codel state UP mode DEFAULT group default qlen 1000
2026-01-14T21:21:28+00:00     link/ether 08:00:27:63:c0:d1 brd ff:ff:ff:ff:ff:ff
2026-01-14T21:21:28+00:00     RX:  bytes packets errors dropped  missed   mcast           
2026-01-14T21:21:28+00:00        3986245    7857      0       0       0      70 
2026-01-14T21:21:28+00:00     TX:  bytes packets errors dropped carrier collsns           
2026-01-14T21:21:28+00:00         781910    6350      0       3       0       0 
2026-01-14T21:21:29+00:00 2: enp0s3: <BROADCAST,MULTICAST,UP,LOWER_UP> mtu 1500 qdisc fq_codel state UP mode DEFAULT group default qlen 1000
2026-01-14T21:21:29+00:00     link/ether 08:00:27:63:c0:d1 brd ff:ff:ff:ff:ff:ff
2026-01-14T21:21:29+00:00     RX:  bytes packets errors dropped  missed   mcast           
2026-01-14T21:21:29+00:00        3986245    7857      0       0       0      70 
2026-01-14T21:21:29+00:00     TX:  bytes packets errors dropped carrier collsns           
2026-01-14T21:21:29+00:00         781910    6350      0       3       0       0 
2026-01-14T21:21:30+00:00 2: enp0s3: <BROADCAST,MULTICAST,UP,LOWER_UP> mtu 1500 qdisc fq_codel state UP mode DEFAULT group default qlen 1000
2026-01-14T21:21:30+00:00     link/ether 08:00:27:63:c0:d1 brd ff:ff:ff:ff:ff:ff
2026-01-14T21:21:30+00:00     RX:  bytes packets errors dropped  missed   mcast           
2026-01-14T21:21:30+00:00        3986245    7857      0       0       0      70 
2026-01-14T21:21:30+00:00     TX:  bytes packets errors dropped carrier collsns           
2026-01-14T21:21:30+00:00         781910    6350      0       3       0       0 
2026-01-14T21:21:31+00:00 2: enp0s3: <BROADCAST,MULTICAST,UP,LOWER_UP> mtu 1500 qdisc fq_codel state UP mode DEFAULT group default qlen 1000
2026-01-14T21:21:31+00:00     link/ether 08:00:27:63:c0:d1 brd ff:ff:ff:ff:ff:ff
2026-01-14T21:21:31+00:00     RX:  bytes packets errors dropped  missed   mcast           
2026-01-14T21:21:31+00:00        3987328    7867      0       0       0      70 
2026-01-14T21:21:31+00:00     TX:  bytes packets errors dropped carrier collsns           
2026-01-14T21:21:31+00:00         791371    6362      0       3       0       0 
2026-01-14T21:21:32+00:00 2: enp0s3: <BROADCAST,MULTICAST,UP,LOWER_UP> mtu 1500 qdisc fq_codel state UP mode DEFAULT group default qlen 1000
2026-01-14T21:21:32+00:00     link/ether 08:00:27:63:c0:d1 brd ff:ff:ff:ff:ff:ff
2026-01-14T21:21:32+00:00     RX:  bytes packets errors dropped  missed   mcast           
2026-01-14T21:21:32+00:00        3987328    7867      0       0       0      70 
2026-01-14T21:21:32+00:00     TX:  bytes packets errors dropped carrier collsns           
2026-01-14T21:21:32+00:00         791371    6362      0       3       0       0 
2026-01-14T21:21:33+00:00 2: enp0s3: <BROADCAST,MULTICAST,UP,LOWER_UP> mtu 1500 qdisc fq_codel state UP mode DEFAULT group default qlen 1000
2026-01-14T21:21:33+00:00     link/ether 08:00:27:63:c0:d1 brd ff:ff:ff:ff:ff:ff
2026-01-14T21:21:33+00:00     RX:  bytes packets errors dropped  missed   mcast           
2026-01-14T21:21:33+00:00        3987388    7868      0       0       0      70 
2026-01-14T21:21:33+00:00     TX:  bytes packets errors dropped carrier collsns           
2026-01-14T21:21:33+00:00         791371    6362      0       3       0       0 
2026-01-14T21:21:34+00:00 2: enp0s3: <BROADCAST,MULTICAST,UP,LOWER_UP> mtu 1500 qdisc fq_codel state UP mode DEFAULT group default qlen 1000
2026-01-14T21:21:34+00:00     link/ether 08:00:27:63:c0:d1 brd ff:ff:ff:ff:ff:ff
2026-01-14T21:21:34+00:00     RX:  bytes packets errors dropped  missed   mcast           
2026-01-14T21:21:34+00:00        3987388    7868      0       0       0      70 
2026-01-14T21:21:34+00:00     TX:  bytes packets errors dropped carrier collsns           
2026-01-14T21:21:34+00:00         791371    6362      0       3       0       0 
2026-01-14T21:21:35+00:00 2: enp0s3: <BROADCAST,MULTICAST,UP,LOWER_UP> mtu 1500 qdisc fq_codel state UP mode DEFAULT group default qlen 1000
2026-01-14T21:21:35+00:00     link/ether 08:00:27:63:c0:d1 brd ff:ff:ff:ff:ff:ff
2026-01-14T21:21:35+00:00     RX:  bytes packets errors dropped  missed   mcast           
2026-01-14T21:21:35+00:00        3988050    7874      0       0       0      70 
2026-01-14T21:21:35+00:00     TX:  bytes packets errors dropped carrier collsns           
2026-01-14T21:21:35+00:00         796231    6369      0       3       0       0 
2026-01-14T21:21:36+00:00 2: enp0s3: <BROADCAST,MULTICAST,UP,LOWER_UP> mtu 1500 qdisc fq_codel state UP mode DEFAULT group default qlen 1000
2026-01-14T21:21:36+00:00     link/ether 08:00:27:63:c0:d1 brd ff:ff:ff:ff:ff:ff
2026-01-14T21:21:36+00:00     RX:  bytes packets errors dropped  missed   mcast           
2026-01-14T21:21:36+00:00        3988050    7874      0       0       0      70 
2026-01-14T21:21:36+00:00     TX:  bytes packets errors dropped carrier collsns           
2026-01-14T21:21:36+00:00         796231    6369      0       3       0       0 
2026-01-14T21:21:37+00:00 2: enp0s3: <BROADCAST,MULTICAST,UP,LOWER_UP> mtu 1500 qdisc fq_codel state UP mode DEFAULT group default qlen 1000
2026-01-14T21:21:37+00:00     link/ether 08:00:27:63:c0:d1 brd ff:ff:ff:ff:ff:ff
2026-01-14T21:21:37+00:00     RX:  bytes packets errors dropped  missed   mcast           
2026-01-14T21:21:37+00:00        3988050    7874      0       0       0      70 
2026-01-14T21:21:37+00:00     TX:  bytes packets errors dropped carrier collsns           
2026-01-14T21:21:37+00:00         796231    6369      0       3       0       0 
2026-01-14T21:21:38+00:00 2: enp0s3: <BROADCAST,MULTICAST,UP,LOWER_UP> mtu 1500 qdisc fq_codel state UP mode DEFAULT group default qlen 1000
2026-01-14T21:21:38+00:00     link/ether 08:00:27:63:c0:d1 brd ff:ff:ff:ff:ff:ff
2026-01-14T21:21:38+00:00     RX:  bytes packets errors dropped  missed   mcast           
2026-01-14T21:21:38+00:00        3988050    7874      0       0       0      70 
2026-01-14T21:21:38+00:00     TX:  bytes packets errors dropped carrier collsns           
2026-01-14T21:21:38+00:00         796231    6369      0       3       0       0 
2026-01-14T21:21:39+00:00 2: enp0s3: <BROADCAST,MULTICAST,UP,LOWER_UP> mtu 1500 qdisc fq_codel state UP mode DEFAULT group default qlen 1000
2026-01-14T21:21:39+00:00     link/ether 08:00:27:63:c0:d1 brd ff:ff:ff:ff:ff:ff
2026-01-14T21:21:39+00:00     RX:  bytes packets errors dropped  missed   mcast           
2026-01-14T21:21:39+00:00        3988050    7874      0       0       0      70 
2026-01-14T21:21:39+00:00     TX:  bytes packets errors dropped carrier collsns           
2026-01-14T21:21:39+00:00         796231    6369      0       3       0       0 
2026-01-14T21:21:40+00:00 2: enp0s3: <BROADCAST,MULTICAST,UP,LOWER_UP> mtu 1500 qdisc fq_codel state UP mode DEFAULT group default qlen 1000
2026-01-14T21:21:40+00:00     link/ether 08:00:27:63:c0:d1 brd ff:ff:ff:ff:ff:ff
2026-01-14T21:21:40+00:00     RX:  bytes packets errors dropped  missed   mcast           
2026-01-14T21:21:40+00:00        3988712    7880      0       0       0      70 
2026-01-14T21:21:40+00:00     TX:  bytes packets errors dropped carrier collsns           
2026-01-14T21:21:40+00:00         801091    6376      0       3       0       0 
2026-01-14T21:21:41+00:00 2: enp0s3: <BROADCAST,MULTICAST,UP,LOWER_UP> mtu 1500 qdisc fq_codel state UP mode DEFAULT group default qlen 1000
2026-01-14T21:21:41+00:00     link/ether 08:00:27:63:c0:d1 brd ff:ff:ff:ff:ff:ff
2026-01-14T21:21:41+00:00     RX:  bytes packets errors dropped  missed   mcast           
2026-01-14T21:21:41+00:00        3988712    7880      0       0       0      70 
2026-01-14T21:21:41+00:00     TX:  bytes packets errors dropped carrier collsns           
2026-01-14T21:21:41+00:00         801091    6376      0       3       0       0 
2026-01-14T21:21:42+00:00 2: enp0s3: <BROADCAST,MULTICAST,UP,LOWER_UP> mtu 1500 qdisc fq_codel state UP mode DEFAULT group default qlen 1000
2026-01-14T21:21:42+00:00     link/ether 08:00:27:63:c0:d1 brd ff:ff:ff:ff:ff:ff
2026-01-14T21:21:42+00:00     RX:  bytes packets errors dropped  missed   mcast           
2026-01-14T21:21:42+00:00        3988712    7880      0       0       0      70 
2026-01-14T21:21:42+00:00     TX:  bytes packets errors dropped carrier collsns           
2026-01-14T21:21:42+00:00         801091    6376      0       3       0       0 
2026-01-14T21:21:43+00:00 2: enp0s3: <BROADCAST,MULTICAST,UP,LOWER_UP> mtu 1500 qdisc fq_codel state UP mode DEFAULT group default qlen 1000
2026-01-14T21:21:43+00:00     link/ether 08:00:27:63:c0:d1 brd ff:ff:ff:ff:ff:ff
2026-01-14T21:21:43+00:00     RX:  bytes packets errors dropped  missed   mcast           
2026-01-14T21:21:43+00:00        3988712    7880      0       0       0      70 
2026-01-14T21:21:43+00:00     TX:  bytes packets errors dropped carrier collsns           
2026-01-14T21:21:43+00:00         801091    6376      0       3       0       0 
2026-01-14T21:21:44+00:00 2: enp0s3: <BROADCAST,MULTICAST,UP,LOWER_UP> mtu 1500 qdisc fq_codel state UP mode DEFAULT group default qlen 1000
2026-01-14T21:21:44+00:00     link/ether 08:00:27:63:c0:d1 brd ff:ff:ff:ff:ff:ff
2026-01-14T21:21:44+00:00     RX:  bytes packets errors dropped  missed   mcast           
2026-01-14T21:21:44+00:00        3989374    7886      0       0       0      70 
2026-01-14T21:21:44+00:00     TX:  bytes packets errors dropped carrier collsns           
2026-01-14T21:21:44+00:00         805951    6383      0       3       0       0 
2026-01-14T21:21:45+00:00 2: enp0s3: <BROADCAST,MULTICAST,UP,LOWER_UP> mtu 1500 qdisc fq_codel state UP mode DEFAULT group default qlen 1000
2026-01-14T21:21:45+00:00     link/ether 08:00:27:63:c0:d1 brd ff:ff:ff:ff:ff:ff
2026-01-14T21:21:45+00:00     RX:  bytes packets errors dropped  missed   mcast           
2026-01-14T21:21:45+00:00        3989374    7886      0       0       0      70 
2026-01-14T21:21:45+00:00     TX:  bytes packets errors dropped carrier collsns           
2026-01-14T21:21:45+00:00         805951    6383      0       3       0       0 
2026-01-14T21:21:46+00:00 2: enp0s3: <BROADCAST,MULTICAST,UP,LOWER_UP> mtu 1500 qdisc fq_codel state UP mode DEFAULT group default qlen 1000
2026-01-14T21:21:46+00:00     link/ether 08:00:27:63:c0:d1 brd ff:ff:ff:ff:ff:ff
2026-01-14T21:21:46+00:00     RX:  bytes packets errors dropped  missed   mcast           
2026-01-14T21:21:46+00:00        3989374    7886      0       0       0      70 
2026-01-14T21:21:46+00:00     TX:  bytes packets errors dropped carrier collsns           
2026-01-14T21:21:46+00:00         805951    6383      0       3       0       0 
2026-01-14T21:21:47+00:00 2: enp0s3: <BROADCAST,MULTICAST,UP,LOWER_UP> mtu 1500 qdisc fq_codel state UP mode DEFAULT group default qlen 1000
2026-01-14T21:21:47+00:00     link/ether 08:00:27:63:c0:d1 brd ff:ff:ff:ff:ff:ff
2026-01-14T21:21:47+00:00     RX:  bytes packets errors dropped  missed   mcast           
2026-01-14T21:21:47+00:00        3989374    7886      0       0       0      70 
2026-01-14T21:21:47+00:00     TX:  bytes packets errors dropped carrier collsns           
2026-01-14T21:21:47+00:00         805951    6383      0       3       0       0 
2026-01-14T21:21:48+00:00 2: enp0s3: <BROADCAST,MULTICAST,UP,LOWER_UP> mtu 1500 qdisc fq_codel state UP mode DEFAULT group default qlen 1000
2026-01-14T21:21:48+00:00     link/ether 08:00:27:63:c0:d1 brd ff:ff:ff:ff:ff:ff
2026-01-14T21:21:48+00:00     RX:  bytes packets errors dropped  missed   mcast           
2026-01-14T21:21:48+00:00        3990036    7892      0       0       0      70 
2026-01-14T21:21:48+00:00     TX:  bytes packets errors dropped carrier collsns           
2026-01-14T21:21:48+00:00         810811    6390      0       3       0       0 
2026-01-14T21:21:49+00:00 2: enp0s3: <BROADCAST,MULTICAST,UP,LOWER_UP> mtu 1500 qdisc fq_codel state UP mode DEFAULT group default qlen 1000
2026-01-14T21:21:49+00:00     link/ether 08:00:27:63:c0:d1 brd ff:ff:ff:ff:ff:ff
2026-01-14T21:21:49+00:00     RX:  bytes packets errors dropped  missed   mcast           
2026-01-14T21:21:49+00:00        3990036    7892      0       0       0      70 
2026-01-14T21:21:49+00:00     TX:  bytes packets errors dropped carrier collsns           
2026-01-14T21:21:49+00:00         810811    6390      0       3       0       0 
2026-01-14T21:21:50+00:00 2: enp0s3: <BROADCAST,MULTICAST,UP,LOWER_UP> mtu 1500 qdisc fq_codel state UP mode DEFAULT group default qlen 1000
2026-01-14T21:21:50+00:00     link/ether 08:00:27:63:c0:d1 brd ff:ff:ff:ff:ff:ff
2026-01-14T21:21:50+00:00     RX:  bytes packets errors dropped  missed   mcast           
2026-01-14T21:21:50+00:00        3990036    7892      0       0       0      70 
2026-01-14T21:21:50+00:00     TX:  bytes packets errors dropped carrier collsns           
2026-01-14T21:21:50+00:00         810811    6390      0       3       0       0 
2026-01-14T21:21:51+00:00 2: enp0s3: <BROADCAST,MULTICAST,UP,LOWER_UP> mtu 1500 qdisc fq_codel state UP mode DEFAULT group default qlen 1000
2026-01-14T21:21:51+00:00     link/ether 08:00:27:63:c0:d1 brd ff:ff:ff:ff:ff:ff
2026-01-14T21:21:51+00:00     RX:  bytes packets errors dropped  missed   mcast           
2026-01-14T21:21:51+00:00        3990036    7892      0       0       0      70 
2026-01-14T21:21:51+00:00     TX:  bytes packets errors dropped carrier collsns           
2026-01-14T21:21:51+00:00         810811    6390      0       3       0       0 
2026-01-14T21:21:52+00:00 2: enp0s3: <BROADCAST,MULTICAST,UP,LOWER_UP> mtu 1500 qdisc fq_codel state UP mode DEFAULT group default qlen 1000
2026-01-14T21:21:52+00:00     link/ether 08:00:27:63:c0:d1 brd ff:ff:ff:ff:ff:ff
2026-01-14T21:21:52+00:00     RX:  bytes packets errors dropped  missed   mcast           
2026-01-14T21:21:52+00:00        3990698    7898      0       0       0      70 
2026-01-14T21:21:52+00:00     TX:  bytes packets errors dropped carrier collsns           
2026-01-14T21:21:52+00:00         815671    6397      0       3       0       0 
2026-01-14T21:21:53+00:00 2: enp0s3: <BROADCAST,MULTICAST,UP,LOWER_UP> mtu 1500 qdisc fq_codel state UP mode DEFAULT group default qlen 1000
2026-01-14T21:21:53+00:00     link/ether 08:00:27:63:c0:d1 brd ff:ff:ff:ff:ff:ff
2026-01-14T21:21:53+00:00     RX:  bytes packets errors dropped  missed   mcast           
2026-01-14T21:21:53+00:00        3990698    7898      0       0       0      70 
2026-01-14T21:21:53+00:00     TX:  bytes packets errors dropped carrier collsns           
2026-01-14T21:21:53+00:00         815671    6397      0       3       0       0 
2026-01-14T21:21:54+00:00 2: enp0s3: <BROADCAST,MULTICAST,UP,LOWER_UP> mtu 1500 qdisc fq_codel state UP mode DEFAULT group default qlen 1000
2026-01-14T21:21:54+00:00     link/ether 08:00:27:63:c0:d1 brd ff:ff:ff:ff:ff:ff
2026-01-14T21:21:54+00:00     RX:  bytes packets errors dropped  missed   mcast           
2026-01-14T21:21:54+00:00        3990698    7898      0       0       0      70 
2026-01-14T21:21:54+00:00     TX:  bytes packets errors dropped carrier collsns           
2026-01-14T21:21:54+00:00         815758    6398      0       3       0       0 
2026-01-14T21:21:55+00:00 2: enp0s3: <BROADCAST,MULTICAST,UP,LOWER_UP> mtu 1500 qdisc fq_codel state UP mode DEFAULT group default qlen 1000
2026-01-14T21:21:55+00:00     link/ether 08:00:27:63:c0:d1 brd ff:ff:ff:ff:ff:ff
2026-01-14T21:21:55+00:00     RX:  bytes packets errors dropped  missed   mcast           
2026-01-14T21:21:55+00:00        3990698    7898      0       0       0      70 
2026-01-14T21:21:55+00:00     TX:  bytes packets errors dropped carrier collsns           
2026-01-14T21:21:55+00:00         815758    6398      0       3       0       0 
2026-01-14T21:21:56+00:00 2: enp0s3: <BROADCAST,MULTICAST,UP,LOWER_UP> mtu 1500 qdisc fq_codel state UP mode DEFAULT group default qlen 1000
2026-01-14T21:21:56+00:00     link/ether 08:00:27:63:c0:d1 brd ff:ff:ff:ff:ff:ff
2026-01-14T21:21:56+00:00     RX:  bytes packets errors dropped  missed   mcast           
2026-01-14T21:21:56+00:00        3991715    7907      0       0       0      70 
2026-01-14T21:21:56+00:00     TX:  bytes packets errors dropped carrier collsns           
2026-01-14T21:21:56+00:00         821610    6409      0       3       0       0 
2026-01-14T21:21:57+00:00 2: enp0s3: <BROADCAST,MULTICAST,UP,LOWER_UP> mtu 1500 qdisc fq_codel state UP mode DEFAULT group default qlen 1000
2026-01-14T21:21:57+00:00     link/ether 08:00:27:63:c0:d1 brd ff:ff:ff:ff:ff:ff
2026-01-14T21:21:57+00:00     RX:  bytes packets errors dropped  missed   mcast           
2026-01-14T21:21:57+00:00        3991715    7907      0       0       0      70 
2026-01-14T21:21:57+00:00     TX:  bytes packets errors dropped carrier collsns           
2026-01-14T21:21:57+00:00         821610    6409      0       3       0       0 
2026-01-14T21:21:58+00:00 2: enp0s3: <BROADCAST,MULTICAST,UP,LOWER_UP> mtu 1500 qdisc fq_codel state UP mode DEFAULT group default qlen 1000
2026-01-14T21:21:58+00:00     link/ether 08:00:27:63:c0:d1 brd ff:ff:ff:ff:ff:ff
2026-01-14T21:21:58+00:00     RX:  bytes packets errors dropped  missed   mcast           
2026-01-14T21:21:58+00:00        3991715    7907      0       0       0      70 
2026-01-14T21:21:58+00:00     TX:  bytes packets errors dropped carrier collsns           
2026-01-14T21:21:58+00:00         821610    6409      0       3       0       0 
2026-01-14T21:21:59+00:00 2: enp0s3: <BROADCAST,MULTICAST,UP,LOWER_UP> mtu 1500 qdisc fq_codel state UP mode DEFAULT group default qlen 1000
2026-01-14T21:21:59+00:00     link/ether 08:00:27:63:c0:d1 brd ff:ff:ff:ff:ff:ff
2026-01-14T21:21:59+00:00     RX:  bytes packets errors dropped  missed   mcast           
2026-01-14T21:21:59+00:00        3991715    7907      0       0       0      70 
2026-01-14T21:21:59+00:00     TX:  bytes packets errors dropped carrier collsns           
2026-01-14T21:21:59+00:00         821610    6409      0       3       0       0 
2026-01-14T21:22:00+00:00 2: enp0s3: <BROADCAST,MULTICAST,UP,LOWER_UP> mtu 1500 qdisc fq_codel state UP mode DEFAULT group default qlen 1000
2026-01-14T21:22:00+00:00     link/ether 08:00:27:63:c0:d1 brd ff:ff:ff:ff:ff:ff
2026-01-14T21:22:00+00:00     RX:  bytes packets errors dropped  missed   mcast           
2026-01-14T21:22:00+00:00        3992377    7913      0       0       0      70 
2026-01-14T21:22:00+00:00     TX:  bytes packets errors dropped carrier collsns           
2026-01-14T21:22:00+00:00         826470    6416      0       3       0       0 
2026-01-14T21:22:01+00:00 2: enp0s3: <BROADCAST,MULTICAST,UP,LOWER_UP> mtu 1500 qdisc fq_codel state UP mode DEFAULT group default qlen 1000
2026-01-14T21:22:01+00:00     link/ether 08:00:27:63:c0:d1 brd ff:ff:ff:ff:ff:ff
2026-01-14T21:22:01+00:00     RX:  bytes packets errors dropped  missed   mcast           
2026-01-14T21:22:01+00:00        3992377    7913      0       0       0      70 
2026-01-14T21:22:01+00:00     TX:  bytes packets errors dropped carrier collsns           
2026-01-14T21:22:01+00:00         826470    6416      0       3       0       0 
2026-01-14T21:22:02+00:00 2: enp0s3: <BROADCAST,MULTICAST,UP,LOWER_UP> mtu 1500 qdisc fq_codel state UP mode DEFAULT group default qlen 1000
2026-01-14T21:22:02+00:00     link/ether 08:00:27:63:c0:d1 brd ff:ff:ff:ff:ff:ff
2026-01-14T21:22:02+00:00     RX:  bytes packets errors dropped  missed   mcast           
2026-01-14T21:22:02+00:00        3992377    7913      0       0       0      70 
2026-01-14T21:22:02+00:00     TX:  bytes packets errors dropped carrier collsns           
2026-01-14T21:22:02+00:00         826470    6416      0       3       0       0 
2026-01-14T21:22:03+00:00 2: enp0s3: <BROADCAST,MULTICAST,UP,LOWER_UP> mtu 1500 qdisc fq_codel state UP mode DEFAULT group default qlen 1000
2026-01-14T21:22:03+00:00     link/ether 08:00:27:63:c0:d1 brd ff:ff:ff:ff:ff:ff
2026-01-14T21:22:03+00:00     RX:  bytes packets errors dropped  missed   mcast           
2026-01-14T21:22:03+00:00        3992377    7913      0       0       0      70 
2026-01-14T21:22:03+00:00     TX:  bytes packets errors dropped carrier collsns           
2026-01-14T21:22:03+00:00         826470    6416      0       3       0       0 
2026-01-14T21:22:04+00:00 2: enp0s3: <BROADCAST,MULTICAST,UP,LOWER_UP> mtu 1500 qdisc fq_codel state UP mode DEFAULT group default qlen 1000
2026-01-14T21:22:04+00:00     link/ether 08:00:27:63:c0:d1 brd ff:ff:ff:ff:ff:ff
2026-01-14T21:22:04+00:00     RX:  bytes packets errors dropped  missed   mcast           
2026-01-14T21:22:04+00:00        3993255    7922      0       0       0      70 
2026-01-14T21:22:04+00:00     TX:  bytes packets errors dropped carrier collsns           
2026-01-14T21:22:04+00:00         831656    6426      0       3       0       0 
2026-01-14T21:22:06+00:00 2: enp0s3: <BROADCAST,MULTICAST,UP,LOWER_UP> mtu 1500 qdisc fq_codel state UP mode DEFAULT group default qlen 1000
2026-01-14T21:22:06+00:00     link/ether 08:00:27:63:c0:d1 brd ff:ff:ff:ff:ff:ff
2026-01-14T21:22:06+00:00     RX:  bytes packets errors dropped  missed   mcast           
2026-01-14T21:22:06+00:00        3993255    7922      0       0       0      73 
2026-01-14T21:22:06+00:00     TX:  bytes packets errors dropped carrier collsns           
2026-01-14T21:22:06+00:00         831656    6426      0       3       0       0 
2026-01-14T21:22:07+00:00 2: enp0s3: <BROADCAST,MULTICAST,UP,LOWER_UP> mtu 1500 qdisc fq_codel state UP mode DEFAULT group default qlen 1000
2026-01-14T21:22:07+00:00     link/ether 08:00:27:63:c0:d1 brd ff:ff:ff:ff:ff:ff
2026-01-14T21:22:07+00:00     RX:  bytes packets errors dropped  missed   mcast           
2026-01-14T21:22:07+00:00        3993255    7922      0       0       0      73 
2026-01-14T21:22:07+00:00     TX:  bytes packets errors dropped carrier collsns           
2026-01-14T21:22:07+00:00         831656    6426      0       3       0       0 
2026-01-14T21:22:08+00:00 2: enp0s3: <BROADCAST,MULTICAST,UP,LOWER_UP> mtu 1500 qdisc fq_codel state UP mode DEFAULT group default qlen 1000
2026-01-14T21:22:08+00:00     link/ether 08:00:27:63:c0:d1 brd ff:ff:ff:ff:ff:ff
2026-01-14T21:22:08+00:00     RX:  bytes packets errors dropped  missed   mcast           
2026-01-14T21:22:08+00:00        3993255    7922      0       0       0      73 
2026-01-14T21:22:08+00:00     TX:  bytes packets errors dropped carrier collsns           
2026-01-14T21:22:08+00:00         831656    6426      0       3       0       0 
2026-01-14T21:22:09+00:00 2: enp0s3: <BROADCAST,MULTICAST,UP,LOWER_UP> mtu 1500 qdisc fq_codel state UP mode DEFAULT group default qlen 1000
2026-01-14T21:22:09+00:00     link/ether 08:00:27:63:c0:d1 brd ff:ff:ff:ff:ff:ff
2026-01-14T21:22:09+00:00     RX:  bytes packets errors dropped  missed   mcast           
2026-01-14T21:22:09+00:00        3993917    7928      0       0       0      73 
2026-01-14T21:22:09+00:00     TX:  bytes packets errors dropped carrier collsns           
2026-01-14T21:22:09+00:00         836516    6433      0       3       0       0 
2026-01-14T21:22:10+00:00 2: enp0s3: <BROADCAST,MULTICAST,UP,LOWER_UP> mtu 1500 qdisc fq_codel state UP mode DEFAULT group default qlen 1000
2026-01-14T21:22:10+00:00     link/ether 08:00:27:63:c0:d1 brd ff:ff:ff:ff:ff:ff
2026-01-14T21:22:10+00:00     RX:  bytes packets errors dropped  missed   mcast           
2026-01-14T21:22:10+00:00        3993977    7929      0       0       0      73 
2026-01-14T21:22:10+00:00     TX:  bytes packets errors dropped carrier collsns           
2026-01-14T21:22:10+00:00         836576    6434      0       3       0       0 
2026-01-14T21:22:11+00:00 2: enp0s3: <BROADCAST,MULTICAST,UP,LOWER_UP> mtu 1500 qdisc fq_codel state UP mode DEFAULT group default qlen 1000
2026-01-14T21:22:11+00:00     link/ether 08:00:27:63:c0:d1 brd ff:ff:ff:ff:ff:ff
2026-01-14T21:22:11+00:00     RX:  bytes packets errors dropped  missed   mcast           
2026-01-14T21:22:11+00:00        3993977    7929      0       0       0      73 
2026-01-14T21:22:11+00:00     TX:  bytes packets errors dropped carrier collsns           
2026-01-14T21:22:11+00:00         836576    6434      0       3       0       0 
2026-01-14T21:22:12+00:00 2: enp0s3: <BROADCAST,MULTICAST,UP,LOWER_UP> mtu 1500 qdisc fq_codel state UP mode DEFAULT group default qlen 1000
2026-01-14T21:22:12+00:00     link/ether 08:00:27:63:c0:d1 brd ff:ff:ff:ff:ff:ff
2026-01-14T21:22:12+00:00     RX:  bytes packets errors dropped  missed   mcast           
2026-01-14T21:22:12+00:00        3993977    7929      0       0       0      73 
2026-01-14T21:22:12+00:00     TX:  bytes packets errors dropped carrier collsns           
2026-01-14T21:22:12+00:00         836576    6434      0       3       0       0 
2026-01-14T21:22:13+00:00 2: enp0s3: <BROADCAST,MULTICAST,UP,LOWER_UP> mtu 1500 qdisc fq_codel state UP mode DEFAULT group default qlen 1000
2026-01-14T21:22:13+00:00     link/ether 08:00:27:63:c0:d1 brd ff:ff:ff:ff:ff:ff
2026-01-14T21:22:13+00:00     RX:  bytes packets errors dropped  missed   mcast           
2026-01-14T21:22:13+00:00        3995060    7939      0       0       0      73 
2026-01-14T21:22:13+00:00     TX:  bytes packets errors dropped carrier collsns           
2026-01-14T21:22:13+00:00         846037    6446      0       3       0       0 
2026-01-14T21:22:14+00:00 2: enp0s3: <BROADCAST,MULTICAST,UP,LOWER_UP> mtu 1500 qdisc fq_codel state UP mode DEFAULT group default qlen 1000
2026-01-14T21:22:14+00:00     link/ether 08:00:27:63:c0:d1 brd ff:ff:ff:ff:ff:ff
2026-01-14T21:22:14+00:00     RX:  bytes packets errors dropped  missed   mcast           
2026-01-14T21:22:14+00:00        3995060    7939      0       0       0      73 
2026-01-14T21:22:14+00:00     TX:  bytes packets errors dropped carrier collsns           
2026-01-14T21:22:14+00:00         846037    6446      0       3       0       0 
2026-01-14T21:22:15+00:00 2: enp0s3: <BROADCAST,MULTICAST,UP,LOWER_UP> mtu 1500 qdisc fq_codel state UP mode DEFAULT group default qlen 1000
2026-01-14T21:22:15+00:00     link/ether 08:00:27:63:c0:d1 brd ff:ff:ff:ff:ff:ff
2026-01-14T21:22:15+00:00     RX:  bytes packets errors dropped  missed   mcast           
2026-01-14T21:22:15+00:00        3995060    7939      0       0       0      73 
2026-01-14T21:22:15+00:00     TX:  bytes packets errors dropped carrier collsns           
2026-01-14T21:22:15+00:00         846037    6446      0       3       0       0 
2026-01-14T21:22:16+00:00 2: enp0s3: <BROADCAST,MULTICAST,UP,LOWER_UP> mtu 1500 qdisc fq_codel state UP mode DEFAULT group default qlen 1000
2026-01-14T21:22:16+00:00     link/ether 08:00:27:63:c0:d1 brd ff:ff:ff:ff:ff:ff
2026-01-14T21:22:16+00:00     RX:  bytes packets errors dropped  missed   mcast           
2026-01-14T21:22:16+00:00        3995060    7939      0       0       0      73 
2026-01-14T21:22:16+00:00     TX:  bytes packets errors dropped carrier collsns           
2026-01-14T21:22:16+00:00         846037    6446      0       3       0       0 
2026-01-14T21:22:17+00:00 2: enp0s3: <BROADCAST,MULTICAST,UP,LOWER_UP> mtu 1500 qdisc fq_codel state UP mode DEFAULT group default qlen 1000
2026-01-14T21:22:17+00:00     link/ether 08:00:27:63:c0:d1 brd ff:ff:ff:ff:ff:ff
2026-01-14T21:22:17+00:00     RX:  bytes packets errors dropped  missed   mcast           
2026-01-14T21:22:17+00:00        3995602    7944      0       0       0      73 
2026-01-14T21:22:17+00:00     TX:  bytes packets errors dropped carrier collsns           
2026-01-14T21:22:17+00:00         846410    6449      0       3       0       0 
