procs -----------memory---------- ---swap-- -----io---- -system-- -------cpu-------
 r  b   swpd   free   buff  cache   si   so    bi    bo   in   cs us sy id wa st gu
 5  0      0 2672444  37236 751800    0    0  2006   297 1227    2  1  2 97  0  0  0
 0  1      0 2647544  37308 772888    0    0 18267     4 3553 3847  8  3 54 35  0  0
 0  2      0 2646536  37308 772896    0    0     0     0 1361  582  0  2 49 50  0  0
 0  2      0 2646536  37308 772900    0    0     0     0 1215  810  1  0 49 51  0  0
 0  2      0 2646536  37308 772916    0    0     0     0 1301  812  0  1 49 50  0  0
 0  1      0 2646536  37316 772908    0    0     0   156 1242  793  1  1 49 50  0  0
 0  1      0 2646536  37316 772932    0    0     0     0 1209  309  0  1 49 50  0  0
 0  2      0 2646536  37316 772932    0    0     0     0 1190  369  1  0 49 50  0  0
 0  2      0 2648244  37316 772916    0    0     0     0 1258  912  0  1 49 50  0  0
 1  2      0 2648244  37316 772932    0    0     0     0 1222  822  1  1 49 50  0  0
 1  2      0 2648244  37328 772920    0    0     0    88 1231  475  0  1 49 51  0  0
 2  1      0 2648244  37328 772936    0    0     0     0 1230  328  1  1 49 49  0  0
 1  2      0 2648244  37328 772940    0    0     0     0 1202  671  0  1 49 50  0  0
 2  2      0 2648244  37328 772944    0    0     0     0 1281  786  0  1 49 50  0  0
 1  1      0 2648244  37328 772948    0    0     0     4 1240  655  0  1 49 50  0  0
 1  2      0 2648244  37336 772948    0    0     0    16 1198  302  1  1 49 50  0  0
 1  2      0 2648244  37336 772956    0    0     0     0 1217  478  0  1 33 66  0  0
 2  2      0 2648244  37336 772956    0    0     0     0 1242  786  1  1  0 99  0  0
 1  1      0 2648244  37336 772968    0    0     0     4 1231  822  0  1  2 97  0  0
 2  1      0 2648244  37336 772972    0    0     0     0 1188  293  0  1 49 50  0  0
 1  2      0 2648244  37344 772964    0    0     0    16 1224  308  1  0 49 50  0  0
procs -----------memory---------- ---swap-- -----io---- -system-- -------cpu-------
 r  b   swpd   free   buff  cache   si   so    bi    bo   in   cs us sy id wa st gu
 1  2      0 2648244  37344 772976    0    0     0     0 1238  847  1  1  0 98  0  0
 1  2      0 2648244  37344 772984    0    0     0     0 1234  793  0  1  0 99  0  0
 1  1      0 2648244  37344 772988    0    0     0     4 1302  498  0  1 34 66  0  0
 1  1      0 2648244  37344 772992    0    0     0     0 1251  297  1  1 49 50  0  0
 2  3      0 2648244  37352 772992    0    0     0    16 1272  627  0  1 19 80  0  0
 1  2      0 2648244  37352 773000    0    0     0     0 1248  827  0  1  0 99  0  0
 1  1      0 2648244  37352 773008    0    0     0     4 1203  527  1  1 30 69  0  0
 0  1      0 2648244  37352 773016    0    0     0     0 1184  298  0  1 50 49  0  0
 0  2      0 2648244  37352 773020    0    0     0     0 1296  603  0  1 50 49  0  0
 1  3      0 2648244  37360 773012    0    0     4    24 1302  845  0  1 50 49  0  0
 0  3      0 2674940  37360 773032    0    0     0   561 1424 1009  1  2 48 49  0  0
 0  3      0 2674768  37360 773036    0    0     0     0 1244  794  1  0 50 49  0  0
 0  3      0 2674768  37360 773040    0    0     0     0 1255  803  0  1 50 49  0  0
 0  3      0 2674768  37360 773044    0    0     0     0 1267  828  0  1 51 49  0  0
 0  4      0 2674768  37368 773048    0    0     0    64 1251  790  0  1 50 49  0  0
 0  3      0 2671100  37368 773056    0    0     4     0 1366 1046  1  2 49 48  0  0
 0  2      0 2670852  37368 773064    0    0     0     5 1265  914  0  1 50 49  0  0
 0  2      0 2671060  37384 773076    0    0     0   116 1415  635  1  2  0 97  0  0
 0  2      0 2671060  37384 773080    0    0     0     8 1313  395  0  1  0 99  0  0
 1  3      0 2671060  37384 773080    0    0     0     0 1397  435  1  1  0 99  0  0
 0  3      0 2671060  37384 773084    0    0     0     0 1366  389  1  1  0 98  0  0
procs -----------memory---------- ---swap-- -----io---- -system-- -------cpu-------
 r  b   swpd   free   buff  cache   si   so    bi    bo   in   cs us sy id wa st gu
 0  1      0 2671060  37384 773088    0    0     0     4 1302  395  0  1 30 70  0  0
 0  1      0 2671060  37392 773096    0    0     0    36 1239  337  1  1 48 51  0  0
 0  2      0 2671060  37392 773104    0    0     0     0 1241  339  1  1 50 49  0  0
 0  2      0 2671060  37392 773108    0    0     0     0 1187  323  0  1 51 49  0  0
 0  1      0 2671060  37392 773112    0    0     0     4 1277  379  0  1 49 49  0  0
 0  1      0 2671060  37392 773116    0    0     0     0 1206  295  1  0 49 51  0  0
 0  3      0 2671060  37400 773116    0    0     0    28 1240  592  1  1 49 50  0  0
 0  2      0 2671060  37400 773120    0    0     0     0 1232  819  0  1 49 50  0  0
 0  2      0 2671060  37400 773120    0    0     0     0 1263  810  0  1 49 51  0  0
 0  1      0 2671060  37400 773128    0    0     0     4 1248  475  1  1 48 50  0  0
 0  1      0 2671060  37400 773132    0    0     0     0 1261  316  0  1 49 50  0  0
 0  3      0 2671060  37408 773128    0    0     0    20 1205  714  0  1 49 51  0  0
 0  2      0 2671060  37408 773140    0    0     0     0 1192  804  0  1 49 51  0  0
 0  1      0 2671060  37408 773144    0    0     0     4 1223  473  1  1 49 50  0  0
 0  1      0 2671060  37408 773148    0    0     0     0 1236  309  0  1 49 50  0  0
 0  2      0 2671060  37408 773152    0    0     0     0 1259  651  1  1 15 84  0  0
 0  3      0 2671060  37416 773160    0    0     0    16 1278  799  0  1  0 99  0  0
 0  1      0 2671060  37416 773164    0    0     0     4 1296  678  0  1 16 83  0  0
 0  1      0 2671060  37416 773164    0    0     0     0 1220  292  1  1 49 50  0  0
 0  2      0 2670808  37416 773168    0    0     0     0 1268  522  1  1 48 50  0  0
 0  2      0 2670808  37416 773172    0    0     0   144 1186  804  0  1 49 51  0  0
procs -----------memory---------- ---swap-- -----io---- -system-- -------cpu-------
 r  b   swpd   free   buff  cache   si   so    bi    bo   in   cs us sy id wa st gu
 0  1      0 2670808  37424 773168    0    0     0    32 1247  755  0  1 49 50  0  0
 0  1      0 2670808  37424 773180    0    0     0     0 1214  291  1  1 49 50  0  0
 0  2      0 2670808  37424 773184    0    0     0     0 1292  412  0  1 49 50  0  0
 0  2      0 2670808  37424 773192    0    0     0   532 1283  848  0  1 47 52  0  0
 0  1      0 2670808  37424 773196    0    0     0    16 1298  752  1  1 49 50  0  0
 0  1      0 2670808  37424 773200    0    0     0     0 1265  308  0  1 50 49  0  0
 0  2      0 2670808  37432 773200    0    0     0    28 1281  455  1  1 38 61  0  0
 0  2      0 2670808  37432 773204    0    0     0     0 1253  800  0  1  0 99  0  0
 0  2      0 2670808  37432 773208    0    0     0     0 1268  816  1  1  0 99  0  0
 0  1      0 2670808  37432 773216    0    0     0     4 1281  387  0  1 46 53  0  0
 0  1      0 2670808  37432 773224    0    0     0     0 1243  310  0  1 49 50  0  0
 0  2      0 2670808  37440 773228    0    0     0    28 1243  744  1  1 49 50  0  0
 0  2      0 2670808  37440 773232    0    0     0     0 1194  788  0  0 49 51  0  0
 0  1      0 2670808  37440 773236    0    0     0     8 1291  411  1  1 49 50  0  0
 0  1      0 2670808  37440 773240    0    0     0     0 1298  322  0  1 49 50  0  0
 0  2      0 2670808  37440 773244    0    0     0     0 1234  719  0  0 49 51  0  0
 0  3      0 2670808  37448 773236    0    0     0    16 1195  794  0  1 49 50  0  0
 0  1      0 2670808  37448 773244    0    0     0     4 1218  593  1  1 49 50  0  0
 0  1      0 2670808  37448 773256    0    0     0     0 1255  352  0  1 49 50  0  0
 0  2      0 2670600  37448 773260    0    0     0     0 1281  558  1  1 25 74  0  0
 0  2      0 2670560  37448 773268    0    0     0     0 1232  790  0  1  0 99  0  0
procs -----------memory---------- ---swap-- -----io---- -system-- -------cpu-------
 r  b   swpd   free   buff  cache   si   so    bi    bo   in   cs us sy id wa st gu
 0  2      0 2670560  37456 773272    0    0     0    20 1317  802  0  1  7 92  0  0
 0  1      0 2670560  37456 773276    0    0     0     0 1250  309  1  1 49 50  0  0
 0  2      0 2670560  37456 773280    0    0     0     0 1192  389  0  1 49 51  0  0
 0  2      0 2670560  37456 773288    0    0     0     0 1189  792  0  1 49 50  0  0
 0  1      0 2670560  37456 773296    0    0     0     4 1245  789  0  1 49 51  0  0
 0  2      0 2670560  37464 773288    0    0     0    16 1269  324  1  1 49 50  0  0
 0  2      0 2670560  37464 773300    0    0     0     0 1272  343  0  1 49 50  0  0
 0  2      0 2670560  37464 773304    0    0     0     0 1287  809  1  1 49 50  0  0
 0  2      0 2670560  37464 773308    0    0     0   144 1271  793  1  1 49 50  0  0
 0  1      0 2670560  37464 773312    0    0     0     4 1213  363  0  1 49 51  0  0
 0  1      0 2670560  37472 773316    0    0     0    28 1195  321  0  1 49 50  0  0
 0  2      0 2670560  37472 773324    0    0     0     0 1214  785  0  1 48 51  0  0
 0  1      0 2670560  37472 773328    0    0     0     4 1209  833  0  1 49 51  0  0
 0  1      0 2670560  37472 773332    0    0     0     0 1194  302  0  1 49 50  0  0
 0  1      0 2670560  37472 773336    0    0     0     0 1194  319  1  1 49 50  0  0
 0  4      0 2670560  37480 773328    0    0     0    45 1235  815  0  1  0 99  0  0
 1  1      0 2670560  37480 773332    0    0     0     4 1269  842  1  1  2 97  0  0
 0  1      0 2670560  37480 773344    0    0     0     0 1311  467  0  1 49 50  0  0
 0  2      0 2670560  37480 773352    0    0     0     0 1234  319  1  1 49 50  0  0
 0  2      0 2670560  37484 773356    0    0     0    68 1286  807  0  1 49 51  0  0
 0  2      0 2670560  37484 773360    0    0     0     0 1274  862  1  1 49 50  0  0
procs -----------memory---------- ---swap-- -----io---- -system-- -------cpu-------
 r  b   swpd   free   buff  cache   si   so    bi    bo   in   cs us sy id wa st gu
 0  1      0 2670560  37492 773364    0    0     0    40 1262  375  0  1 49 51  0  0
 0  1      0 2670560  37492 773368    0    0     0     0 1283  324  0  1 49 50  0  0
 0  2      0 2670560  37492 773372    0    0     0     0 1233  748  1  1 49 50  0  0
 0  2      0 2670560  37492 773376    0    0     0     0 1196  796  0  1 49 51  0  0
 0  1      0 2670560  37492 773376    0    0     0     4 1252  425  0  1 49 50  0  0
 0  1      0 2670560  37500 773376    0    0     0    16 1207  328  1  1 47 52  0  0
 0  2      0 2670560  37500 773388    0    0     0     0 1246  742  1  1  8 91  0  0
 0  2      0 2670560  37500 773392    0    0     0     0 1246  794  0  1  0 99  0  0
 0  1      0 2670560  37500 773396    0    0     0     4 1216  401  0  1 43 56  0  0
 0  1      0 2670560  37500 773400    0    0     0     0 1193  305  1  0 49 50  0  0
 0  3      0 2670560  37508 773404    0    0     0    16 1263  734  0  1 49 51  0  0
 1  2      0 2670560  37508 773408    0    0     0     0 1210  799  1  1 49 50  0  0
 0  1      0 2670560  37508 773416    0    0     0     8 1237  503  0  1 49 50  0  0
 0  1      0 2670560  37508 773424    0    0     0     0 1199  325  0  1 49 50  0  0
 0  2      0 2670560  37508 773424    0    0     0     0 1176  643  0  1 49 51  0  0
 0  2      0 2670560  37516 773428    0    0     0    16 1279  878  1  1 49 50  0  0
 0  0      0 2670560  37516 772024    0    0   852     0 1382  875  1  2 58 39  0  0
