[Wed Jan 14 21:14:40 2026] usb usb2: New USB device strings: Mfr=3, Product=2, SerialNumber=1
[Wed Jan 14 21:14:40 2026] usb usb2: Product: EHCI Host Controller
[Wed Jan 14 21:14:40 2026] usb usb2: Manufacturer: Linux 6.14.0-37-generic ehci_hcd
[Wed Jan 14 21:14:40 2026] usb usb2: SerialNumber: 0000:00:0b.0
[Wed Jan 14 21:14:40 2026] hub 2-0:1.0: USB hub found
[Wed Jan 14 21:14:40 2026] hub 2-0:1.0: 12 ports detected
[Wed Jan 14 21:14:40 2026] Freeing initrd memory: 73604K
[Wed Jan 14 21:14:40 2026] Segment Routing with IPv6
[Wed Jan 14 21:14:40 2026] In-situ OAM (IOAM) with IPv6
[Wed Jan 14 21:14:40 2026] NET: Registered PF_PACKET protocol family
[Wed Jan 14 21:14:40 2026] Key type dns_resolver registered
[Wed Jan 14 21:14:40 2026] IPI shorthand broadcast: enabled
[Wed Jan 14 21:14:40 2026] sched_clock: Marking stable (421022907, 9112160)->(453904816, -23769749)
[Wed Jan 14 21:14:40 2026] registered taskstats version 1
[Wed Jan 14 21:14:40 2026] Loading compiled-in X.509 certificates
[Wed Jan 14 21:14:40 2026] Loaded X.509 cert 'Build time autogenerated kernel key: b878835a90265075bf75bb69cfcef4210fdf14ae'
[Wed Jan 14 21:14:40 2026] Loaded X.509 cert 'Canonical Ltd. Live Patch Signing 2025 Kmod: d541cef61dc7e793b7eb7e899970a2eef0b5dc8c'
[Wed Jan 14 21:14:40 2026] Loaded X.509 cert 'Canonical Ltd. Live Patch Signing: 14df34d1a87cf37625abec039ef2bf521249b969'
[Wed Jan 14 21:14:40 2026] Loaded X.509 cert 'Canonical Ltd. Kernel Module Signing: 88f752e560a1e0737e31163a466ad7b70a850c19'
[Wed Jan 14 21:14:40 2026] blacklist: Loading compiled-in revocation X.509 certificates
[Wed Jan 14 21:14:40 2026] Loaded X.509 cert 'Canonical Ltd. Secure Boot Signing: 61482aa2830d0ab2ad5af10b7250da9033ddcef0'
[Wed Jan 14 21:14:40 2026] Loaded X.509 cert 'Canonical Ltd. Secure Boot Signing (2017): 242ade75ac4a15e50d50c84b0d45ff3eae707a03'
[Wed Jan 14 21:14:40 2026] Loaded X.509 cert 'Canonical Ltd. Secure Boot Signing (ESM 2018): 365188c1d374d6b07c3c8f240f8ef722433d6a8b'
[Wed Jan 14 21:14:40 2026] Loaded X.509 cert 'Canonical Ltd. Secure Boot Signing (2019): c0746fd6c5da3ae827864651ad66ae47fe24b3e8'
[Wed Jan 14 21:14:40 2026] Loaded X.509 cert 'Canonical Ltd. Secure Boot Signing (2021 v1): a8d54bbb3825cfb94fa13c9f8a594a195c107b8d'
[Wed Jan 14 21:14:40 2026] Loaded X.509 cert 'Canonical Ltd. Secure Boot Signing (2021 v2): 4cf046892d6fd3c9a5b03f98d845f90851dc6a8c'
[Wed Jan 14 21:14:40 2026] Loaded X.509 cert 'Canonical Ltd. Secure Boot Signing (2021 v3): 100437bb6de6e469b581e61cd66bce3ef4ed53af'
[Wed Jan 14 21:14:40 2026] Loaded X.509 cert 'Canonical Ltd. Secure Boot Signing (Ubuntu Core 2019): c1d57b8f6b743f23ee41f4f7ee292f06eecadfb9'
[Wed Jan 14 21:14:40 2026] Demotion targets for Node 0: null
[Wed Jan 14 21:14:40 2026] Key type .fscrypt registered
[Wed Jan 14 21:14:40 2026] Key type fscrypt-provisioning registered
[Wed Jan 14 21:14:40 2026] Key type encrypted registered
[Wed Jan 14 21:14:40 2026] AppArmor: AppArmor sha256 policy hashing enabled
[Wed Jan 14 21:14:40 2026] ima: No TPM chip found, activating TPM-bypass!
[Wed Jan 14 21:14:40 2026] Loading compiled-in module X.509 certificates
[Wed Jan 14 21:14:40 2026] Loaded X.509 cert 'Build time autogenerated kernel key: b878835a90265075bf75bb69cfcef4210fdf14ae'
[Wed Jan 14 21:14:40 2026] ima: Allocated hash algorithm: sha256
[Wed Jan 14 21:14:40 2026] ima: No architecture policies found
[Wed Jan 14 21:14:40 2026] evm: Initialising EVM extended attributes:
[Wed Jan 14 21:14:40 2026] evm: security.selinux
[Wed Jan 14 21:14:40 2026] evm: security.SMACK64
[Wed Jan 14 21:14:40 2026] evm: security.SMACK64EXEC
[Wed Jan 14 21:14:40 2026] evm: security.SMACK64TRANSMUTE
[Wed Jan 14 21:14:40 2026] evm: security.SMACK64MMAP
[Wed Jan 14 21:14:40 2026] evm: security.apparmor
[Wed Jan 14 21:14:40 2026] evm: security.ima
[Wed Jan 14 21:14:40 2026] evm: security.capability
[Wed Jan 14 21:14:40 2026] evm: HMAC attrs: 0x1
[Wed Jan 14 21:14:40 2026] PM:   Magic number: 10:417:247
[Wed Jan 14 21:14:40 2026] RAS: Correctable Errors collector initialized.
[Wed Jan 14 21:14:40 2026] clk: Disabling unused clocks
[Wed Jan 14 21:14:40 2026] PM: genpd: Disabling unused power domains
[Wed Jan 14 21:14:40 2026] ata1.00: ATAPI: VBOX CD-ROM, 1.0, max UDMA/133
[Wed Jan 14 21:14:40 2026] scsi 0:0:0:0: CD-ROM            VBOX     CD-ROM           1.0  PQ: 0 ANSI: 5
[Wed Jan 14 21:14:41 2026] sr 0:0:0:0: [sr0] scsi3-mmc drive: 32x/32x xa/form2 tray
[Wed Jan 14 21:14:41 2026] cdrom: Uniform CD-ROM driver Revision: 3.20
[Wed Jan 14 21:14:41 2026] sr 0:0:0:0: Attached scsi CD-ROM sr0
[Wed Jan 14 21:14:41 2026] sr 0:0:0:0: Attached scsi generic sg0 type 5
[Wed Jan 14 21:14:41 2026] Freeing unused decrypted memory: 2028K
[Wed Jan 14 21:14:41 2026] Freeing unused kernel image (initmem) memory: 5140K
[Wed Jan 14 21:14:41 2026] Write protecting the kernel read-only data: 38912k
[Wed Jan 14 21:14:41 2026] Freeing unused kernel image (text/rodata gap) memory: 1052K
[Wed Jan 14 21:14:41 2026] Freeing unused kernel image (rodata/data gap) memory: 1312K
[Wed Jan 14 21:14:41 2026] x86/mm: Checked W+X mappings: passed, no W+X pages found.
[Wed Jan 14 21:14:41 2026] Run /init as init process
[Wed Jan 14 21:14:41 2026]   with arguments:
[Wed Jan 14 21:14:41 2026]     /init
[Wed Jan 14 21:14:41 2026]     splash
[Wed Jan 14 21:14:41 2026]   with environment:
[Wed Jan 14 21:14:41 2026]     HOME=/
[Wed Jan 14 21:14:41 2026]     TERM=linux
[Wed Jan 14 21:14:41 2026]     BOOT_IMAGE=/boot/vmlinuz-6.14.0-37-generic
[Wed Jan 14 21:14:41 2026] usb 1-1: new full-speed USB device number 2 using ohci-pci
[Wed Jan 14 21:14:41 2026] e1000: Intel(R) PRO/1000 Network Driver
[Wed Jan 14 21:14:41 2026] e1000: Copyright (c) 1999-2006 Intel Corporation.
[Wed Jan 14 21:14:41 2026] ahci 0000:00:0d.0: version 3.0
[Wed Jan 14 21:14:41 2026] ahci 0000:00:0d.0: SSS flag set, parallel bus scan disabled
[Wed Jan 14 21:14:41 2026] ahci 0000:00:0d.0: AHCI vers 0001.0100, 32 command slots, 3 Gbps, SATA mode
[Wed Jan 14 21:14:41 2026] ahci 0000:00:0d.0: 1/1 ports implemented (port mask 0x1)
[Wed Jan 14 21:14:41 2026] ahci 0000:00:0d.0: flags: 64bit ncq stag only ccc 
[Wed Jan 14 21:14:41 2026] scsi host2: ahci
[Wed Jan 14 21:14:41 2026] ata3: SATA max UDMA/133 abar m8192@0xf0806000 port 0xf0806100 irq 21 lpm-pol 0
[Wed Jan 14 21:14:41 2026] input: ImExPS/2 Generic Explorer Mouse as /devices/platform/i8042/serio1/input/input4
[Wed Jan 14 21:14:41 2026] usb 1-1: New USB device found, idVendor=80ee, idProduct=0021, bcdDevice= 1.00
[Wed Jan 14 21:14:41 2026] usb 1-1: New USB device strings: Mfr=1, Product=3, SerialNumber=0
[Wed Jan 14 21:14:41 2026] usb 1-1: Product: USB Tablet
[Wed Jan 14 21:14:41 2026] usb 1-1: Manufacturer: VirtualBox
[Wed Jan 14 21:14:41 2026] hid: raw HID events driver (C) Jiri Kosina
[Wed Jan 14 21:14:41 2026] e1000 0000:00:03.0 eth0: (PCI:33MHz:32-bit) 08:00:27:63:c0:d1
[Wed Jan 14 21:14:41 2026] e1000 0000:00:03.0 eth0: Intel(R) PRO/1000 Network Connection
[Wed Jan 14 21:14:41 2026] ata3: SATA link up 3.0 Gbps (SStatus 123 SControl 300)
[Wed Jan 14 21:14:41 2026] ata3.00: ATA-6: VBOX HARDDISK, 1.0, max UDMA/133
[Wed Jan 14 21:14:41 2026] ata3.00: 20998800 sectors, multi 128: LBA48 NCQ (depth 32)
[Wed Jan 14 21:14:41 2026] ata3.00: configured for UDMA/133
[Wed Jan 14 21:14:41 2026] scsi 2:0:0:0: Direct-Access     ATA      VBOX HARDDISK    1.0  PQ: 0 ANSI: 5
[Wed Jan 14 21:14:41 2026] sd 2:0:0:0: [sda] 20998800 512-byte logical blocks: (10.8 GB/10.0 GiB)
[Wed Jan 14 21:14:41 2026] sd 2:0:0:0: Attached scsi generic sg1 type 0
[Wed Jan 14 21:14:41 2026] sd 2:0:0:0: [sda] Write Protect is off
[Wed Jan 14 21:14:41 2026] sd 2:0:0:0: [sda] Mode Sense: 00 3a 00 00
[Wed Jan 14 21:14:41 2026] sd 2:0:0:0: [sda] Write cache: enabled, read cache: enabled, doesn't support DPO or FUA
[Wed Jan 14 21:14:41 2026] sd 2:0:0:0: [sda] Preferred minimum I/O size 512 bytes
[Wed Jan 14 21:14:41 2026]  sda: sda1 sda2
[Wed Jan 14 21:14:41 2026] sd 2:0:0:0: [sda] Attached SCSI disk
[Wed Jan 14 21:14:41 2026] ACPI: video: Video Device [GFX0] (multi-head: yes  rom: no  post: no)
[Wed Jan 14 21:14:41 2026] input: Video Bus as /devices/LNXSYSTM:00/LNXSYBUS:00/PNP0A03:00/LNXVIDEO:00/input/input5
[Wed Jan 14 21:14:41 2026] e1000 0000:00:03.0 enp0s3: renamed from eth0
[Wed Jan 14 21:14:41 2026] usbcore: registered new interface driver usbhid
[Wed Jan 14 21:14:41 2026] usbhid: USB HID core driver
[Wed Jan 14 21:14:41 2026] input: VirtualBox USB Tablet as /devices/pci0000:00/0000:00:06.0/usb1/1-1/1-1:1.0/0003:80EE:0021.0001/input/input6
[Wed Jan 14 21:14:41 2026] hid-generic 0003:80EE:0021.0001: input,hidraw0: USB HID v1.10 Mouse [VirtualBox USB Tablet] on usb-0000:00:06.0-1/input0
[Wed Jan 14 21:14:42 2026] EXT4-fs (sda2): mounted filesystem 1cd421a2-61ca-42a4-ad0f-280b7d9c9ed1 ro with ordered data mode. Quota mode: none.
[Wed Jan 14 21:14:43 2026] systemd[1]: Inserted module 'autofs4'
[Wed Jan 14 21:14:43 2026] systemd[1]: systemd 255.4-1ubuntu8.12 running in system mode (+PAM +AUDIT +SELINUX +APPARMOR +IMA +SMACK +SECCOMP +GCRYPT -GNUTLS +OPENSSL +ACL +BLKID +CURL +ELFUTILS +FIDO2 +IDN2 -IDN +IPTC +KMOD +LIBCRYPTSETUP +LIBFDISK +PCRE2 -PWQUALITY +P11KIT +QRENCODE +TPM2 +BZIP2 +LZ4 +XZ +ZLIB +ZSTD -BPF_FRAMEWORK -XKBCOMMON +UTMP +SYSVINIT default-hierarchy=unified)
[Wed Jan 14 21:14:43 2026] systemd[1]: Detected virtualization oracle.
[Wed Jan 14 21:14:43 2026] systemd[1]: Detected architecture x86-64.
[Wed Jan 14 21:14:43 2026] systemd[1]: Hostname set to <client>.
[Wed Jan 14 21:14:43 2026] systemd[1]: Queued start job for default target graphical.target.
[Wed Jan 14 21:14:43 2026] systemd[1]: Created slice system-modprobe.slice - Slice /system/modprobe.
[Wed Jan 14 21:14:43 2026] systemd[1]: Created slice user.slice - User and Session Slice.
[Wed Jan 14 21:14:43 2026] systemd[1]: Started systemd-ask-password-wall.path - Forward Password Requests to Wall Directory Watch.
[Wed Jan 14 21:14:43 2026] systemd[1]: Set up automount proc-sys-fs-binfmt_misc.automount - Arbitrary Executable File Formats File System Automount Point.
[Wed Jan 14 21:14:43 2026] systemd[1]: Reached target integritysetup.target - Local Integrity Protected Volumes.
[Wed Jan 14 21:14:43 2026] systemd[1]: Reached target remote-fs.target - Remote File Systems.
[Wed Jan 14 21:14:43 2026] systemd[1]: Reached target slices.target - Slice Units.
[Wed Jan 14 21:14:43 2026] systemd[1]: Reached target snapd.mounts-pre.target - Mounting snaps.
[Wed Jan 14 21:14:43 2026] systemd[1]: Reached target swap.target - Swaps.
[Wed Jan 14 21:14:43 2026] systemd[1]: Reached target veritysetup.target - Local Verity Protected Volumes.
[Wed Jan 14 21:14:43 2026] systemd[1]: Listening on syslog.socket - Syslog Socket.
[Wed Jan 14 21:14:43 2026] systemd[1]: Listening on systemd-fsckd.socket - fsck to fsckd communication Socket.
[Wed Jan 14 21:14:43 2026] systemd[1]: Listening on systemd-initctl.socket - initctl Compatibility Named Pipe.
[Wed Jan 14 21:14:43 2026] systemd[1]: Listening on systemd-journald-dev-log.socket - Journal Socket (/dev/log).
[Wed Jan 14 21:14:43 2026] systemd[1]: Listening on systemd-journald.socket - Journal Socket.
[Wed Jan 14 21:14:43 2026] systemd[1]: Listening on systemd-oomd.socket - Userspace Out-Of-Memory (OOM) Killer Socket.
[Wed Jan 14 21:14:43 2026] systemd[1]: systemd-pcrextend.socket - TPM2 PCR Extension (Varlink) was skipped because of an unmet condition check (ConditionSecurity=measured-uki).
[Wed Jan 14 21:14:43 2026] systemd[1]: Listening on systemd-udevd-control.socket - udev Control Socket.
[Wed Jan 14 21:14:43 2026] systemd[1]: Listening on systemd-udevd-kernel.socket - udev Kernel Socket.
[Wed Jan 14 21:14:43 2026] systemd[1]: Mounting dev-hugepages.mount - Huge Pages File System...
[Wed Jan 14 21:14:43 2026] systemd[1]: Mounting dev-mqueue.mount - POSIX Message Queue File System...
[Wed Jan 14 21:14:43 2026] systemd[1]: Mounting sys-kernel-debug.mount - Kernel Debug File System...
[Wed Jan 14 21:14:43 2026] systemd[1]: Mounting sys-kernel-tracing.mount - Kernel Trace File System...
[Wed Jan 14 21:14:43 2026] systemd[1]: Starting systemd-journald.service - Journal Service...
[Wed Jan 14 21:14:43 2026] systemd[1]: Starting keyboard-setup.service - Set the console keyboard layout...
[Wed Jan 14 21:14:43 2026] systemd[1]: Starting kmod-static-nodes.service - Create List of Static Device Nodes...
[Wed Jan 14 21:14:43 2026] systemd[1]: Starting modprobe@configfs.service - Load Kernel Module configfs...
[Wed Jan 14 21:14:43 2026] systemd[1]: Starting modprobe@dm_mod.service - Load Kernel Module dm_mod...
[Wed Jan 14 21:14:43 2026] systemd[1]: Starting modprobe@drm.service - Load Kernel Module drm...
[Wed Jan 14 21:14:43 2026] systemd[1]: Starting modprobe@efi_pstore.service - Load Kernel Module efi_pstore...
[Wed Jan 14 21:14:43 2026] systemd[1]: Starting modprobe@fuse.service - Load Kernel Module fuse...
[Wed Jan 14 21:14:43 2026] systemd-journald[244]: Collecting audit messages is disabled.
[Wed Jan 14 21:14:43 2026] systemd[1]: Starting modprobe@loop.service - Load Kernel Module loop...
[Wed Jan 14 21:14:43 2026] systemd[1]: systemd-fsck-root.service - File System Check on Root Device was skipped because of an unmet condition check (ConditionPathExists=!/run/initramfs/fsck-root).
[Wed Jan 14 21:14:43 2026] systemd[1]: Starting systemd-modules-load.service - Load Kernel Modules...
[Wed Jan 14 21:14:43 2026] systemd[1]: systemd-pcrmachine.service - TPM2 PCR Machine ID Measurement was skipped because of an unmet condition check (ConditionSecurity=measured-uki).
[Wed Jan 14 21:14:43 2026] systemd[1]: Starting systemd-remount-fs.service - Remount Root and Kernel File Systems...
[Wed Jan 14 21:14:43 2026] systemd[1]: systemd-tpm2-setup-early.service - TPM2 SRK Setup (Early) was skipped because of an unmet condition check (ConditionSecurity=measured-uki).
[Wed Jan 14 21:14:43 2026] systemd[1]: Starting systemd-udev-trigger.service - Coldplug All udev Devices...
[Wed Jan 14 21:14:43 2026] systemd[1]: Mounted dev-hugepages.mount - Huge Pages File System.
[Wed Jan 14 21:14:43 2026] systemd[1]: Mounted dev-mqueue.mount - POSIX Message Queue File System.
[Wed Jan 14 21:14:43 2026] systemd[1]: Mounted sys-kernel-debug.mount - Kernel Debug File System.
[Wed Jan 14 21:14:43 2026] systemd[1]: Mounted sys-kernel-tracing.mount - Kernel Trace File System.
[Wed Jan 14 21:14:43 2026] systemd[1]: Finished kmod-static-nodes.service - Create List of Static Device Nodes.
[Wed Jan 14 21:14:43 2026] systemd[1]: modprobe@configfs.service: Deactivated successfully.
[Wed Jan 14 21:14:43 2026] systemd[1]: Finished modprobe@configfs.service - Load Kernel Module configfs.
[Wed Jan 14 21:14:43 2026] systemd[1]: modprobe@dm_mod.service: Deactivated successfully.
[Wed Jan 14 21:14:43 2026] systemd[1]: Finished modprobe@dm_mod.service - Load Kernel Module dm_mod.
[Wed Jan 14 21:14:43 2026] systemd[1]: modprobe@drm.service: Deactivated successfully.
[Wed Jan 14 21:14:43 2026] systemd[1]: Finished modprobe@drm.service - Load Kernel Module drm.
[Wed Jan 14 21:14:43 2026] systemd[1]: modprobe@efi_pstore.service: Deactivated successfully.
[Wed Jan 14 21:14:43 2026] systemd[1]: Finished modprobe@efi_pstore.service - Load Kernel Module efi_pstore.
[Wed Jan 14 21:14:43 2026] systemd[1]: modprobe@fuse.service: Deactivated successfully.
[Wed Jan 14 21:14:43 2026] systemd[1]: Finished modprobe@fuse.service - Load Kernel Module fuse.
[Wed Jan 14 21:14:43 2026] systemd[1]: Started systemd-journald.service - Journal Service.
[Wed Jan 14 21:14:43 2026] EXT4-fs (sda2): re-mounted 1cd421a2-61ca-42a4-ad0f-280b7d9c9ed1 r/w.
[Wed Jan 14 21:14:43 2026] lp: driver loaded but no devices found
[Wed Jan 14 21:14:43 2026] ppdev: user-space parallel port driver
[Wed Jan 14 21:14:43 2026] systemd-journald[244]: Received client request to flush runtime journal.
[Wed Jan 14 21:14:43 2026] systemd-journald[244]: /var/log/journal/1043f7e7c4424d5da4703094e791bfa8/system.journal: Journal file uses a different sequence number ID, rotating.
[Wed Jan 14 21:14:43 2026] systemd-journald[244]: Rotating system journal.
[Wed Jan 14 21:14:43 2026] loop0: detected capacity change from 0 to 8
[Wed Jan 14 21:14:43 2026] loop1: detected capacity change from 0 to 151376
[Wed Jan 14 21:14:43 2026] loop2: detected capacity change from 0 to 151456
[Wed Jan 14 21:14:43 2026] loop3: detected capacity change from 0 to 502024
[Wed Jan 14 21:14:43 2026] loop4: detected capacity change from 0 to 22800
[Wed Jan 14 21:14:43 2026] loop5: detected capacity change from 0 to 513656
[Wed Jan 14 21:14:43 2026] loop6: detected capacity change from 0 to 1056784
[Wed Jan 14 21:14:43 2026] loop7: detected capacity change from 0 to 37864
[Wed Jan 14 21:14:43 2026] loop8: detected capacity change from 0 to 187776
[Wed Jan 14 21:14:43 2026] loop9: detected capacity change from 0 to 1057184
[Wed Jan 14 21:14:43 2026] loop10: detected capacity change from 0 to 22176
[Wed Jan 14 21:14:43 2026] loop11: detected capacity change from 0 to 104296
[Wed Jan 14 21:14:43 2026] loop12: detected capacity change from 0 to 98480
[Wed Jan 14 21:14:43 2026] loop13: detected capacity change from 0 to 1152
[Wed Jan 14 21:14:43 2026] audit: type=1400 audit(1768425282.594:2): apparmor="STATUS" operation="profile_load" profile="unconfined" name="1password" pid=352 comm="apparmor_parser"
[Wed Jan 14 21:14:43 2026] audit: type=1400 audit(1768425282.594:3): apparmor="STATUS" operation="profile_load" profile="unconfined" name="Discord" pid=353 comm="apparmor_parser"
[Wed Jan 14 21:14:43 2026] audit: type=1400 audit(1768425282.598:4): apparmor="STATUS" operation="profile_load" profile="unconfined" name=4D6F6E676F444220436F6D70617373 pid=357 comm="apparmor_parser"
[Wed Jan 14 21:14:43 2026] audit: type=1400 audit(1768425282.600:5): apparmor="STATUS" operation="profile_load" profile="unconfined" name="QtWebEngineProcess" pid=358 comm="apparmor_parser"
[Wed Jan 14 21:14:43 2026] audit: type=1400 audit(1768425282.603:6): apparmor="STATUS" operation="profile_load" profile="unconfined" name="brave" pid=360 comm="apparmor_parser"
[Wed Jan 14 21:14:43 2026] audit: type=1400 audit(1768425282.604:7): apparmor="STATUS" operation="profile_load" profile="unconfined" name="balena-etcher" pid=359 comm="apparmor_parser"
[Wed Jan 14 21:14:43 2026] audit: type=1400 audit(1768425282.606:8): apparmor="STATUS" operation="profile_load" profile="unconfined" name="buildah" pid=362 comm="apparmor_parser"
[Wed Jan 14 21:14:43 2026] audit: type=1400 audit(1768425282.608:9): apparmor="STATUS" operation="profile_load" profile="unconfined" name="busybox" pid=363 comm="apparmor_parser"
[Wed Jan 14 21:14:43 2026] audit: type=1400 audit(1768425282.611:10): apparmor="STATUS" operation="profile_load" profile="unconfined" name="cam" pid=364 comm="apparmor_parser"
[Wed Jan 14 21:14:44 2026] piix4_smbus 0000:00:07.0: SMBus Host Controller at 0x4100, revision 0
[Wed Jan 14 21:14:44 2026] vboxguest: host-version: 7.2.4r170995 0x8000000f
[Wed Jan 14 21:14:44 2026] vbg_heartbeat_init: Setting up heartbeat to trigger every 2000 milliseconds
[Wed Jan 14 21:14:44 2026] input: VirtualBox mouse integration as /devices/pci0000:00/0000:00:04.0/input/input7
[Wed Jan 14 21:14:44 2026] cryptd: max_cpu_qlen set to 1000
[Wed Jan 14 21:14:44 2026] AES CTR mode by8 optimization enabled
[Wed Jan 14 21:14:44 2026] vmwgfx 0000:00:02.0: vgaarb: deactivate vga console
[Wed Jan 14 21:14:44 2026] Console: switching to colour dummy device 80x25
[Wed Jan 14 21:14:44 2026] vmwgfx 0000:00:02.0: [drm] FIFO at 0x00000000f0000000 size is 2048 KiB
[Wed Jan 14 21:14:44 2026] vmwgfx 0000:00:02.0: [drm] VRAM at 0x00000000e0000000 size is 16384 KiB
[Wed Jan 14 21:14:44 2026] vmwgfx 0000:00:02.0: [drm] Running on SVGA version 2.
[Wed Jan 14 21:14:44 2026] vmwgfx 0000:00:02.0: [drm] Capabilities: rect copy, cursor, cursor bypass, cursor bypass 2, alpha cursor, extended fifo, pitchlock, irq mask, gmr, traces, gmr2, screen object 2, command buffers, command buffers 2, gbobject, 
[Wed Jan 14 21:14:44 2026] vmwgfx 0000:00:02.0: [drm] *ERROR* vmwgfx seems to be running on an unsupported hypervisor.
[Wed Jan 14 21:14:44 2026] vmwgfx 0000:00:02.0: [drm] *ERROR* This configuration is likely broken.
[Wed Jan 14 21:14:44 2026] vmwgfx 0000:00:02.0: [drm] *ERROR* Please switch to a supported graphics device to avoid problems.
[Wed Jan 14 21:14:44 2026] vmwgfx 0000:00:02.0: [drm] DMA map mode: Caching DMA mappings.
[Wed Jan 14 21:14:44 2026] vmwgfx 0000:00:02.0: [drm] Legacy memory limits: VRAM = 16384 KiB, FIFO = 2048 KiB, surface = 507904 KiB
[Wed Jan 14 21:14:44 2026] vmwgfx 0000:00:02.0: [drm] MOB limits: max mob size = 131072 KiB, max mob pages = 4096
[Wed Jan 14 21:14:44 2026] vmwgfx 0000:00:02.0: [drm] Max GMR ids is 8192
[Wed Jan 14 21:14:44 2026] vmwgfx 0000:00:02.0: [drm] Max number of GMR pages is 1048576
[Wed Jan 14 21:14:44 2026] vmwgfx 0000:00:02.0: [drm] Maximum display memory size is 16384 KiB
[Wed Jan 14 21:14:44 2026] vmwgfx 0000:00:02.0: [drm] Screen Target display unit initialized
[Wed Jan 14 21:14:44 2026] vmwgfx 0000:00:02.0: [drm] Fifo max 0x00200000 min 0x00001000 cap 0x00000355
[Wed Jan 14 21:14:44 2026] vmwgfx 0000:00:02.0: [drm] Using command buffers with DMA pool.
[Wed Jan 14 21:14:44 2026] vmwgfx 0000:00:02.0: [drm] Available shader model: Legacy.
[Wed Jan 14 21:14:44 2026] [drm] Initialized vmwgfx 2.20.0 for 0000:00:02.0 on minor 0
[Wed Jan 14 21:14:44 2026] fbcon: vmwgfxdrmfb (fb0) is primary device
[Wed Jan 14 21:14:44 2026] Console: switching to colour frame buffer device 160x50
[Wed Jan 14 21:14:44 2026] vmwgfx 0000:00:02.0: [drm] fb0: vmwgfxdrmfb frame buffer device
[Wed Jan 14 21:14:44 2026] intel_rapl_common: Found RAPL domain package
[Wed Jan 14 21:14:44 2026] intel_rapl_common: Found RAPL domain core
[Wed Jan 14 21:14:44 2026] snd_intel8x0 0000:00:05.0: allow list rate for 1028:0177 is 48000
[Wed Jan 14 21:14:45 2026] loop14: detected capacity change from 0 to 8
[Wed Jan 14 21:14:45 2026] NET: Registered PF_QIPCRTR protocol family
[Wed Jan 14 21:14:45 2026] kauditd_printk_skb: 146 callbacks suppressed
[Wed Jan 14 21:14:45 2026] audit: type=1400 audit(1768425284.817:157): apparmor="STATUS" operation="profile_replace" profile="unconfined" name="/usr/lib/snapd/snap-confine" pid=1059 comm="apparmor_parser"
[Wed Jan 14 21:14:45 2026] audit: type=1400 audit(1768425284.822:158): apparmor="STATUS" operation="profile_replace" profile="unconfined" name="/usr/lib/snapd/snap-confine//mount-namespace-capture-helper" pid=1059 comm="apparmor_parser"
[Wed Jan 14 21:14:46 2026] e1000: enp0s3 NIC Link is Up 1000 Mbps Full Duplex, Flow Control: RX
[Wed Jan 14 21:14:46 2026] audit: type=1400 audit(1768425285.455:159): apparmor="DENIED" operation="capable" class="cap" profile="/usr/sbin/cupsd" pid=1136 comm="cupsd" capability=12  capname="net_admin"
[Wed Jan 14 21:14:48 2026] rfkill: input handler disabled
[Wed Jan 14 21:15:36 2026] systemd-journald[244]: /var/log/journal/1043f7e7c4424d5da4703094e791bfa8/user-1000.journal: Journal file uses a different sequence number ID, rotating.
[Wed Jan 14 21:16:58 2026] vhci_hcd vhci_hcd.0: USB/IP Virtual Host Controller
[Wed Jan 14 21:16:58 2026] vhci_hcd vhci_hcd.0: new USB bus registered, assigned bus number 3
[Wed Jan 14 21:16:58 2026] vhci_hcd: created sysfs vhci_hcd.0
[Wed Jan 14 21:16:58 2026] usb usb3: New USB device found, idVendor=1d6b, idProduct=0002, bcdDevice= 6.14
[Wed Jan 14 21:16:58 2026] usb usb3: New USB device strings: Mfr=3, Product=2, SerialNumber=1
[Wed Jan 14 21:16:58 2026] usb usb3: Product: USB/IP Virtual Host Controller
[Wed Jan 14 21:16:58 2026] usb usb3: Manufacturer: Linux 6.14.0-37-generic vhci_hcd
[Wed Jan 14 21:16:58 2026] usb usb3: SerialNumber: vhci_hcd.0
[Wed Jan 14 21:16:58 2026] hub 3-0:1.0: USB hub found
[Wed Jan 14 21:16:58 2026] hub 3-0:1.0: 8 ports detected
[Wed Jan 14 21:16:58 2026] vhci_hcd vhci_hcd.0: USB/IP Virtual Host Controller
[Wed Jan 14 21:16:58 2026] vhci_hcd vhci_hcd.0: new USB bus registered, assigned bus number 4
[Wed Jan 14 21:16:58 2026] usb usb4: We don't know the algorithms for LPM for this host, disabling LPM.
[Wed Jan 14 21:16:58 2026] usb usb4: New USB device found, idVendor=1d6b, idProduct=0003, bcdDevice= 6.14
[Wed Jan 14 21:16:58 2026] usb usb4: New USB device strings: Mfr=3, Product=2, SerialNumber=1
[Wed Jan 14 21:16:58 2026] usb usb4: Product: USB/IP Virtual Host Controller
[Wed Jan 14 21:16:58 2026] usb usb4: Manufacturer: Linux 6.14.0-37-generic vhci_hcd
[Wed Jan 14 21:16:58 2026] usb usb4: SerialNumber: vhci_hcd.0
[Wed Jan 14 21:16:58 2026] hub 4-0:1.0: USB hub found
[Wed Jan 14 21:16:58 2026] hub 4-0:1.0: 8 ports detected
[Wed Jan 14 21:16:59 2026] vhci_hcd vhci_hcd.0: pdev(0) rhport(0) sockfd(3)
[Wed Jan 14 21:16:59 2026] vhci_hcd vhci_hcd.0: devid(196612) speed(3) speed_str(high-speed)
[Wed Jan 14 21:16:59 2026] vhci_hcd vhci_hcd.0: Device attached
[Wed Jan 14 21:17:00 2026] usb 3-1: new high-speed USB device number 2 using vhci_hcd
[Wed Jan 14 21:17:00 2026] usb 3-1: SetAddress Request (2) to port 0
[Wed Jan 14 21:17:00 2026] usb 3-1: New USB device found, idVendor=058f, idProduct=6387, bcdDevice= 1.00
[Wed Jan 14 21:17:00 2026] usb 3-1: New USB device strings: Mfr=1, Product=2, SerialNumber=3
[Wed Jan 14 21:17:00 2026] usb 3-1: Product: Mass Storage
[Wed Jan 14 21:17:00 2026] usb 3-1: Manufacturer: Generic
[Wed Jan 14 21:17:00 2026] usb 3-1: SerialNumber: FBE3BE29
[Wed Jan 14 21:17:00 2026] usb-storage 3-1:1.0: USB Mass Storage device detected
[Wed Jan 14 21:17:00 2026] scsi host3: usb-storage 3-1:1.0
[Wed Jan 14 21:17:00 2026] usbcore: registered new interface driver usb-storage
[Wed Jan 14 21:17:00 2026] usbcore: registered new interface driver uas
[Wed Jan 14 21:17:01 2026] scsi 3:0:0:0: Direct-Access     Generic  Flash Disk       8.07 PQ: 0 ANSI: 4
[Wed Jan 14 21:17:01 2026] scsi 3:0:0:0: Attached scsi generic sg2 type 0
[Wed Jan 14 21:17:01 2026] sd 3:0:0:0: [sdb] 61440000 512-byte logical blocks: (31.5 GB/29.3 GiB)
[Wed Jan 14 21:17:01 2026] sd 3:0:0:0: [sdb] Write Protect is off
[Wed Jan 14 21:17:01 2026] sd 3:0:0:0: [sdb] Mode Sense: 23 00 00 00
[Wed Jan 14 21:17:01 2026] sd 3:0:0:0: [sdb] Write cache: disabled, read cache: enabled, doesn't support DPO or FUA
[Wed Jan 14 21:17:01 2026]  sdb: sdb1
[Wed Jan 14 21:17:01 2026] sd 3:0:0:0: [sdb] Attached SCSI removable disk
[Wed Jan 14 21:20:15 2026] FAT-fs (sdb1): Volume was not properly unmounted. Some data may be corrupt. Please run fsck.
[Wed Jan 14 21:20:51 2026] e1000: enp0s3 NIC Link is Up 1000 Mbps Full Duplex, Flow Control: RX
[Wed Jan 14 21:26:04 2026] FAT-fs (sdb1): Volume was not properly unmounted. Some data may be corrupt. Please run fsck.
[Wed Jan 14 21:30:33 2026] FAT-fs (sdb1): Volume was not properly unmounted. Some data may be corrupt. Please run fsck.
[Wed Jan 14 21:32:04 2026] usb 3-1: reset high-speed USB device number 2 using vhci_hcd
[Wed Jan 14 21:32:04 2026] vhci_hcd: unlink->seqnum 3343
[Wed Jan 14 21:32:04 2026] vhci_hcd: the urb (seqnum 3343) was already given back
[Wed Jan 14 21:32:04 2026] usb 3-1: SetAddress Request (2) to port 0
[Wed Jan 14 21:32:34 2026] vhci_hcd: unlink->seqnum 3350
[Wed Jan 14 21:32:34 2026] vhci_hcd: urb->status -104
[Wed Jan 14 21:32:34 2026] usb 3-1: reset high-speed USB device number 2 using vhci_hcd
[Wed Jan 14 21:32:34 2026] usb 3-1: SetAddress Request (2) to port 0
[Wed Jan 14 21:32:41 2026] usb 3-1: reset high-speed USB device number 2 using vhci_hcd
[Wed Jan 14 21:32:41 2026] usb 3-1: SetAddress Request (2) to port 0
[Wed Jan 14 21:32:41 2026] usb 3-1: reset high-speed USB device number 2 using vhci_hcd
[Wed Jan 14 21:32:41 2026] usb 3-1: SetAddress Request (2) to port 0
