procs -----------memory---------- ---swap-- -----io---- -system-- -------cpu-------
 r  b   swpd   free   buff  cache   si   so    bi    bo   in   cs us sy id wa st gu
 3  0      0 2665104  39648 782948    0    0   523    80 1172    1  0  1 79 20  0  0
 0  1      0 2656940  39712 785336    0    0    63     4 3490 3274  8  3 54 36  0  0
 0  2      0 2656184  39712 785348    0    0     0     0 1288  650  1  1 48 51  0  0
 0  2      0 2655628  39712 785352    0    0     0     0 1183  786  0  1 49 50  0  0
 0  2      0 2655628  39712 785356    0    0     0     0 1196  795  0  1 49 51  0  0
 0  2      0 2655628  39720 785352    0    0     0    48 1241  663  1  1 48 50  0  0
 0  1      0 2655628  39720 785356    0    0     0     0 1298  365  1  1 49 50  0  0
 0  2      0 2655628  39720 785380    0    0     0     0 1216  478  0  1 49 51  0  0
 0  2      0 2655628  39720 785388    0    0     0     0 1267  791  0  1 49 50  0  0
 0  1      0 2655628  39720 785392    0    0     0     4 1230  683  1  1 49 50  0  0
 0  1      0 2655628  39728 785384    0    0     0    20 1202  329  0  1 49 51  0  0
 0  2      0 2655376  39728 785396    0    0     0     0 1203  437  0  1 49 51  0  0
 0  2      0 2655376  39728 785400    0    0     0     0 1266  825  1  1 48 50  0  0
 0  1      0 2655376  39728 785404    0    0     0     4 1271  756  0  1 49 50  0  0
 0  1      0 2655376  39728 785408    0    0     0     0 1199  313  1  1 49 50  0  0
 0  3      0 2655376  39736 785416    0    0     0    20 1195  367  0  1 49 50  0  0
 0  2      0 2655376  39736 785420    0    0     0     0 1185  815  0  1 49 51  0  0
 0  1      0 2655376  39736 785424    0    0     0     4 1282  779  1  1 49 50  0  0
 0  1      0 2655376  39736 785428    0    0     0     0 1327  308  0  1 49 50  0  0
 0  2      0 2655376  39736 785432    0    0     0     0 1226  335  0  1 49 50  0  0
 0  2      0 2655376  39736 785432    0    0     0     0 1207  807  0  1 49 51  0  0
procs -----------memory---------- ---swap-- -----io---- -system-- -------cpu-------
 r  b   swpd   free   buff  cache   si   so    bi    bo   in   cs us sy id wa st gu
 0  2      0 2655376  39744 785436    0    0     0    20 1232  838  1  1 48 50  0  0
 0  1      0 2655376  39744 785444    0    0     0     4 1262  426  1  1 48 50  0  0
 0  1      0 2655152  39744 785448    0    0     0     0 1196  313  1  1 49 50  0  0
 0  2      0 2655136  39744 785452    0    0     0     0 1189  763  0  1 49 51  0  0
 0  2      0 2655136  39744 785456    0    0     0     0 1191  810  1  1 49 50  0  0
 0  1      0 2655136  39752 785460    0    0     0    24 1233  417  0  1 49 51  0  0
 0  1      0 2655136  39752 785464    0    0     0     0 1225  311  1  0 49 51  0  0
 0  2      0 2655136  39752 785468    0    0     0     0 1188  733  0  1 49 50  0  0
 0  2      0 2655136  39752 785476    0    0     0     0 1236  809  0  1 49 51  0  0
 2  1      0 2655136  39752 785476    0    0     0     4 1278  457  1  1 49 50  0  0
 0  3      0 2655200  39760 785480    0    0     0   297 1286  416  0  1 49 50  0  0
 0  3      0 2655200  39760 785484    0    0     0     0 1236  350  1  1 49 50  0  0
 0  3      0 2655200  39760 785488    0    0     0     0 1201  306  0  1 49 50  0  0
 0  3      0 2655200  39760 785492    0    0     0     0 1195  294  0  1 49 51  0  0
 0  3      0 2654992  39760 785496    0    0     0     0 1286  310  1  1 49 50  0  0
 0  4      0 2654952  39768 785508    0    0     0    20 1206  312  0  1 49 50  0  0
 0  3      0 2654952  39768 785516    0    0     0     0 1213  322  0  0 49 51  0  0
 0  3      0 2654952  39768 785520    0    0     0     0 1229  298  1  1 49 50  0  0
 0  3      0 2654752  39768 785524    0    0     0     0 1284  303  0  1 49 50  0  0
 0  3      0 2654700  39768 785524    0    0     0     0 1210  306  0  1 49 50  0  0
 0  3      0 2654700  39776 785528    0    0     0    20 1281  317  1  0 49 50  0  0
procs -----------memory---------- ---swap-- -----io---- -system-- -------cpu-------
 r  b   swpd   free   buff  cache   si   so    bi    bo   in   cs us sy id wa st gu
 0  3      0 2654700  39776 785532    0    0     0     0 1272  351  1  1 49 49  0  0
 0  3      0 2654700  39776 785540    0    0     0     0 1221  309  1  1 49 50  0  0
 0  3      0 2654700  39776 785544    0    0     0     0 1227  313  0  1 49 50  0  0
 0  3      0 2654700  39776 785552    0    0     0     0 1247  323  0  1 49 50  0  0
 0  4      0 2654700  39784 785556    0    0     0    20 1275  304  1  1 49 50  0  0
 0  3      0 2654700  39784 785560    0    0     0     0 1230  309  0  1 49 50  0  0
 0  3      0 2654700  39784 785564    0    0     0     0 1246  296  0  0 49 51  0  0
 0  3      0 2654700  39784 785568    0    0     0     0 1255  310  1  1 49 50  0  0
 0  3      0 2654700  39784 785568    0    0     0     0 1215  304  0  1 49 50  0  0
 0  3      0 2654700  39784 785572    0    0     0     0 1250  313  0  0 49 51  0  0
 0  3      0 2654700  39792 785580    0    0     0    20 1281  331  1  1 48 50  0  0
 0  3      0 2654700  39792 785584    0    0     0     0 1252  306  0  1 49 50  0  0
 0  3      0 2654700  39792 785588    0    0     0     0 1216  296  1  0 49 50  0  0
 0  3      0 2654700  39792 785592    0    0     0     0 1199  308  0  1 49 50  0  0
 0  3      0 2654700  39792 785596    0    0     0     0 1199  303  1  1 49 50  0  0
 0  3      0 2654700  39800 785596    0    0     0    24 1200  309  0  1 49 50  0  0
 0  3      0 2654700  39800 785604    0    0     0     0 1235  301  1  1 49 50  0  0
 0  3      0 2654700  39800 785612    0    0     0     0 1195  306  0  1 49 50  0  0
 0  3      0 2654700  39800 785612    0    0     0     0 1203  323  0  1 49 50  0  0
 0  3      0 2654700  39800 785616    0    0     0     0 1228  307  0  1 49 51  0  0
 0  3      0 2654700  39808 785620    0    0     0    20 1280  354  1  1 49 49  0  0
procs -----------memory---------- ---swap-- -----io---- -system-- -------cpu-------
 r  b   swpd   free   buff  cache   si   so    bi    bo   in   cs us sy id wa st gu
 0  3      0 2654700  39808 785624    0    0     0   176 1215  312  1  1 49 50  0  0
 0  3      0 2654700  39808 785628    0    0     0     0 1234  312  0  1 49 50  0  0
 0  3      0 2654500  39808 785632    0    0     0     0 1275  332  0  1 49 50  0  0
 0  3      0 2654448  39808 785652    0    0     0     0 1299  335  1  1 49 50  0  0
 0  3      0 2654448  39816 785660    0    0     0    32 1261  328  0  1 49 50  0  0
 0  3      0 2654448  39816 785664    0    0     0     0 1217  313  0  0 49 51  0  0
 0  3      0 2654448  39816 785664    0    0     0     0 1195  309  1  1 49 50  0  0
 0  3      0 2654448  39816 785668    0    0     0     0 1231  308  0  1 49 50  0  0
 1  3      0 2654448  39816 785672    0    0     0     0 1237  291  1  1 49 50  0  0
 0  3      0 2654448  39824 785668    0    0     0    20 1239  348  1  1 49 50  0  0
 0  3      0 2654448  39824 785684    0    0     0     0 1209  302  0  1 49 50  0  0
 0  3      0 2654448  39824 785688    0    0     0     0 1220  336  1  1 49 50  0  0
 0  3      0 2654448  39824 785692    0    0     0     0 1199  295  0  1 49 50  0  0
 0  3      0 2654448  39824 785696    0    0     0     0 1219  315  0  1 49 50  0  0
 0  3      0 2654448  39824 785700    0    0     0     0 1181  287  0  1 49 51  0  0
 0  3      0 2654448  39832 785704    0    0     0    20 1257  313  1  1 48 51  0  0
 0  3      0 2654448  39832 785704    0    0     0     0 1251  312  0  1 49 50  0  0
 0  3      0 2654448  39832 785708    0    0     0     0 1249  306  0  1 49 50  0  0
 0  3      0 2654448  39832 785716    0    0     0     0 1228  312  0  2 49 50  0  0
 0  3      0 2654448  39832 785720    0    0     0     0 1256  373  1  1 49 50  0  0
 0  3      0 2654448  39840 785724    0    0     0    20 1255  307  1  1 49 50  0  0
procs -----------memory---------- ---swap-- -----io---- -system-- -------cpu-------
 r  b   swpd   free   buff  cache   si   so    bi    bo   in   cs us sy id wa st gu
 0  3      0 2654448  39840 785728    0    0     0     0 1215  311  0  1 49 50  0  0
 0  3      0 2654448  39840 785732    0    0     0     0 1300  319  0  1 49 50  0  0
 0  3      0 2654448  39840 785736    0    0     0     0 1240  318  1  1 49 50  0  0
 0  3      0 2654448  39840 785748    0    0     0     0 1243  292  0  0 49 51  0  0
 0  3      0 2654448  39848 785752    0    0     0    20 1255  328  1  1 49 50  0  0
 0  3      0 2654448  39848 785752    0    0     0     0 1267  301  0  1 49 50  0  0
 1  3      0 2654448  39848 785756    0    0     0     0 1297  373  0  1 49 50  0  0
 0  3      0 2654448  39848 785760    0    0     0     0 1274  364  1  1 49 50  0  0
 0  3      0 2654448  39848 785764    0    0     0     0 1288  322  1  1 49 50  0  0
 0  3      0 2654448  39856 785760    0    0     0    24 1278  312  0  1 49 50  0  0
 0  3      0 2654448  39856 785764    0    0     0   144 1270  312  0  1 49 50  0  0
 0  3      0 2654448  39856 785780    0    0     0     0 1244  301  0  1 49 51  0  0
 0  3      0 2654448  39856 785784    0    0     0     0 1194  316  1  1 49 50  0  0
 0  3      0 2654448  39856 785788    0    0     0     0 1180  306  0  1 49 50  0  0
 0  3      0 2654448  39864 785792    0    0     0    36 1254  306  1  1 49 50  0  0
 0  3      0 2654448  39864 785792    0    0     0     0 1198  296  0  1 49 50  0  0
 0  3      0 2654448  39864 785796    0    0     0     0 1234  309  0  1 49 51  0  0
 0  3      0 2654448  39864 785800    0    0     0     0 1194  294  1  1 48 50  0  0
 0  3      0 2654248  39864 785804    0    0     0     0 1272  363  1  1 49 50  0  0
 0  3      0 2654196  39864 785812    0    0     0     0 1188  300  0  1 49 50  0  0
 0  3      0 2654196  39872 785816    0    0     0    20 1293  328  0  1 49 50  0  0
procs -----------memory---------- ---swap-- -----io---- -system-- -------cpu-------
 r  b   swpd   free   buff  cache   si   so    bi    bo   in   cs us sy id wa st gu
 0  3      0 2654196  39872 785820    0    0     0     0 1190  311  1  1 48 50  0  0
 0  3      0 2654196  39872 785824    0    0     0     0 1198  310  0  1 49 50  0  0
 0  3      0 2654196  39872 785828    0    0     0     0 1248  303  1  1 49 50  0  0
 0  3      0 2654196  39872 785832    0    0     0     0 1277  323  0  1 49 50  0  0
 0  3      0 2654196  39880 785824    0    0     0    20 1264  304  0  1 49 50  0  0
 0  3      0 2654196  39880 785828    0    0     0     0 1255  303  1  1 49 50  0  0
 0  3      0 2654196  39880 785844    0    0     0     0 1207  294  0  1 49 50  0  0
 0  3      0 2654196  39880 785848    0    0     0     0 1314  463  1  1 49 50  0  0
 0  3      0 2654196  39880 785852    0    0     0     0 1244  317  1  1 49 50  0  0
 0  3      0 2654196  39888 785848    0    0     0    20 1253  330  0  1 49 51  0  0
 0  3      0 2654196  39888 785860    0    0     0     0 1313  311  0  1 49 50  0  0
 0  3      0 2654196  39888 785864    0    0     0     0 1272  308  1  1 49 50  0  0
 0  3      0 2654196  39888 785872    0    0     0     0 1243  296  0  1 49 50  0  0
 0  3      0 2654196  39888 785876    0    0     0     0 1229  294  0  1 49 50  0  0
 0  3      0 2654196  39896 785868    0    0     0    20 1260  333  1  1 49 50  0  0
 0  3      0 2654196  39896 785880    0    0     0     0 1258  296  0  1 49 50  0  0
 0  3      0 2654196  39896 785884    0    0     0     0 1189  304  1  1 49 50  0  0
 0  3      0 2654196  39896 785888    0    0     0     0 1330  346  1  1 48 50  0  0
 0  3      0 2653996  39896 785892    0    0     0     0 1270  318  0  1 49 50  0  0
 0  3      0 2653944  39904 785900    0    0     0   172 1198  324  0  1 49 51  0  0
 0  3      0 2653944  39904 785904    0    0     0     0 1197  334  0  1 49 50  0  0
procs -----------memory---------- ---swap-- -----io---- -system-- -------cpu-------
 r  b   swpd   free   buff  cache   si   so    bi    bo   in   cs us sy id wa st gu
 0  3      0 2653944  39904 785908    0    0     0     0 1224  339  1  1 48 50  0  0
 0  3      0 2653944  39912 785904    0    0     0    44 1269  357  0  1 49 50  0  0
 0  3      0 2653944  39912 785912    0    0     0     0 1219  300  1  1 49 50  0  0
 0  3      0 2653944  39912 785916    0    0     0     0 1207  327  0  1 49 51  0  0
 0  3      0 2653944  39912 785920    0    0     0    28 1229  300  1  1 49 50  0  0
 0  3      0 2653944  39912 785932    0    0     0     0 1223  294  0  1 49 50  0  0
 0  3      0 2653944  39920 785928    0    0     0    20 1339  333  1  1 48 50  0  0
 0  3      0 2653944  39920 785940    0    0     0     0 1191  307  0  1 49 50  0  0
 0  3      0 2653944  39920 785944    0    0     0     0 1189  313  1  1 49 50  0  0
 0  3      0 2653944  39920 785948    0    0     0     0 1235  298  0  1 49 50  0  0
 0  3      0 2653944  39920 785952    0    0     0     0 1301  302  0  1 49 50  0  0
 0  3      0 2653944  39928 785952    0    0     0    20 1207  308  1  1 49 50  0  0
 0  3      0 2653944  39928 785960    0    0     0     0 1183  296  0  1 49 51  0  0
 0  3      0 2653944  39928 785964    0    0     0     0 1288  314  0  1 49 50  0  0
 0  3      0 2653944  39928 785972    0    0     0     0 1298  296  1  1 49 50  0  0
 0  3      0 2653244  39936 785972    0    0     0    36 1302  578  0  2 49 50  0  0
 0  3      0 2652988  39936 785984    0    0     0     0 1321  357  1  1 49 50  0  0
 1  3      0 2652936  39936 785988    0    0     0     0 1312  274  1  1 49 50  0  0
 0  3      0 2652936  39936 785988    0    0     0     0 1259  310  0  0 49 51  0  0
 0  3      0 2652936  39936 785996    0    0     0     0 1186  317  1  1 49 50  0  0
 0  3      0 2652936  39944 785996    0    0     0    40 1307  309  0  0 48 52  0  0
procs -----------memory---------- ---swap-- -----io---- -system-- -------cpu-------
 r  b   swpd   free   buff  cache   si   so    bi    bo   in   cs us sy id wa st gu
 0  3      0 2652936  39944 786004    0    0     0     0 1341  315  1  1 49 50  0  0
 0  3      0 2652936  39944 786008    0    0     0     0 1238  303  0  0 50 50  0  0
 0  3      0 2652936  39944 786008    0    0     0     0 1196  320  1  1 49 50  0  0
 0  3      0 2652936  39944 786016    0    0     0     0 1209  303  0  1 49 50  0  0
 0  3      0 2652936  39952 786012    0    0     0    24 1193  327  1  1 47 51  0  0
 0  3      0 2652936  39952 786020    0    0     0     0 1226  324  1  1 49 50  0  0
 0  3      0 2652936  39952 786032    0    0     0     0 1247  304  0  0 50 50  0  0
 0  3      0 2652936  39952 786032    0    0     0     0 1243  292  1  1 49 50  0  0
 0  3      0 2652936  39952 786032    0    0     0     0 1275  298  0  1 50 50  0  0
 0  3      0 2652936  39960 786036    0    0     0    20 1205  320  0  1 48 51  0  0
 0  3      0 2652936  39960 786044    0    0     0     0 1241  293  0  1 49 50  0  0
 0  3      0 2652936  39960 786048    0    0     0   132 1219  308  0  1 49 50  0  0
 0  3      0 2652936  39960 786048    0    0     0     0 1278  292  1  1 49 50  0  0
 0  3      0 2652936  39960 786048    0    0     0   148 1271  314  1  1 49 50  0  0
 0  3      0 2652936  39968 786052    0    0     0    32 1284  307  0  1 49 50  0  0
 0  3      0 2652936  39968 786068    0    0     0     0 1258  457  0  1 49 50  0  0
 0  3      0 2652736  39968 786068    0    0     0    32 1201  293  1  1 49 50  0  0
 0  3      0 2652684  39968 786076    0    0     0     0 1244  309  0  1 50 50  0  0
 0  3      0 2652684  39968 786080    0    0     0     8 1205  326  0  1 49 50  0  0
 0  3      0 2652684  39976 786076    0    0     0    28 1206  327  1  0 49 51  0  0
 0  3      0 2652684  39976 786084    0    0     0     0 1187  296  0  1 49 50  0  0
procs -----------memory---------- ---swap-- -----io---- -system-- -------cpu-------
 r  b   swpd   free   buff  cache   si   so    bi    bo   in   cs us sy id wa st gu
 0  3      0 2652684  39976 786092    0    0     0     0 1187  319  0  1 49 50  0  0
 0  3      0 2652684  39976 786096    0    0     0     0 1246  292  0  1 49 50  0  0
 0  3      0 2652684  39976 786100    0    0     0     0 1179  298  1  1 48 51  0  0
 0  3      0 2652684  39984 786096    0    0     0    36 1295  425  0  1 49 50  0  0
 0  3      0 2652684  39984 786108    0    0     0    16 1329  334  1  1 48 50  0  0
 0  3      0 2652684  39984 786112    0    0     0     0 1229  297  0  1 49 50  0  0
 0  3      0 2652684  39984 786116    0    0     0     0 1195  302  0  1 49 51  0  0
 0  3      0 2652684  39984 786120    0    0     0     0 1195  299  0  1 49 50  0  0
 0  3      0 2652684  39992 786120    0    0     0    36 1202  329  1  1 48 51  0  0
 0  3      0 2652684  39992 786128    0    0     0     0 1183  305  0  1 49 50  0  0
 0  0      0 2652684  39992 783936    0    0     0     1 1490  737  1  2 62 36  0  0
